[2023-10-01T09:03:52.206-0700] {processor.py:157} INFO - Started process (PID=19452) to work on /Users/sheshmani/Desktop/SESCO/env/lib/python3.9/site-packages/airflow/example_dags/subdags/subdag.py
[2023-10-01T09:03:52.208-0700] {processor.py:829} INFO - Processing file /Users/sheshmani/Desktop/SESCO/env/lib/python3.9/site-packages/airflow/example_dags/subdags/subdag.py for tasks to queue
[2023-10-01T09:03:52.208-0700] {logging_mixin.py:151} INFO - [2023-10-01T09:03:52.208-0700] {dagbag.py:539} INFO - Filling up the DagBag from /Users/sheshmani/Desktop/SESCO/env/lib/python3.9/site-packages/airflow/example_dags/subdags/subdag.py
[2023-10-01T09:03:52.209-0700] {processor.py:841} WARNING - No viable dags retrieved from /Users/sheshmani/Desktop/SESCO/env/lib/python3.9/site-packages/airflow/example_dags/subdags/subdag.py
[2023-10-01T09:03:52.258-0700] {processor.py:179} INFO - Processing /Users/sheshmani/Desktop/SESCO/env/lib/python3.9/site-packages/airflow/example_dags/subdags/subdag.py took 0.053 seconds
[2023-10-01T09:05:01.890-0700] {processor.py:157} INFO - Started process (PID=19638) to work on /Users/sheshmani/Desktop/SESCO/env/lib/python3.9/site-packages/airflow/example_dags/subdags/subdag.py
[2023-10-01T09:05:01.892-0700] {processor.py:829} INFO - Processing file /Users/sheshmani/Desktop/SESCO/env/lib/python3.9/site-packages/airflow/example_dags/subdags/subdag.py for tasks to queue
[2023-10-01T09:05:01.893-0700] {logging_mixin.py:151} INFO - [2023-10-01T09:05:01.893-0700] {dagbag.py:539} INFO - Filling up the DagBag from /Users/sheshmani/Desktop/SESCO/env/lib/python3.9/site-packages/airflow/example_dags/subdags/subdag.py
[2023-10-01T09:05:01.894-0700] {processor.py:841} WARNING - No viable dags retrieved from /Users/sheshmani/Desktop/SESCO/env/lib/python3.9/site-packages/airflow/example_dags/subdags/subdag.py
[2023-10-01T09:05:01.946-0700] {processor.py:179} INFO - Processing /Users/sheshmani/Desktop/SESCO/env/lib/python3.9/site-packages/airflow/example_dags/subdags/subdag.py took 0.056 seconds
[2023-10-01T09:05:37.737-0700] {processor.py:157} INFO - Started process (PID=19690) to work on /Users/sheshmani/Desktop/SESCO/env/lib/python3.9/site-packages/airflow/example_dags/subdags/subdag.py
[2023-10-01T09:05:37.741-0700] {processor.py:829} INFO - Processing file /Users/sheshmani/Desktop/SESCO/env/lib/python3.9/site-packages/airflow/example_dags/subdags/subdag.py for tasks to queue
[2023-10-01T09:05:37.741-0700] {logging_mixin.py:151} INFO - [2023-10-01T09:05:37.741-0700] {dagbag.py:539} INFO - Filling up the DagBag from /Users/sheshmani/Desktop/SESCO/env/lib/python3.9/site-packages/airflow/example_dags/subdags/subdag.py
[2023-10-01T09:05:37.742-0700] {processor.py:841} WARNING - No viable dags retrieved from /Users/sheshmani/Desktop/SESCO/env/lib/python3.9/site-packages/airflow/example_dags/subdags/subdag.py
[2023-10-01T09:05:37.792-0700] {processor.py:179} INFO - Processing /Users/sheshmani/Desktop/SESCO/env/lib/python3.9/site-packages/airflow/example_dags/subdags/subdag.py took 0.056 seconds
[2023-10-01T09:06:13.587-0700] {processor.py:157} INFO - Started process (PID=19766) to work on /Users/sheshmani/Desktop/SESCO/env/lib/python3.9/site-packages/airflow/example_dags/subdags/subdag.py
[2023-10-01T09:06:13.590-0700] {processor.py:829} INFO - Processing file /Users/sheshmani/Desktop/SESCO/env/lib/python3.9/site-packages/airflow/example_dags/subdags/subdag.py for tasks to queue
[2023-10-01T09:06:13.590-0700] {logging_mixin.py:151} INFO - [2023-10-01T09:06:13.590-0700] {dagbag.py:539} INFO - Filling up the DagBag from /Users/sheshmani/Desktop/SESCO/env/lib/python3.9/site-packages/airflow/example_dags/subdags/subdag.py
[2023-10-01T09:06:13.591-0700] {processor.py:841} WARNING - No viable dags retrieved from /Users/sheshmani/Desktop/SESCO/env/lib/python3.9/site-packages/airflow/example_dags/subdags/subdag.py
[2023-10-01T09:06:13.641-0700] {processor.py:179} INFO - Processing /Users/sheshmani/Desktop/SESCO/env/lib/python3.9/site-packages/airflow/example_dags/subdags/subdag.py took 0.054 seconds
[2023-10-01T09:06:50.302-0700] {processor.py:157} INFO - Started process (PID=19826) to work on /Users/sheshmani/Desktop/SESCO/env/lib/python3.9/site-packages/airflow/example_dags/subdags/subdag.py
[2023-10-01T09:06:50.304-0700] {processor.py:829} INFO - Processing file /Users/sheshmani/Desktop/SESCO/env/lib/python3.9/site-packages/airflow/example_dags/subdags/subdag.py for tasks to queue
[2023-10-01T09:06:50.304-0700] {logging_mixin.py:151} INFO - [2023-10-01T09:06:50.304-0700] {dagbag.py:539} INFO - Filling up the DagBag from /Users/sheshmani/Desktop/SESCO/env/lib/python3.9/site-packages/airflow/example_dags/subdags/subdag.py
[2023-10-01T09:06:50.305-0700] {processor.py:841} WARNING - No viable dags retrieved from /Users/sheshmani/Desktop/SESCO/env/lib/python3.9/site-packages/airflow/example_dags/subdags/subdag.py
[2023-10-01T09:06:50.354-0700] {processor.py:179} INFO - Processing /Users/sheshmani/Desktop/SESCO/env/lib/python3.9/site-packages/airflow/example_dags/subdags/subdag.py took 0.052 seconds
[2023-10-01T09:07:31.968-0700] {processor.py:157} INFO - Started process (PID=19887) to work on /Users/sheshmani/Desktop/SESCO/env/lib/python3.9/site-packages/airflow/example_dags/subdags/subdag.py
[2023-10-01T09:07:31.970-0700] {processor.py:829} INFO - Processing file /Users/sheshmani/Desktop/SESCO/env/lib/python3.9/site-packages/airflow/example_dags/subdags/subdag.py for tasks to queue
[2023-10-01T09:07:31.970-0700] {logging_mixin.py:151} INFO - [2023-10-01T09:07:31.970-0700] {dagbag.py:539} INFO - Filling up the DagBag from /Users/sheshmani/Desktop/SESCO/env/lib/python3.9/site-packages/airflow/example_dags/subdags/subdag.py
[2023-10-01T09:07:31.971-0700] {processor.py:841} WARNING - No viable dags retrieved from /Users/sheshmani/Desktop/SESCO/env/lib/python3.9/site-packages/airflow/example_dags/subdags/subdag.py
[2023-10-01T09:07:32.023-0700] {processor.py:179} INFO - Processing /Users/sheshmani/Desktop/SESCO/env/lib/python3.9/site-packages/airflow/example_dags/subdags/subdag.py took 0.056 seconds
[2023-10-01T09:08:14.448-0700] {processor.py:157} INFO - Started process (PID=19934) to work on /Users/sheshmani/Desktop/SESCO/env/lib/python3.9/site-packages/airflow/example_dags/subdags/subdag.py
[2023-10-01T09:08:14.451-0700] {processor.py:829} INFO - Processing file /Users/sheshmani/Desktop/SESCO/env/lib/python3.9/site-packages/airflow/example_dags/subdags/subdag.py for tasks to queue
[2023-10-01T09:08:14.451-0700] {logging_mixin.py:151} INFO - [2023-10-01T09:08:14.451-0700] {dagbag.py:539} INFO - Filling up the DagBag from /Users/sheshmani/Desktop/SESCO/env/lib/python3.9/site-packages/airflow/example_dags/subdags/subdag.py
[2023-10-01T09:08:14.454-0700] {processor.py:841} WARNING - No viable dags retrieved from /Users/sheshmani/Desktop/SESCO/env/lib/python3.9/site-packages/airflow/example_dags/subdags/subdag.py
[2023-10-01T09:08:14.527-0700] {processor.py:179} INFO - Processing /Users/sheshmani/Desktop/SESCO/env/lib/python3.9/site-packages/airflow/example_dags/subdags/subdag.py took 0.081 seconds
[2023-10-01T09:08:53.490-0700] {processor.py:157} INFO - Started process (PID=19975) to work on /Users/sheshmani/Desktop/SESCO/env/lib/python3.9/site-packages/airflow/example_dags/subdags/subdag.py
[2023-10-01T09:08:53.492-0700] {processor.py:829} INFO - Processing file /Users/sheshmani/Desktop/SESCO/env/lib/python3.9/site-packages/airflow/example_dags/subdags/subdag.py for tasks to queue
[2023-10-01T09:08:53.492-0700] {logging_mixin.py:151} INFO - [2023-10-01T09:08:53.492-0700] {dagbag.py:539} INFO - Filling up the DagBag from /Users/sheshmani/Desktop/SESCO/env/lib/python3.9/site-packages/airflow/example_dags/subdags/subdag.py
[2023-10-01T09:08:53.493-0700] {processor.py:841} WARNING - No viable dags retrieved from /Users/sheshmani/Desktop/SESCO/env/lib/python3.9/site-packages/airflow/example_dags/subdags/subdag.py
[2023-10-01T09:08:53.543-0700] {processor.py:179} INFO - Processing /Users/sheshmani/Desktop/SESCO/env/lib/python3.9/site-packages/airflow/example_dags/subdags/subdag.py took 0.053 seconds
[2023-10-01T09:09:32.991-0700] {processor.py:157} INFO - Started process (PID=20042) to work on /Users/sheshmani/Desktop/SESCO/env/lib/python3.9/site-packages/airflow/example_dags/subdags/subdag.py
[2023-10-01T09:09:32.994-0700] {processor.py:829} INFO - Processing file /Users/sheshmani/Desktop/SESCO/env/lib/python3.9/site-packages/airflow/example_dags/subdags/subdag.py for tasks to queue
[2023-10-01T09:09:32.994-0700] {logging_mixin.py:151} INFO - [2023-10-01T09:09:32.994-0700] {dagbag.py:539} INFO - Filling up the DagBag from /Users/sheshmani/Desktop/SESCO/env/lib/python3.9/site-packages/airflow/example_dags/subdags/subdag.py
[2023-10-01T09:09:32.994-0700] {processor.py:841} WARNING - No viable dags retrieved from /Users/sheshmani/Desktop/SESCO/env/lib/python3.9/site-packages/airflow/example_dags/subdags/subdag.py
[2023-10-01T09:09:33.047-0700] {processor.py:179} INFO - Processing /Users/sheshmani/Desktop/SESCO/env/lib/python3.9/site-packages/airflow/example_dags/subdags/subdag.py took 0.056 seconds
[2023-10-01T09:10:13.962-0700] {processor.py:157} INFO - Started process (PID=20092) to work on /Users/sheshmani/Desktop/SESCO/env/lib/python3.9/site-packages/airflow/example_dags/subdags/subdag.py
[2023-10-01T09:10:13.965-0700] {processor.py:829} INFO - Processing file /Users/sheshmani/Desktop/SESCO/env/lib/python3.9/site-packages/airflow/example_dags/subdags/subdag.py for tasks to queue
[2023-10-01T09:10:13.965-0700] {logging_mixin.py:151} INFO - [2023-10-01T09:10:13.965-0700] {dagbag.py:539} INFO - Filling up the DagBag from /Users/sheshmani/Desktop/SESCO/env/lib/python3.9/site-packages/airflow/example_dags/subdags/subdag.py
[2023-10-01T09:10:13.966-0700] {processor.py:841} WARNING - No viable dags retrieved from /Users/sheshmani/Desktop/SESCO/env/lib/python3.9/site-packages/airflow/example_dags/subdags/subdag.py
[2023-10-01T09:10:14.019-0700] {processor.py:179} INFO - Processing /Users/sheshmani/Desktop/SESCO/env/lib/python3.9/site-packages/airflow/example_dags/subdags/subdag.py took 0.056 seconds
[2023-10-01T09:10:50.416-0700] {processor.py:157} INFO - Started process (PID=20136) to work on /Users/sheshmani/Desktop/SESCO/env/lib/python3.9/site-packages/airflow/example_dags/subdags/subdag.py
[2023-10-01T09:10:50.419-0700] {processor.py:829} INFO - Processing file /Users/sheshmani/Desktop/SESCO/env/lib/python3.9/site-packages/airflow/example_dags/subdags/subdag.py for tasks to queue
[2023-10-01T09:10:50.419-0700] {logging_mixin.py:151} INFO - [2023-10-01T09:10:50.419-0700] {dagbag.py:539} INFO - Filling up the DagBag from /Users/sheshmani/Desktop/SESCO/env/lib/python3.9/site-packages/airflow/example_dags/subdags/subdag.py
[2023-10-01T09:10:50.420-0700] {processor.py:841} WARNING - No viable dags retrieved from /Users/sheshmani/Desktop/SESCO/env/lib/python3.9/site-packages/airflow/example_dags/subdags/subdag.py
[2023-10-01T09:10:50.469-0700] {processor.py:179} INFO - Processing /Users/sheshmani/Desktop/SESCO/env/lib/python3.9/site-packages/airflow/example_dags/subdags/subdag.py took 0.053 seconds
