[2023-10-01T09:03:56.524-0700] {processor.py:157} INFO - Started process (PID=19480) to work on /Users/sheshmani/Desktop/SESCO/env/lib/python3.9/site-packages/airflow/example_dags/plugins/event_listener.py
[2023-10-01T09:03:56.526-0700] {processor.py:829} INFO - Processing file /Users/sheshmani/Desktop/SESCO/env/lib/python3.9/site-packages/airflow/example_dags/plugins/event_listener.py for tasks to queue
[2023-10-01T09:03:56.526-0700] {logging_mixin.py:151} INFO - [2023-10-01T09:03:56.526-0700] {dagbag.py:539} INFO - Filling up the DagBag from /Users/sheshmani/Desktop/SESCO/env/lib/python3.9/site-packages/airflow/example_dags/plugins/event_listener.py
[2023-10-01T09:03:56.526-0700] {processor.py:841} WARNING - No viable dags retrieved from /Users/sheshmani/Desktop/SESCO/env/lib/python3.9/site-packages/airflow/example_dags/plugins/event_listener.py
[2023-10-01T09:03:56.579-0700] {processor.py:179} INFO - Processing /Users/sheshmani/Desktop/SESCO/env/lib/python3.9/site-packages/airflow/example_dags/plugins/event_listener.py took 0.055 seconds
[2023-10-01T09:05:05.739-0700] {processor.py:157} INFO - Started process (PID=19649) to work on /Users/sheshmani/Desktop/SESCO/env/lib/python3.9/site-packages/airflow/example_dags/plugins/event_listener.py
[2023-10-01T09:05:05.741-0700] {processor.py:829} INFO - Processing file /Users/sheshmani/Desktop/SESCO/env/lib/python3.9/site-packages/airflow/example_dags/plugins/event_listener.py for tasks to queue
[2023-10-01T09:05:05.742-0700] {logging_mixin.py:151} INFO - [2023-10-01T09:05:05.742-0700] {dagbag.py:539} INFO - Filling up the DagBag from /Users/sheshmani/Desktop/SESCO/env/lib/python3.9/site-packages/airflow/example_dags/plugins/event_listener.py
[2023-10-01T09:05:05.742-0700] {processor.py:841} WARNING - No viable dags retrieved from /Users/sheshmani/Desktop/SESCO/env/lib/python3.9/site-packages/airflow/example_dags/plugins/event_listener.py
[2023-10-01T09:05:05.808-0700] {processor.py:179} INFO - Processing /Users/sheshmani/Desktop/SESCO/env/lib/python3.9/site-packages/airflow/example_dags/plugins/event_listener.py took 0.069 seconds
[2023-10-01T09:05:42.453-0700] {processor.py:157} INFO - Started process (PID=19701) to work on /Users/sheshmani/Desktop/SESCO/env/lib/python3.9/site-packages/airflow/example_dags/plugins/event_listener.py
[2023-10-01T09:05:42.455-0700] {processor.py:829} INFO - Processing file /Users/sheshmani/Desktop/SESCO/env/lib/python3.9/site-packages/airflow/example_dags/plugins/event_listener.py for tasks to queue
[2023-10-01T09:05:42.456-0700] {logging_mixin.py:151} INFO - [2023-10-01T09:05:42.456-0700] {dagbag.py:539} INFO - Filling up the DagBag from /Users/sheshmani/Desktop/SESCO/env/lib/python3.9/site-packages/airflow/example_dags/plugins/event_listener.py
[2023-10-01T09:05:42.456-0700] {processor.py:841} WARNING - No viable dags retrieved from /Users/sheshmani/Desktop/SESCO/env/lib/python3.9/site-packages/airflow/example_dags/plugins/event_listener.py
[2023-10-01T09:05:42.506-0700] {processor.py:179} INFO - Processing /Users/sheshmani/Desktop/SESCO/env/lib/python3.9/site-packages/airflow/example_dags/plugins/event_listener.py took 0.053 seconds
[2023-10-01T09:06:54.217-0700] {processor.py:157} INFO - Started process (PID=19830) to work on /Users/sheshmani/Desktop/SESCO/env/lib/python3.9/site-packages/airflow/example_dags/plugins/event_listener.py
[2023-10-01T09:06:54.220-0700] {processor.py:829} INFO - Processing file /Users/sheshmani/Desktop/SESCO/env/lib/python3.9/site-packages/airflow/example_dags/plugins/event_listener.py for tasks to queue
[2023-10-01T09:06:54.220-0700] {logging_mixin.py:151} INFO - [2023-10-01T09:06:54.220-0700] {dagbag.py:539} INFO - Filling up the DagBag from /Users/sheshmani/Desktop/SESCO/env/lib/python3.9/site-packages/airflow/example_dags/plugins/event_listener.py
[2023-10-01T09:06:54.220-0700] {processor.py:841} WARNING - No viable dags retrieved from /Users/sheshmani/Desktop/SESCO/env/lib/python3.9/site-packages/airflow/example_dags/plugins/event_listener.py
[2023-10-01T09:06:54.269-0700] {processor.py:179} INFO - Processing /Users/sheshmani/Desktop/SESCO/env/lib/python3.9/site-packages/airflow/example_dags/plugins/event_listener.py took 0.053 seconds
[2023-10-01T09:07:36.741-0700] {processor.py:157} INFO - Started process (PID=19895) to work on /Users/sheshmani/Desktop/SESCO/env/lib/python3.9/site-packages/airflow/example_dags/plugins/event_listener.py
[2023-10-01T09:07:36.743-0700] {processor.py:829} INFO - Processing file /Users/sheshmani/Desktop/SESCO/env/lib/python3.9/site-packages/airflow/example_dags/plugins/event_listener.py for tasks to queue
[2023-10-01T09:07:36.744-0700] {logging_mixin.py:151} INFO - [2023-10-01T09:07:36.744-0700] {dagbag.py:539} INFO - Filling up the DagBag from /Users/sheshmani/Desktop/SESCO/env/lib/python3.9/site-packages/airflow/example_dags/plugins/event_listener.py
[2023-10-01T09:07:36.744-0700] {processor.py:841} WARNING - No viable dags retrieved from /Users/sheshmani/Desktop/SESCO/env/lib/python3.9/site-packages/airflow/example_dags/plugins/event_listener.py
[2023-10-01T09:07:36.796-0700] {processor.py:179} INFO - Processing /Users/sheshmani/Desktop/SESCO/env/lib/python3.9/site-packages/airflow/example_dags/plugins/event_listener.py took 0.055 seconds
[2023-10-01T09:08:19.342-0700] {processor.py:157} INFO - Started process (PID=19938) to work on /Users/sheshmani/Desktop/SESCO/env/lib/python3.9/site-packages/airflow/example_dags/plugins/event_listener.py
[2023-10-01T09:08:19.346-0700] {processor.py:829} INFO - Processing file /Users/sheshmani/Desktop/SESCO/env/lib/python3.9/site-packages/airflow/example_dags/plugins/event_listener.py for tasks to queue
[2023-10-01T09:08:19.347-0700] {logging_mixin.py:151} INFO - [2023-10-01T09:08:19.347-0700] {dagbag.py:539} INFO - Filling up the DagBag from /Users/sheshmani/Desktop/SESCO/env/lib/python3.9/site-packages/airflow/example_dags/plugins/event_listener.py
[2023-10-01T09:08:19.348-0700] {processor.py:841} WARNING - No viable dags retrieved from /Users/sheshmani/Desktop/SESCO/env/lib/python3.9/site-packages/airflow/example_dags/plugins/event_listener.py
[2023-10-01T09:08:19.428-0700] {processor.py:179} INFO - Processing /Users/sheshmani/Desktop/SESCO/env/lib/python3.9/site-packages/airflow/example_dags/plugins/event_listener.py took 0.086 seconds
[2023-10-01T09:08:57.301-0700] {processor.py:157} INFO - Started process (PID=19982) to work on /Users/sheshmani/Desktop/SESCO/env/lib/python3.9/site-packages/airflow/example_dags/plugins/event_listener.py
[2023-10-01T09:08:57.303-0700] {processor.py:829} INFO - Processing file /Users/sheshmani/Desktop/SESCO/env/lib/python3.9/site-packages/airflow/example_dags/plugins/event_listener.py for tasks to queue
[2023-10-01T09:08:57.303-0700] {logging_mixin.py:151} INFO - [2023-10-01T09:08:57.303-0700] {dagbag.py:539} INFO - Filling up the DagBag from /Users/sheshmani/Desktop/SESCO/env/lib/python3.9/site-packages/airflow/example_dags/plugins/event_listener.py
[2023-10-01T09:08:57.305-0700] {processor.py:841} WARNING - No viable dags retrieved from /Users/sheshmani/Desktop/SESCO/env/lib/python3.9/site-packages/airflow/example_dags/plugins/event_listener.py
[2023-10-01T09:08:57.357-0700] {processor.py:179} INFO - Processing /Users/sheshmani/Desktop/SESCO/env/lib/python3.9/site-packages/airflow/example_dags/plugins/event_listener.py took 0.056 seconds
[2023-10-01T09:09:38.086-0700] {processor.py:157} INFO - Started process (PID=20045) to work on /Users/sheshmani/Desktop/SESCO/env/lib/python3.9/site-packages/airflow/example_dags/plugins/event_listener.py
[2023-10-01T09:09:38.089-0700] {processor.py:829} INFO - Processing file /Users/sheshmani/Desktop/SESCO/env/lib/python3.9/site-packages/airflow/example_dags/plugins/event_listener.py for tasks to queue
[2023-10-01T09:09:38.089-0700] {logging_mixin.py:151} INFO - [2023-10-01T09:09:38.089-0700] {dagbag.py:539} INFO - Filling up the DagBag from /Users/sheshmani/Desktop/SESCO/env/lib/python3.9/site-packages/airflow/example_dags/plugins/event_listener.py
[2023-10-01T09:09:38.089-0700] {processor.py:841} WARNING - No viable dags retrieved from /Users/sheshmani/Desktop/SESCO/env/lib/python3.9/site-packages/airflow/example_dags/plugins/event_listener.py
[2023-10-01T09:09:38.148-0700] {processor.py:179} INFO - Processing /Users/sheshmani/Desktop/SESCO/env/lib/python3.9/site-packages/airflow/example_dags/plugins/event_listener.py took 0.063 seconds
[2023-10-01T09:10:17.952-0700] {processor.py:157} INFO - Started process (PID=20098) to work on /Users/sheshmani/Desktop/SESCO/env/lib/python3.9/site-packages/airflow/example_dags/plugins/event_listener.py
[2023-10-01T09:10:17.955-0700] {processor.py:829} INFO - Processing file /Users/sheshmani/Desktop/SESCO/env/lib/python3.9/site-packages/airflow/example_dags/plugins/event_listener.py for tasks to queue
[2023-10-01T09:10:17.955-0700] {logging_mixin.py:151} INFO - [2023-10-01T09:10:17.955-0700] {dagbag.py:539} INFO - Filling up the DagBag from /Users/sheshmani/Desktop/SESCO/env/lib/python3.9/site-packages/airflow/example_dags/plugins/event_listener.py
[2023-10-01T09:10:17.955-0700] {processor.py:841} WARNING - No viable dags retrieved from /Users/sheshmani/Desktop/SESCO/env/lib/python3.9/site-packages/airflow/example_dags/plugins/event_listener.py
[2023-10-01T09:10:18.004-0700] {processor.py:179} INFO - Processing /Users/sheshmani/Desktop/SESCO/env/lib/python3.9/site-packages/airflow/example_dags/plugins/event_listener.py took 0.052 seconds
