[2023-10-01T09:03:54.932-0700] {processor.py:157} INFO - Started process (PID=19473) to work on /Users/sheshmani/Desktop/SESCO/env/lib/python3.9/site-packages/airflow/example_dags/plugins/listener_plugin.py
[2023-10-01T09:03:54.934-0700] {processor.py:829} INFO - Processing file /Users/sheshmani/Desktop/SESCO/env/lib/python3.9/site-packages/airflow/example_dags/plugins/listener_plugin.py for tasks to queue
[2023-10-01T09:03:54.934-0700] {logging_mixin.py:151} INFO - [2023-10-01T09:03:54.934-0700] {dagbag.py:539} INFO - Filling up the DagBag from /Users/sheshmani/Desktop/SESCO/env/lib/python3.9/site-packages/airflow/example_dags/plugins/listener_plugin.py
[2023-10-01T09:03:54.934-0700] {processor.py:841} WARNING - No viable dags retrieved from /Users/sheshmani/Desktop/SESCO/env/lib/python3.9/site-packages/airflow/example_dags/plugins/listener_plugin.py
[2023-10-01T09:03:54.987-0700] {processor.py:179} INFO - Processing /Users/sheshmani/Desktop/SESCO/env/lib/python3.9/site-packages/airflow/example_dags/plugins/listener_plugin.py took 0.056 seconds
[2023-10-01T09:05:04.117-0700] {processor.py:157} INFO - Started process (PID=19643) to work on /Users/sheshmani/Desktop/SESCO/env/lib/python3.9/site-packages/airflow/example_dags/plugins/listener_plugin.py
[2023-10-01T09:05:04.119-0700] {processor.py:829} INFO - Processing file /Users/sheshmani/Desktop/SESCO/env/lib/python3.9/site-packages/airflow/example_dags/plugins/listener_plugin.py for tasks to queue
[2023-10-01T09:05:04.119-0700] {logging_mixin.py:151} INFO - [2023-10-01T09:05:04.119-0700] {dagbag.py:539} INFO - Filling up the DagBag from /Users/sheshmani/Desktop/SESCO/env/lib/python3.9/site-packages/airflow/example_dags/plugins/listener_plugin.py
[2023-10-01T09:05:04.121-0700] {processor.py:841} WARNING - No viable dags retrieved from /Users/sheshmani/Desktop/SESCO/env/lib/python3.9/site-packages/airflow/example_dags/plugins/listener_plugin.py
[2023-10-01T09:05:04.171-0700] {processor.py:179} INFO - Processing /Users/sheshmani/Desktop/SESCO/env/lib/python3.9/site-packages/airflow/example_dags/plugins/listener_plugin.py took 0.054 seconds
[2023-10-01T09:05:40.857-0700] {processor.py:157} INFO - Started process (PID=19700) to work on /Users/sheshmani/Desktop/SESCO/env/lib/python3.9/site-packages/airflow/example_dags/plugins/listener_plugin.py
[2023-10-01T09:05:40.860-0700] {processor.py:829} INFO - Processing file /Users/sheshmani/Desktop/SESCO/env/lib/python3.9/site-packages/airflow/example_dags/plugins/listener_plugin.py for tasks to queue
[2023-10-01T09:05:40.860-0700] {logging_mixin.py:151} INFO - [2023-10-01T09:05:40.860-0700] {dagbag.py:539} INFO - Filling up the DagBag from /Users/sheshmani/Desktop/SESCO/env/lib/python3.9/site-packages/airflow/example_dags/plugins/listener_plugin.py
[2023-10-01T09:05:40.862-0700] {processor.py:841} WARNING - No viable dags retrieved from /Users/sheshmani/Desktop/SESCO/env/lib/python3.9/site-packages/airflow/example_dags/plugins/listener_plugin.py
[2023-10-01T09:05:40.912-0700] {processor.py:179} INFO - Processing /Users/sheshmani/Desktop/SESCO/env/lib/python3.9/site-packages/airflow/example_dags/plugins/listener_plugin.py took 0.055 seconds
[2023-10-01T09:06:15.968-0700] {processor.py:157} INFO - Started process (PID=19777) to work on /Users/sheshmani/Desktop/SESCO/env/lib/python3.9/site-packages/airflow/example_dags/plugins/listener_plugin.py
[2023-10-01T09:06:15.971-0700] {processor.py:829} INFO - Processing file /Users/sheshmani/Desktop/SESCO/env/lib/python3.9/site-packages/airflow/example_dags/plugins/listener_plugin.py for tasks to queue
[2023-10-01T09:06:15.971-0700] {logging_mixin.py:151} INFO - [2023-10-01T09:06:15.971-0700] {dagbag.py:539} INFO - Filling up the DagBag from /Users/sheshmani/Desktop/SESCO/env/lib/python3.9/site-packages/airflow/example_dags/plugins/listener_plugin.py
[2023-10-01T09:06:15.972-0700] {processor.py:841} WARNING - No viable dags retrieved from /Users/sheshmani/Desktop/SESCO/env/lib/python3.9/site-packages/airflow/example_dags/plugins/listener_plugin.py
[2023-10-01T09:06:16.023-0700] {processor.py:179} INFO - Processing /Users/sheshmani/Desktop/SESCO/env/lib/python3.9/site-packages/airflow/example_dags/plugins/listener_plugin.py took 0.055 seconds
[2023-10-01T09:06:52.651-0700] {processor.py:157} INFO - Started process (PID=19828) to work on /Users/sheshmani/Desktop/SESCO/env/lib/python3.9/site-packages/airflow/example_dags/plugins/listener_plugin.py
[2023-10-01T09:06:52.653-0700] {processor.py:829} INFO - Processing file /Users/sheshmani/Desktop/SESCO/env/lib/python3.9/site-packages/airflow/example_dags/plugins/listener_plugin.py for tasks to queue
[2023-10-01T09:06:52.654-0700] {logging_mixin.py:151} INFO - [2023-10-01T09:06:52.654-0700] {dagbag.py:539} INFO - Filling up the DagBag from /Users/sheshmani/Desktop/SESCO/env/lib/python3.9/site-packages/airflow/example_dags/plugins/listener_plugin.py
[2023-10-01T09:06:52.655-0700] {processor.py:841} WARNING - No viable dags retrieved from /Users/sheshmani/Desktop/SESCO/env/lib/python3.9/site-packages/airflow/example_dags/plugins/listener_plugin.py
[2023-10-01T09:06:52.704-0700] {processor.py:179} INFO - Processing /Users/sheshmani/Desktop/SESCO/env/lib/python3.9/site-packages/airflow/example_dags/plugins/listener_plugin.py took 0.053 seconds
[2023-10-01T09:07:35.128-0700] {processor.py:157} INFO - Started process (PID=19892) to work on /Users/sheshmani/Desktop/SESCO/env/lib/python3.9/site-packages/airflow/example_dags/plugins/listener_plugin.py
[2023-10-01T09:07:35.131-0700] {processor.py:829} INFO - Processing file /Users/sheshmani/Desktop/SESCO/env/lib/python3.9/site-packages/airflow/example_dags/plugins/listener_plugin.py for tasks to queue
[2023-10-01T09:07:35.131-0700] {logging_mixin.py:151} INFO - [2023-10-01T09:07:35.131-0700] {dagbag.py:539} INFO - Filling up the DagBag from /Users/sheshmani/Desktop/SESCO/env/lib/python3.9/site-packages/airflow/example_dags/plugins/listener_plugin.py
[2023-10-01T09:07:35.133-0700] {processor.py:841} WARNING - No viable dags retrieved from /Users/sheshmani/Desktop/SESCO/env/lib/python3.9/site-packages/airflow/example_dags/plugins/listener_plugin.py
[2023-10-01T09:07:35.186-0700] {processor.py:179} INFO - Processing /Users/sheshmani/Desktop/SESCO/env/lib/python3.9/site-packages/airflow/example_dags/plugins/listener_plugin.py took 0.058 seconds
[2023-10-01T09:08:17.586-0700] {processor.py:157} INFO - Started process (PID=19937) to work on /Users/sheshmani/Desktop/SESCO/env/lib/python3.9/site-packages/airflow/example_dags/plugins/listener_plugin.py
[2023-10-01T09:08:17.589-0700] {processor.py:829} INFO - Processing file /Users/sheshmani/Desktop/SESCO/env/lib/python3.9/site-packages/airflow/example_dags/plugins/listener_plugin.py for tasks to queue
[2023-10-01T09:08:17.589-0700] {logging_mixin.py:151} INFO - [2023-10-01T09:08:17.589-0700] {dagbag.py:539} INFO - Filling up the DagBag from /Users/sheshmani/Desktop/SESCO/env/lib/python3.9/site-packages/airflow/example_dags/plugins/listener_plugin.py
[2023-10-01T09:08:17.591-0700] {processor.py:841} WARNING - No viable dags retrieved from /Users/sheshmani/Desktop/SESCO/env/lib/python3.9/site-packages/airflow/example_dags/plugins/listener_plugin.py
[2023-10-01T09:08:17.645-0700] {processor.py:179} INFO - Processing /Users/sheshmani/Desktop/SESCO/env/lib/python3.9/site-packages/airflow/example_dags/plugins/listener_plugin.py took 0.059 seconds
[2023-10-01T09:08:55.667-0700] {processor.py:157} INFO - Started process (PID=19977) to work on /Users/sheshmani/Desktop/SESCO/env/lib/python3.9/site-packages/airflow/example_dags/plugins/listener_plugin.py
[2023-10-01T09:08:55.669-0700] {processor.py:829} INFO - Processing file /Users/sheshmani/Desktop/SESCO/env/lib/python3.9/site-packages/airflow/example_dags/plugins/listener_plugin.py for tasks to queue
[2023-10-01T09:08:55.669-0700] {logging_mixin.py:151} INFO - [2023-10-01T09:08:55.669-0700] {dagbag.py:539} INFO - Filling up the DagBag from /Users/sheshmani/Desktop/SESCO/env/lib/python3.9/site-packages/airflow/example_dags/plugins/listener_plugin.py
[2023-10-01T09:08:55.670-0700] {processor.py:841} WARNING - No viable dags retrieved from /Users/sheshmani/Desktop/SESCO/env/lib/python3.9/site-packages/airflow/example_dags/plugins/listener_plugin.py
[2023-10-01T09:08:55.721-0700] {processor.py:179} INFO - Processing /Users/sheshmani/Desktop/SESCO/env/lib/python3.9/site-packages/airflow/example_dags/plugins/listener_plugin.py took 0.055 seconds
[2023-10-01T09:09:36.461-0700] {processor.py:157} INFO - Started process (PID=20044) to work on /Users/sheshmani/Desktop/SESCO/env/lib/python3.9/site-packages/airflow/example_dags/plugins/listener_plugin.py
[2023-10-01T09:09:36.464-0700] {processor.py:829} INFO - Processing file /Users/sheshmani/Desktop/SESCO/env/lib/python3.9/site-packages/airflow/example_dags/plugins/listener_plugin.py for tasks to queue
[2023-10-01T09:09:36.464-0700] {logging_mixin.py:151} INFO - [2023-10-01T09:09:36.464-0700] {dagbag.py:539} INFO - Filling up the DagBag from /Users/sheshmani/Desktop/SESCO/env/lib/python3.9/site-packages/airflow/example_dags/plugins/listener_plugin.py
[2023-10-01T09:09:36.465-0700] {processor.py:841} WARNING - No viable dags retrieved from /Users/sheshmani/Desktop/SESCO/env/lib/python3.9/site-packages/airflow/example_dags/plugins/listener_plugin.py
[2023-10-01T09:09:36.514-0700] {processor.py:179} INFO - Processing /Users/sheshmani/Desktop/SESCO/env/lib/python3.9/site-packages/airflow/example_dags/plugins/listener_plugin.py took 0.052 seconds
[2023-10-01T09:10:16.394-0700] {processor.py:157} INFO - Started process (PID=20097) to work on /Users/sheshmani/Desktop/SESCO/env/lib/python3.9/site-packages/airflow/example_dags/plugins/listener_plugin.py
[2023-10-01T09:10:16.397-0700] {processor.py:829} INFO - Processing file /Users/sheshmani/Desktop/SESCO/env/lib/python3.9/site-packages/airflow/example_dags/plugins/listener_plugin.py for tasks to queue
[2023-10-01T09:10:16.397-0700] {logging_mixin.py:151} INFO - [2023-10-01T09:10:16.397-0700] {dagbag.py:539} INFO - Filling up the DagBag from /Users/sheshmani/Desktop/SESCO/env/lib/python3.9/site-packages/airflow/example_dags/plugins/listener_plugin.py
[2023-10-01T09:10:16.399-0700] {processor.py:841} WARNING - No viable dags retrieved from /Users/sheshmani/Desktop/SESCO/env/lib/python3.9/site-packages/airflow/example_dags/plugins/listener_plugin.py
[2023-10-01T09:10:16.447-0700] {processor.py:179} INFO - Processing /Users/sheshmani/Desktop/SESCO/env/lib/python3.9/site-packages/airflow/example_dags/plugins/listener_plugin.py took 0.053 seconds
