[2023-10-01T09:04:43.723-0700] {processor.py:157} INFO - Started process (PID=19556) to work on /Users/sheshmani/Desktop/SESCO/env/lib/python3.9/site-packages/airflow/example_dags/example_dynamic_task_mapping.py
[2023-10-01T09:04:43.725-0700] {processor.py:829} INFO - Processing file /Users/sheshmani/Desktop/SESCO/env/lib/python3.9/site-packages/airflow/example_dags/example_dynamic_task_mapping.py for tasks to queue
[2023-10-01T09:04:43.725-0700] {logging_mixin.py:151} INFO - [2023-10-01T09:04:43.725-0700] {dagbag.py:539} INFO - Filling up the DagBag from /Users/sheshmani/Desktop/SESCO/env/lib/python3.9/site-packages/airflow/example_dags/example_dynamic_task_mapping.py
[2023-10-01T09:04:43.745-0700] {processor.py:839} INFO - DAG(s) dict_keys(['example_dynamic_task_mapping']) retrieved from /Users/sheshmani/Desktop/SESCO/env/lib/python3.9/site-packages/airflow/example_dags/example_dynamic_task_mapping.py
[2023-10-01T09:04:43.808-0700] {logging_mixin.py:151} INFO - [2023-10-01T09:04:43.808-0700] {dag.py:2915} INFO - Sync 1 DAGs
[2023-10-01T09:04:43.814-0700] {logging_mixin.py:151} INFO - [2023-10-01T09:04:43.814-0700] {dag.py:3696} INFO - Setting next_dagrun for example_dynamic_task_mapping to 2022-03-04T00:00:00+00:00, run_after=2022-03-05T00:00:00+00:00
[2023-10-01T09:04:43.821-0700] {processor.py:179} INFO - Processing /Users/sheshmani/Desktop/SESCO/env/lib/python3.9/site-packages/airflow/example_dags/example_dynamic_task_mapping.py took 0.098 seconds
[2023-10-01T09:05:55.563-0700] {processor.py:157} INFO - Started process (PID=19727) to work on /Users/sheshmani/Desktop/SESCO/env/lib/python3.9/site-packages/airflow/example_dags/example_dynamic_task_mapping.py
[2023-10-01T09:05:55.566-0700] {processor.py:829} INFO - Processing file /Users/sheshmani/Desktop/SESCO/env/lib/python3.9/site-packages/airflow/example_dags/example_dynamic_task_mapping.py for tasks to queue
[2023-10-01T09:05:55.566-0700] {logging_mixin.py:151} INFO - [2023-10-01T09:05:55.566-0700] {dagbag.py:539} INFO - Filling up the DagBag from /Users/sheshmani/Desktop/SESCO/env/lib/python3.9/site-packages/airflow/example_dags/example_dynamic_task_mapping.py
[2023-10-01T09:05:55.586-0700] {processor.py:839} INFO - DAG(s) dict_keys(['example_dynamic_task_mapping']) retrieved from /Users/sheshmani/Desktop/SESCO/env/lib/python3.9/site-packages/airflow/example_dags/example_dynamic_task_mapping.py
[2023-10-01T09:05:55.654-0700] {logging_mixin.py:151} INFO - [2023-10-01T09:05:55.653-0700] {dag.py:2915} INFO - Sync 1 DAGs
[2023-10-01T09:05:55.660-0700] {logging_mixin.py:151} INFO - [2023-10-01T09:05:55.660-0700] {dag.py:3696} INFO - Setting next_dagrun for example_dynamic_task_mapping to 2022-03-04T00:00:00+00:00, run_after=2022-03-05T00:00:00+00:00
[2023-10-01T09:05:55.667-0700] {processor.py:179} INFO - Processing /Users/sheshmani/Desktop/SESCO/env/lib/python3.9/site-packages/airflow/example_dags/example_dynamic_task_mapping.py took 0.104 seconds
[2023-10-01T09:07:11.030-0700] {processor.py:157} INFO - Started process (PID=19843) to work on /Users/sheshmani/Desktop/SESCO/env/lib/python3.9/site-packages/airflow/example_dags/example_dynamic_task_mapping.py
[2023-10-01T09:07:11.032-0700] {processor.py:829} INFO - Processing file /Users/sheshmani/Desktop/SESCO/env/lib/python3.9/site-packages/airflow/example_dags/example_dynamic_task_mapping.py for tasks to queue
[2023-10-01T09:07:11.033-0700] {logging_mixin.py:151} INFO - [2023-10-01T09:07:11.033-0700] {dagbag.py:539} INFO - Filling up the DagBag from /Users/sheshmani/Desktop/SESCO/env/lib/python3.9/site-packages/airflow/example_dags/example_dynamic_task_mapping.py
[2023-10-01T09:07:11.052-0700] {processor.py:839} INFO - DAG(s) dict_keys(['example_dynamic_task_mapping']) retrieved from /Users/sheshmani/Desktop/SESCO/env/lib/python3.9/site-packages/airflow/example_dags/example_dynamic_task_mapping.py
[2023-10-01T09:07:11.115-0700] {logging_mixin.py:151} INFO - [2023-10-01T09:07:11.115-0700] {dag.py:2915} INFO - Sync 1 DAGs
[2023-10-01T09:07:11.124-0700] {logging_mixin.py:151} INFO - [2023-10-01T09:07:11.124-0700] {dag.py:3696} INFO - Setting next_dagrun for example_dynamic_task_mapping to 2022-03-04T00:00:00+00:00, run_after=2022-03-05T00:00:00+00:00
[2023-10-01T09:07:11.134-0700] {processor.py:179} INFO - Processing /Users/sheshmani/Desktop/SESCO/env/lib/python3.9/site-packages/airflow/example_dags/example_dynamic_task_mapping.py took 0.105 seconds
[2023-10-01T09:08:37.068-0700] {processor.py:157} INFO - Started process (PID=19959) to work on /Users/sheshmani/Desktop/SESCO/env/lib/python3.9/site-packages/airflow/example_dags/example_dynamic_task_mapping.py
[2023-10-01T09:08:37.071-0700] {processor.py:829} INFO - Processing file /Users/sheshmani/Desktop/SESCO/env/lib/python3.9/site-packages/airflow/example_dags/example_dynamic_task_mapping.py for tasks to queue
[2023-10-01T09:08:37.071-0700] {logging_mixin.py:151} INFO - [2023-10-01T09:08:37.071-0700] {dagbag.py:539} INFO - Filling up the DagBag from /Users/sheshmani/Desktop/SESCO/env/lib/python3.9/site-packages/airflow/example_dags/example_dynamic_task_mapping.py
[2023-10-01T09:08:37.090-0700] {processor.py:839} INFO - DAG(s) dict_keys(['example_dynamic_task_mapping']) retrieved from /Users/sheshmani/Desktop/SESCO/env/lib/python3.9/site-packages/airflow/example_dags/example_dynamic_task_mapping.py
[2023-10-01T09:08:37.154-0700] {logging_mixin.py:151} INFO - [2023-10-01T09:08:37.154-0700] {dag.py:2915} INFO - Sync 1 DAGs
[2023-10-01T09:08:37.160-0700] {logging_mixin.py:151} INFO - [2023-10-01T09:08:37.160-0700] {dag.py:3696} INFO - Setting next_dagrun for example_dynamic_task_mapping to 2022-03-04T00:00:00+00:00, run_after=2022-03-05T00:00:00+00:00
[2023-10-01T09:08:37.167-0700] {processor.py:179} INFO - Processing /Users/sheshmani/Desktop/SESCO/env/lib/python3.9/site-packages/airflow/example_dags/example_dynamic_task_mapping.py took 0.099 seconds
[2023-10-01T09:09:56.019-0700] {processor.py:157} INFO - Started process (PID=20070) to work on /Users/sheshmani/Desktop/SESCO/env/lib/python3.9/site-packages/airflow/example_dags/example_dynamic_task_mapping.py
[2023-10-01T09:09:56.022-0700] {processor.py:829} INFO - Processing file /Users/sheshmani/Desktop/SESCO/env/lib/python3.9/site-packages/airflow/example_dags/example_dynamic_task_mapping.py for tasks to queue
[2023-10-01T09:09:56.022-0700] {logging_mixin.py:151} INFO - [2023-10-01T09:09:56.022-0700] {dagbag.py:539} INFO - Filling up the DagBag from /Users/sheshmani/Desktop/SESCO/env/lib/python3.9/site-packages/airflow/example_dags/example_dynamic_task_mapping.py
[2023-10-01T09:09:56.042-0700] {processor.py:839} INFO - DAG(s) dict_keys(['example_dynamic_task_mapping']) retrieved from /Users/sheshmani/Desktop/SESCO/env/lib/python3.9/site-packages/airflow/example_dags/example_dynamic_task_mapping.py
[2023-10-01T09:09:56.105-0700] {logging_mixin.py:151} INFO - [2023-10-01T09:09:56.105-0700] {dag.py:2915} INFO - Sync 1 DAGs
[2023-10-01T09:09:56.111-0700] {logging_mixin.py:151} INFO - [2023-10-01T09:09:56.111-0700] {dag.py:3696} INFO - Setting next_dagrun for example_dynamic_task_mapping to 2022-03-04T00:00:00+00:00, run_after=2022-03-05T00:00:00+00:00
[2023-10-01T09:09:56.119-0700] {processor.py:179} INFO - Processing /Users/sheshmani/Desktop/SESCO/env/lib/python3.9/site-packages/airflow/example_dags/example_dynamic_task_mapping.py took 0.100 seconds
