[2023-10-01T09:04:11.944-0700] {processor.py:157} INFO - Started process (PID=19512) to work on /Users/sheshmani/Desktop/SESCO/env/lib/python3.9/site-packages/airflow/example_dags/example_task_group.py
[2023-10-01T09:04:11.946-0700] {processor.py:829} INFO - Processing file /Users/sheshmani/Desktop/SESCO/env/lib/python3.9/site-packages/airflow/example_dags/example_task_group.py for tasks to queue
[2023-10-01T09:04:11.946-0700] {logging_mixin.py:151} INFO - [2023-10-01T09:04:11.946-0700] {dagbag.py:539} INFO - Filling up the DagBag from /Users/sheshmani/Desktop/SESCO/env/lib/python3.9/site-packages/airflow/example_dags/example_task_group.py
[2023-10-01T09:04:11.958-0700] {processor.py:839} INFO - DAG(s) dict_keys(['example_task_group']) retrieved from /Users/sheshmani/Desktop/SESCO/env/lib/python3.9/site-packages/airflow/example_dags/example_task_group.py
[2023-10-01T09:04:12.028-0700] {logging_mixin.py:151} INFO - [2023-10-01T09:04:12.028-0700] {dag.py:2915} INFO - Sync 1 DAGs
[2023-10-01T09:04:12.034-0700] {logging_mixin.py:151} INFO - [2023-10-01T09:04:12.034-0700] {dag.py:3696} INFO - Setting next_dagrun for example_task_group to 2023-09-30T16:04:12.034177+00:00, run_after=2023-10-01T16:04:12.034177+00:00
[2023-10-01T09:04:12.042-0700] {processor.py:179} INFO - Processing /Users/sheshmani/Desktop/SESCO/env/lib/python3.9/site-packages/airflow/example_dags/example_task_group.py took 0.098 seconds
[2023-10-01T09:05:20.912-0700] {processor.py:157} INFO - Started process (PID=19666) to work on /Users/sheshmani/Desktop/SESCO/env/lib/python3.9/site-packages/airflow/example_dags/example_task_group.py
[2023-10-01T09:05:20.915-0700] {processor.py:829} INFO - Processing file /Users/sheshmani/Desktop/SESCO/env/lib/python3.9/site-packages/airflow/example_dags/example_task_group.py for tasks to queue
[2023-10-01T09:05:20.915-0700] {logging_mixin.py:151} INFO - [2023-10-01T09:05:20.915-0700] {dagbag.py:539} INFO - Filling up the DagBag from /Users/sheshmani/Desktop/SESCO/env/lib/python3.9/site-packages/airflow/example_dags/example_task_group.py
[2023-10-01T09:05:20.926-0700] {processor.py:839} INFO - DAG(s) dict_keys(['example_task_group']) retrieved from /Users/sheshmani/Desktop/SESCO/env/lib/python3.9/site-packages/airflow/example_dags/example_task_group.py
[2023-10-01T09:05:20.992-0700] {logging_mixin.py:151} INFO - [2023-10-01T09:05:20.992-0700] {dag.py:2915} INFO - Sync 1 DAGs
[2023-10-01T09:05:20.998-0700] {logging_mixin.py:151} INFO - [2023-10-01T09:05:20.998-0700] {dag.py:3696} INFO - Setting next_dagrun for example_task_group to 2023-09-30T16:05:20.998121+00:00, run_after=2023-10-01T16:05:20.998121+00:00
[2023-10-01T09:05:21.005-0700] {processor.py:179} INFO - Processing /Users/sheshmani/Desktop/SESCO/env/lib/python3.9/site-packages/airflow/example_dags/example_task_group.py took 0.093 seconds
[2023-10-01T09:06:31.728-0700] {processor.py:157} INFO - Started process (PID=19804) to work on /Users/sheshmani/Desktop/SESCO/env/lib/python3.9/site-packages/airflow/example_dags/example_task_group.py
[2023-10-01T09:06:31.731-0700] {processor.py:829} INFO - Processing file /Users/sheshmani/Desktop/SESCO/env/lib/python3.9/site-packages/airflow/example_dags/example_task_group.py for tasks to queue
[2023-10-01T09:06:31.731-0700] {logging_mixin.py:151} INFO - [2023-10-01T09:06:31.731-0700] {dagbag.py:539} INFO - Filling up the DagBag from /Users/sheshmani/Desktop/SESCO/env/lib/python3.9/site-packages/airflow/example_dags/example_task_group.py
[2023-10-01T09:06:31.742-0700] {processor.py:839} INFO - DAG(s) dict_keys(['example_task_group']) retrieved from /Users/sheshmani/Desktop/SESCO/env/lib/python3.9/site-packages/airflow/example_dags/example_task_group.py
[2023-10-01T09:06:31.808-0700] {logging_mixin.py:151} INFO - [2023-10-01T09:06:31.808-0700] {dag.py:2915} INFO - Sync 1 DAGs
[2023-10-01T09:06:31.814-0700] {logging_mixin.py:151} INFO - [2023-10-01T09:06:31.814-0700] {dag.py:3696} INFO - Setting next_dagrun for example_task_group to 2023-09-30T16:06:31.814084+00:00, run_after=2023-10-01T16:06:31.814084+00:00
[2023-10-01T09:06:31.821-0700] {processor.py:179} INFO - Processing /Users/sheshmani/Desktop/SESCO/env/lib/python3.9/site-packages/airflow/example_dags/example_task_group.py took 0.093 seconds
[2023-10-01T09:07:53.974-0700] {processor.py:157} INFO - Started process (PID=19916) to work on /Users/sheshmani/Desktop/SESCO/env/lib/python3.9/site-packages/airflow/example_dags/example_task_group.py
[2023-10-01T09:07:53.977-0700] {processor.py:829} INFO - Processing file /Users/sheshmani/Desktop/SESCO/env/lib/python3.9/site-packages/airflow/example_dags/example_task_group.py for tasks to queue
[2023-10-01T09:07:53.978-0700] {logging_mixin.py:151} INFO - [2023-10-01T09:07:53.977-0700] {dagbag.py:539} INFO - Filling up the DagBag from /Users/sheshmani/Desktop/SESCO/env/lib/python3.9/site-packages/airflow/example_dags/example_task_group.py
[2023-10-01T09:07:53.988-0700] {processor.py:839} INFO - DAG(s) dict_keys(['example_task_group']) retrieved from /Users/sheshmani/Desktop/SESCO/env/lib/python3.9/site-packages/airflow/example_dags/example_task_group.py
[2023-10-01T09:07:54.053-0700] {logging_mixin.py:151} INFO - [2023-10-01T09:07:54.053-0700] {dag.py:2915} INFO - Sync 1 DAGs
[2023-10-01T09:07:54.059-0700] {logging_mixin.py:151} INFO - [2023-10-01T09:07:54.059-0700] {dag.py:3696} INFO - Setting next_dagrun for example_task_group to 2023-09-30T16:07:54.059405+00:00, run_after=2023-10-01T16:07:54.059405+00:00
[2023-10-01T09:07:54.066-0700] {processor.py:179} INFO - Processing /Users/sheshmani/Desktop/SESCO/env/lib/python3.9/site-packages/airflow/example_dags/example_task_group.py took 0.092 seconds
[2023-10-01T09:09:10.164-0700] {processor.py:157} INFO - Started process (PID=20002) to work on /Users/sheshmani/Desktop/SESCO/env/lib/python3.9/site-packages/airflow/example_dags/example_task_group.py
[2023-10-01T09:09:10.166-0700] {processor.py:829} INFO - Processing file /Users/sheshmani/Desktop/SESCO/env/lib/python3.9/site-packages/airflow/example_dags/example_task_group.py for tasks to queue
[2023-10-01T09:09:10.167-0700] {logging_mixin.py:151} INFO - [2023-10-01T09:09:10.167-0700] {dagbag.py:539} INFO - Filling up the DagBag from /Users/sheshmani/Desktop/SESCO/env/lib/python3.9/site-packages/airflow/example_dags/example_task_group.py
[2023-10-01T09:09:10.178-0700] {processor.py:839} INFO - DAG(s) dict_keys(['example_task_group']) retrieved from /Users/sheshmani/Desktop/SESCO/env/lib/python3.9/site-packages/airflow/example_dags/example_task_group.py
[2023-10-01T09:09:10.247-0700] {logging_mixin.py:151} INFO - [2023-10-01T09:09:10.247-0700] {dag.py:2915} INFO - Sync 1 DAGs
[2023-10-01T09:09:10.253-0700] {logging_mixin.py:151} INFO - [2023-10-01T09:09:10.253-0700] {dag.py:3696} INFO - Setting next_dagrun for example_task_group to 2023-09-30T16:09:10.253652+00:00, run_after=2023-10-01T16:09:10.253652+00:00
[2023-10-01T09:09:10.260-0700] {processor.py:179} INFO - Processing /Users/sheshmani/Desktop/SESCO/env/lib/python3.9/site-packages/airflow/example_dags/example_task_group.py took 0.096 seconds
[2023-10-01T09:10:30.824-0700] {processor.py:157} INFO - Started process (PID=20108) to work on /Users/sheshmani/Desktop/SESCO/env/lib/python3.9/site-packages/airflow/example_dags/example_task_group.py
[2023-10-01T09:10:30.826-0700] {processor.py:829} INFO - Processing file /Users/sheshmani/Desktop/SESCO/env/lib/python3.9/site-packages/airflow/example_dags/example_task_group.py for tasks to queue
[2023-10-01T09:10:30.827-0700] {logging_mixin.py:151} INFO - [2023-10-01T09:10:30.826-0700] {dagbag.py:539} INFO - Filling up the DagBag from /Users/sheshmani/Desktop/SESCO/env/lib/python3.9/site-packages/airflow/example_dags/example_task_group.py
[2023-10-01T09:10:30.838-0700] {processor.py:839} INFO - DAG(s) dict_keys(['example_task_group']) retrieved from /Users/sheshmani/Desktop/SESCO/env/lib/python3.9/site-packages/airflow/example_dags/example_task_group.py
[2023-10-01T09:10:30.907-0700] {logging_mixin.py:151} INFO - [2023-10-01T09:10:30.907-0700] {dag.py:2915} INFO - Sync 1 DAGs
[2023-10-01T09:10:30.914-0700] {logging_mixin.py:151} INFO - [2023-10-01T09:10:30.914-0700] {dag.py:3696} INFO - Setting next_dagrun for example_task_group to 2023-09-30T16:10:30.914570+00:00, run_after=2023-10-01T16:10:30.914570+00:00
[2023-10-01T09:10:30.921-0700] {processor.py:179} INFO - Processing /Users/sheshmani/Desktop/SESCO/env/lib/python3.9/site-packages/airflow/example_dags/example_task_group.py took 0.097 seconds
