[2023-10-01T09:04:08.042-0700] {processor.py:157} INFO - Started process (PID=19505) to work on /Users/sheshmani/Desktop/SESCO/env/lib/python3.9/site-packages/airflow/example_dags/example_trigger_controller_dag.py
[2023-10-01T09:04:08.044-0700] {processor.py:829} INFO - Processing file /Users/sheshmani/Desktop/SESCO/env/lib/python3.9/site-packages/airflow/example_dags/example_trigger_controller_dag.py for tasks to queue
[2023-10-01T09:04:08.044-0700] {logging_mixin.py:151} INFO - [2023-10-01T09:04:08.044-0700] {dagbag.py:539} INFO - Filling up the DagBag from /Users/sheshmani/Desktop/SESCO/env/lib/python3.9/site-packages/airflow/example_dags/example_trigger_controller_dag.py
[2023-10-01T09:04:08.056-0700] {processor.py:839} INFO - DAG(s) dict_keys(['example_trigger_controller_dag']) retrieved from /Users/sheshmani/Desktop/SESCO/env/lib/python3.9/site-packages/airflow/example_dags/example_trigger_controller_dag.py
[2023-10-01T09:04:08.126-0700] {logging_mixin.py:151} INFO - [2023-10-01T09:04:08.125-0700] {dag.py:2915} INFO - Sync 1 DAGs
[2023-10-01T09:04:08.131-0700] {logging_mixin.py:151} INFO - [2023-10-01T09:04:08.131-0700] {dag.py:3696} INFO - Setting next_dagrun for example_trigger_controller_dag to 2021-01-01T00:00:00+00:00, run_after=2021-01-01T00:00:00+00:00
[2023-10-01T09:04:08.139-0700] {processor.py:179} INFO - Processing /Users/sheshmani/Desktop/SESCO/env/lib/python3.9/site-packages/airflow/example_dags/example_trigger_controller_dag.py took 0.098 seconds
[2023-10-01T09:05:16.942-0700] {processor.py:157} INFO - Started process (PID=19661) to work on /Users/sheshmani/Desktop/SESCO/env/lib/python3.9/site-packages/airflow/example_dags/example_trigger_controller_dag.py
[2023-10-01T09:05:16.945-0700] {processor.py:829} INFO - Processing file /Users/sheshmani/Desktop/SESCO/env/lib/python3.9/site-packages/airflow/example_dags/example_trigger_controller_dag.py for tasks to queue
[2023-10-01T09:05:16.945-0700] {logging_mixin.py:151} INFO - [2023-10-01T09:05:16.945-0700] {dagbag.py:539} INFO - Filling up the DagBag from /Users/sheshmani/Desktop/SESCO/env/lib/python3.9/site-packages/airflow/example_dags/example_trigger_controller_dag.py
[2023-10-01T09:05:16.956-0700] {processor.py:839} INFO - DAG(s) dict_keys(['example_trigger_controller_dag']) retrieved from /Users/sheshmani/Desktop/SESCO/env/lib/python3.9/site-packages/airflow/example_dags/example_trigger_controller_dag.py
[2023-10-01T09:05:17.019-0700] {logging_mixin.py:151} INFO - [2023-10-01T09:05:17.019-0700] {dag.py:2915} INFO - Sync 1 DAGs
[2023-10-01T09:05:17.025-0700] {logging_mixin.py:151} INFO - [2023-10-01T09:05:17.025-0700] {dag.py:3696} INFO - Setting next_dagrun for example_trigger_controller_dag to 2021-01-01T00:00:00+00:00, run_after=2021-01-01T00:00:00+00:00
[2023-10-01T09:05:17.033-0700] {processor.py:179} INFO - Processing /Users/sheshmani/Desktop/SESCO/env/lib/python3.9/site-packages/airflow/example_dags/example_trigger_controller_dag.py took 0.091 seconds
[2023-10-01T09:06:26.811-0700] {processor.py:157} INFO - Started process (PID=19795) to work on /Users/sheshmani/Desktop/SESCO/env/lib/python3.9/site-packages/airflow/example_dags/example_trigger_controller_dag.py
[2023-10-01T09:06:26.814-0700] {processor.py:829} INFO - Processing file /Users/sheshmani/Desktop/SESCO/env/lib/python3.9/site-packages/airflow/example_dags/example_trigger_controller_dag.py for tasks to queue
[2023-10-01T09:06:26.814-0700] {logging_mixin.py:151} INFO - [2023-10-01T09:06:26.814-0700] {dagbag.py:539} INFO - Filling up the DagBag from /Users/sheshmani/Desktop/SESCO/env/lib/python3.9/site-packages/airflow/example_dags/example_trigger_controller_dag.py
[2023-10-01T09:06:26.825-0700] {processor.py:839} INFO - DAG(s) dict_keys(['example_trigger_controller_dag']) retrieved from /Users/sheshmani/Desktop/SESCO/env/lib/python3.9/site-packages/airflow/example_dags/example_trigger_controller_dag.py
[2023-10-01T09:06:26.891-0700] {logging_mixin.py:151} INFO - [2023-10-01T09:06:26.891-0700] {dag.py:2915} INFO - Sync 1 DAGs
[2023-10-01T09:06:26.897-0700] {logging_mixin.py:151} INFO - [2023-10-01T09:06:26.897-0700] {dag.py:3696} INFO - Setting next_dagrun for example_trigger_controller_dag to 2021-01-01T00:00:00+00:00, run_after=2021-01-01T00:00:00+00:00
[2023-10-01T09:06:26.904-0700] {processor.py:179} INFO - Processing /Users/sheshmani/Desktop/SESCO/env/lib/python3.9/site-packages/airflow/example_dags/example_trigger_controller_dag.py took 0.094 seconds
[2023-10-01T09:07:50.023-0700] {processor.py:157} INFO - Started process (PID=19910) to work on /Users/sheshmani/Desktop/SESCO/env/lib/python3.9/site-packages/airflow/example_dags/example_trigger_controller_dag.py
[2023-10-01T09:07:50.025-0700] {processor.py:829} INFO - Processing file /Users/sheshmani/Desktop/SESCO/env/lib/python3.9/site-packages/airflow/example_dags/example_trigger_controller_dag.py for tasks to queue
[2023-10-01T09:07:50.026-0700] {logging_mixin.py:151} INFO - [2023-10-01T09:07:50.026-0700] {dagbag.py:539} INFO - Filling up the DagBag from /Users/sheshmani/Desktop/SESCO/env/lib/python3.9/site-packages/airflow/example_dags/example_trigger_controller_dag.py
[2023-10-01T09:07:50.038-0700] {processor.py:839} INFO - DAG(s) dict_keys(['example_trigger_controller_dag']) retrieved from /Users/sheshmani/Desktop/SESCO/env/lib/python3.9/site-packages/airflow/example_dags/example_trigger_controller_dag.py
[2023-10-01T09:07:50.108-0700] {logging_mixin.py:151} INFO - [2023-10-01T09:07:50.108-0700] {dag.py:2915} INFO - Sync 1 DAGs
[2023-10-01T09:07:50.114-0700] {logging_mixin.py:151} INFO - [2023-10-01T09:07:50.114-0700] {dag.py:3696} INFO - Setting next_dagrun for example_trigger_controller_dag to 2021-01-01T00:00:00+00:00, run_after=2021-01-01T00:00:00+00:00
[2023-10-01T09:07:50.122-0700] {processor.py:179} INFO - Processing /Users/sheshmani/Desktop/SESCO/env/lib/python3.9/site-packages/airflow/example_dags/example_trigger_controller_dag.py took 0.099 seconds
[2023-10-01T09:09:05.248-0700] {processor.py:157} INFO - Started process (PID=19998) to work on /Users/sheshmani/Desktop/SESCO/env/lib/python3.9/site-packages/airflow/example_dags/example_trigger_controller_dag.py
[2023-10-01T09:09:05.250-0700] {processor.py:829} INFO - Processing file /Users/sheshmani/Desktop/SESCO/env/lib/python3.9/site-packages/airflow/example_dags/example_trigger_controller_dag.py for tasks to queue
[2023-10-01T09:09:05.251-0700] {logging_mixin.py:151} INFO - [2023-10-01T09:09:05.251-0700] {dagbag.py:539} INFO - Filling up the DagBag from /Users/sheshmani/Desktop/SESCO/env/lib/python3.9/site-packages/airflow/example_dags/example_trigger_controller_dag.py
[2023-10-01T09:09:05.263-0700] {processor.py:839} INFO - DAG(s) dict_keys(['example_trigger_controller_dag']) retrieved from /Users/sheshmani/Desktop/SESCO/env/lib/python3.9/site-packages/airflow/example_dags/example_trigger_controller_dag.py
[2023-10-01T09:09:05.330-0700] {logging_mixin.py:151} INFO - [2023-10-01T09:09:05.329-0700] {dag.py:2915} INFO - Sync 1 DAGs
[2023-10-01T09:09:05.335-0700] {logging_mixin.py:151} INFO - [2023-10-01T09:09:05.335-0700] {dag.py:3696} INFO - Setting next_dagrun for example_trigger_controller_dag to 2021-01-01T00:00:00+00:00, run_after=2021-01-01T00:00:00+00:00
[2023-10-01T09:09:05.343-0700] {processor.py:179} INFO - Processing /Users/sheshmani/Desktop/SESCO/env/lib/python3.9/site-packages/airflow/example_dags/example_trigger_controller_dag.py took 0.095 seconds
[2023-10-01T09:10:26.799-0700] {processor.py:157} INFO - Started process (PID=20104) to work on /Users/sheshmani/Desktop/SESCO/env/lib/python3.9/site-packages/airflow/example_dags/example_trigger_controller_dag.py
[2023-10-01T09:10:26.801-0700] {processor.py:829} INFO - Processing file /Users/sheshmani/Desktop/SESCO/env/lib/python3.9/site-packages/airflow/example_dags/example_trigger_controller_dag.py for tasks to queue
[2023-10-01T09:10:26.802-0700] {logging_mixin.py:151} INFO - [2023-10-01T09:10:26.802-0700] {dagbag.py:539} INFO - Filling up the DagBag from /Users/sheshmani/Desktop/SESCO/env/lib/python3.9/site-packages/airflow/example_dags/example_trigger_controller_dag.py
[2023-10-01T09:10:26.812-0700] {processor.py:839} INFO - DAG(s) dict_keys(['example_trigger_controller_dag']) retrieved from /Users/sheshmani/Desktop/SESCO/env/lib/python3.9/site-packages/airflow/example_dags/example_trigger_controller_dag.py
[2023-10-01T09:10:26.876-0700] {logging_mixin.py:151} INFO - [2023-10-01T09:10:26.875-0700] {dag.py:2915} INFO - Sync 1 DAGs
[2023-10-01T09:10:26.881-0700] {logging_mixin.py:151} INFO - [2023-10-01T09:10:26.881-0700] {dag.py:3696} INFO - Setting next_dagrun for example_trigger_controller_dag to 2021-01-01T00:00:00+00:00, run_after=2021-01-01T00:00:00+00:00
[2023-10-01T09:10:26.889-0700] {processor.py:179} INFO - Processing /Users/sheshmani/Desktop/SESCO/env/lib/python3.9/site-packages/airflow/example_dags/example_trigger_controller_dag.py took 0.090 seconds
