[2023-10-01T09:04:34.167-0700] {processor.py:157} INFO - Started process (PID=19545) to work on /Users/sheshmani/Desktop/SESCO/env/lib/python3.9/site-packages/airflow/example_dags/example_nested_branch_dag.py
[2023-10-01T09:04:34.169-0700] {processor.py:829} INFO - Processing file /Users/sheshmani/Desktop/SESCO/env/lib/python3.9/site-packages/airflow/example_dags/example_nested_branch_dag.py for tasks to queue
[2023-10-01T09:04:34.170-0700] {logging_mixin.py:151} INFO - [2023-10-01T09:04:34.169-0700] {dagbag.py:539} INFO - Filling up the DagBag from /Users/sheshmani/Desktop/SESCO/env/lib/python3.9/site-packages/airflow/example_dags/example_nested_branch_dag.py
[2023-10-01T09:04:34.190-0700] {processor.py:839} INFO - DAG(s) dict_keys(['example_nested_branch_dag']) retrieved from /Users/sheshmani/Desktop/SESCO/env/lib/python3.9/site-packages/airflow/example_dags/example_nested_branch_dag.py
[2023-10-01T09:04:34.254-0700] {logging_mixin.py:151} INFO - [2023-10-01T09:04:34.254-0700] {dag.py:2915} INFO - Sync 1 DAGs
[2023-10-01T09:04:34.260-0700] {logging_mixin.py:151} INFO - [2023-10-01T09:04:34.260-0700] {dag.py:3696} INFO - Setting next_dagrun for example_nested_branch_dag to 2023-09-30T00:00:00+00:00, run_after=2023-10-01T00:00:00+00:00
[2023-10-01T09:04:34.267-0700] {processor.py:179} INFO - Processing /Users/sheshmani/Desktop/SESCO/env/lib/python3.9/site-packages/airflow/example_dags/example_nested_branch_dag.py took 0.100 seconds
[2023-10-01T09:05:48.183-0700] {processor.py:157} INFO - Started process (PID=19710) to work on /Users/sheshmani/Desktop/SESCO/env/lib/python3.9/site-packages/airflow/example_dags/example_nested_branch_dag.py
[2023-10-01T09:05:48.185-0700] {processor.py:829} INFO - Processing file /Users/sheshmani/Desktop/SESCO/env/lib/python3.9/site-packages/airflow/example_dags/example_nested_branch_dag.py for tasks to queue
[2023-10-01T09:05:48.186-0700] {logging_mixin.py:151} INFO - [2023-10-01T09:05:48.185-0700] {dagbag.py:539} INFO - Filling up the DagBag from /Users/sheshmani/Desktop/SESCO/env/lib/python3.9/site-packages/airflow/example_dags/example_nested_branch_dag.py
[2023-10-01T09:05:48.206-0700] {processor.py:839} INFO - DAG(s) dict_keys(['example_nested_branch_dag']) retrieved from /Users/sheshmani/Desktop/SESCO/env/lib/python3.9/site-packages/airflow/example_dags/example_nested_branch_dag.py
[2023-10-01T09:05:48.270-0700] {logging_mixin.py:151} INFO - [2023-10-01T09:05:48.269-0700] {dag.py:2915} INFO - Sync 1 DAGs
[2023-10-01T09:05:48.276-0700] {logging_mixin.py:151} INFO - [2023-10-01T09:05:48.276-0700] {dag.py:3696} INFO - Setting next_dagrun for example_nested_branch_dag to 2023-09-30T00:00:00+00:00, run_after=2023-10-01T00:00:00+00:00
[2023-10-01T09:05:48.283-0700] {processor.py:179} INFO - Processing /Users/sheshmani/Desktop/SESCO/env/lib/python3.9/site-packages/airflow/example_dags/example_nested_branch_dag.py took 0.100 seconds
[2023-10-01T09:07:01.406-0700] {processor.py:157} INFO - Started process (PID=19836) to work on /Users/sheshmani/Desktop/SESCO/env/lib/python3.9/site-packages/airflow/example_dags/example_nested_branch_dag.py
[2023-10-01T09:07:01.409-0700] {processor.py:829} INFO - Processing file /Users/sheshmani/Desktop/SESCO/env/lib/python3.9/site-packages/airflow/example_dags/example_nested_branch_dag.py for tasks to queue
[2023-10-01T09:07:01.409-0700] {logging_mixin.py:151} INFO - [2023-10-01T09:07:01.409-0700] {dagbag.py:539} INFO - Filling up the DagBag from /Users/sheshmani/Desktop/SESCO/env/lib/python3.9/site-packages/airflow/example_dags/example_nested_branch_dag.py
[2023-10-01T09:07:01.430-0700] {processor.py:839} INFO - DAG(s) dict_keys(['example_nested_branch_dag']) retrieved from /Users/sheshmani/Desktop/SESCO/env/lib/python3.9/site-packages/airflow/example_dags/example_nested_branch_dag.py
[2023-10-01T09:07:01.497-0700] {logging_mixin.py:151} INFO - [2023-10-01T09:07:01.497-0700] {dag.py:2915} INFO - Sync 1 DAGs
[2023-10-01T09:07:01.504-0700] {logging_mixin.py:151} INFO - [2023-10-01T09:07:01.504-0700] {dag.py:3696} INFO - Setting next_dagrun for example_nested_branch_dag to 2023-09-30T00:00:00+00:00, run_after=2023-10-01T00:00:00+00:00
[2023-10-01T09:07:01.511-0700] {processor.py:179} INFO - Processing /Users/sheshmani/Desktop/SESCO/env/lib/python3.9/site-packages/airflow/example_dags/example_nested_branch_dag.py took 0.105 seconds
[2023-10-01T09:08:26.636-0700] {processor.py:157} INFO - Started process (PID=19947) to work on /Users/sheshmani/Desktop/SESCO/env/lib/python3.9/site-packages/airflow/example_dags/example_nested_branch_dag.py
[2023-10-01T09:08:26.638-0700] {processor.py:829} INFO - Processing file /Users/sheshmani/Desktop/SESCO/env/lib/python3.9/site-packages/airflow/example_dags/example_nested_branch_dag.py for tasks to queue
[2023-10-01T09:08:26.639-0700] {logging_mixin.py:151} INFO - [2023-10-01T09:08:26.639-0700] {dagbag.py:539} INFO - Filling up the DagBag from /Users/sheshmani/Desktop/SESCO/env/lib/python3.9/site-packages/airflow/example_dags/example_nested_branch_dag.py
[2023-10-01T09:08:26.660-0700] {processor.py:839} INFO - DAG(s) dict_keys(['example_nested_branch_dag']) retrieved from /Users/sheshmani/Desktop/SESCO/env/lib/python3.9/site-packages/airflow/example_dags/example_nested_branch_dag.py
[2023-10-01T09:08:26.726-0700] {logging_mixin.py:151} INFO - [2023-10-01T09:08:26.725-0700] {dag.py:2915} INFO - Sync 1 DAGs
[2023-10-01T09:08:26.732-0700] {logging_mixin.py:151} INFO - [2023-10-01T09:08:26.732-0700] {dag.py:3696} INFO - Setting next_dagrun for example_nested_branch_dag to 2023-09-30T00:00:00+00:00, run_after=2023-10-01T00:00:00+00:00
[2023-10-01T09:08:26.739-0700] {processor.py:179} INFO - Processing /Users/sheshmani/Desktop/SESCO/env/lib/python3.9/site-packages/airflow/example_dags/example_nested_branch_dag.py took 0.103 seconds
[2023-10-01T09:09:46.919-0700] {processor.py:157} INFO - Started process (PID=20057) to work on /Users/sheshmani/Desktop/SESCO/env/lib/python3.9/site-packages/airflow/example_dags/example_nested_branch_dag.py
[2023-10-01T09:09:46.922-0700] {processor.py:829} INFO - Processing file /Users/sheshmani/Desktop/SESCO/env/lib/python3.9/site-packages/airflow/example_dags/example_nested_branch_dag.py for tasks to queue
[2023-10-01T09:09:46.922-0700] {logging_mixin.py:151} INFO - [2023-10-01T09:09:46.922-0700] {dagbag.py:539} INFO - Filling up the DagBag from /Users/sheshmani/Desktop/SESCO/env/lib/python3.9/site-packages/airflow/example_dags/example_nested_branch_dag.py
[2023-10-01T09:09:46.943-0700] {processor.py:839} INFO - DAG(s) dict_keys(['example_nested_branch_dag']) retrieved from /Users/sheshmani/Desktop/SESCO/env/lib/python3.9/site-packages/airflow/example_dags/example_nested_branch_dag.py
[2023-10-01T09:09:47.007-0700] {logging_mixin.py:151} INFO - [2023-10-01T09:09:47.007-0700] {dag.py:2915} INFO - Sync 1 DAGs
[2023-10-01T09:09:47.013-0700] {logging_mixin.py:151} INFO - [2023-10-01T09:09:47.013-0700] {dag.py:3696} INFO - Setting next_dagrun for example_nested_branch_dag to 2023-09-30T00:00:00+00:00, run_after=2023-10-01T00:00:00+00:00
[2023-10-01T09:09:47.020-0700] {processor.py:179} INFO - Processing /Users/sheshmani/Desktop/SESCO/env/lib/python3.9/site-packages/airflow/example_dags/example_nested_branch_dag.py took 0.101 seconds
