[2023-10-01T09:04:42.115-0700] {processor.py:157} INFO - Started process (PID=19555) to work on /Users/sheshmani/Desktop/SESCO/env/lib/python3.9/site-packages/airflow/example_dags/example_dynamic_task_mapping_with_no_taskflow_operators.py
[2023-10-01T09:04:42.116-0700] {processor.py:829} INFO - Processing file /Users/sheshmani/Desktop/SESCO/env/lib/python3.9/site-packages/airflow/example_dags/example_dynamic_task_mapping_with_no_taskflow_operators.py for tasks to queue
[2023-10-01T09:04:42.117-0700] {logging_mixin.py:151} INFO - [2023-10-01T09:04:42.117-0700] {dagbag.py:539} INFO - Filling up the DagBag from /Users/sheshmani/Desktop/SESCO/env/lib/python3.9/site-packages/airflow/example_dags/example_dynamic_task_mapping_with_no_taskflow_operators.py
[2023-10-01T09:04:42.127-0700] {processor.py:839} INFO - DAG(s) dict_keys(['example_dynamic_task_mapping_with_no_taskflow_operators']) retrieved from /Users/sheshmani/Desktop/SESCO/env/lib/python3.9/site-packages/airflow/example_dags/example_dynamic_task_mapping_with_no_taskflow_operators.py
[2023-10-01T09:04:42.192-0700] {logging_mixin.py:151} INFO - [2023-10-01T09:04:42.192-0700] {dag.py:2915} INFO - Sync 1 DAGs
[2023-10-01T09:04:42.197-0700] {logging_mixin.py:151} INFO - [2023-10-01T09:04:42.197-0700] {dag.py:3696} INFO - Setting next_dagrun for example_dynamic_task_mapping_with_no_taskflow_operators to 2023-09-30T16:04:42.197882+00:00, run_after=2023-10-01T16:04:42.197882+00:00
[2023-10-01T09:04:42.205-0700] {processor.py:179} INFO - Processing /Users/sheshmani/Desktop/SESCO/env/lib/python3.9/site-packages/airflow/example_dags/example_dynamic_task_mapping_with_no_taskflow_operators.py took 0.090 seconds
[2023-10-01T09:05:53.935-0700] {processor.py:157} INFO - Started process (PID=19721) to work on /Users/sheshmani/Desktop/SESCO/env/lib/python3.9/site-packages/airflow/example_dags/example_dynamic_task_mapping_with_no_taskflow_operators.py
[2023-10-01T09:05:53.938-0700] {processor.py:829} INFO - Processing file /Users/sheshmani/Desktop/SESCO/env/lib/python3.9/site-packages/airflow/example_dags/example_dynamic_task_mapping_with_no_taskflow_operators.py for tasks to queue
[2023-10-01T09:05:53.938-0700] {logging_mixin.py:151} INFO - [2023-10-01T09:05:53.938-0700] {dagbag.py:539} INFO - Filling up the DagBag from /Users/sheshmani/Desktop/SESCO/env/lib/python3.9/site-packages/airflow/example_dags/example_dynamic_task_mapping_with_no_taskflow_operators.py
[2023-10-01T09:05:53.948-0700] {processor.py:839} INFO - DAG(s) dict_keys(['example_dynamic_task_mapping_with_no_taskflow_operators']) retrieved from /Users/sheshmani/Desktop/SESCO/env/lib/python3.9/site-packages/airflow/example_dags/example_dynamic_task_mapping_with_no_taskflow_operators.py
[2023-10-01T09:05:54.017-0700] {logging_mixin.py:151} INFO - [2023-10-01T09:05:54.017-0700] {dag.py:2915} INFO - Sync 1 DAGs
[2023-10-01T09:05:54.023-0700] {logging_mixin.py:151} INFO - [2023-10-01T09:05:54.023-0700] {dag.py:3696} INFO - Setting next_dagrun for example_dynamic_task_mapping_with_no_taskflow_operators to 2023-09-30T16:05:54.023313+00:00, run_after=2023-10-01T16:05:54.023313+00:00
[2023-10-01T09:05:54.030-0700] {processor.py:179} INFO - Processing /Users/sheshmani/Desktop/SESCO/env/lib/python3.9/site-packages/airflow/example_dags/example_dynamic_task_mapping_with_no_taskflow_operators.py took 0.096 seconds
[2023-10-01T09:07:09.725-0700] {processor.py:157} INFO - Started process (PID=19842) to work on /Users/sheshmani/Desktop/SESCO/env/lib/python3.9/site-packages/airflow/example_dags/example_dynamic_task_mapping_with_no_taskflow_operators.py
[2023-10-01T09:07:09.728-0700] {processor.py:829} INFO - Processing file /Users/sheshmani/Desktop/SESCO/env/lib/python3.9/site-packages/airflow/example_dags/example_dynamic_task_mapping_with_no_taskflow_operators.py for tasks to queue
[2023-10-01T09:07:09.728-0700] {logging_mixin.py:151} INFO - [2023-10-01T09:07:09.728-0700] {dagbag.py:539} INFO - Filling up the DagBag from /Users/sheshmani/Desktop/SESCO/env/lib/python3.9/site-packages/airflow/example_dags/example_dynamic_task_mapping_with_no_taskflow_operators.py
[2023-10-01T09:07:09.742-0700] {processor.py:839} INFO - DAG(s) dict_keys(['example_dynamic_task_mapping_with_no_taskflow_operators']) retrieved from /Users/sheshmani/Desktop/SESCO/env/lib/python3.9/site-packages/airflow/example_dags/example_dynamic_task_mapping_with_no_taskflow_operators.py
[2023-10-01T09:07:09.816-0700] {logging_mixin.py:151} INFO - [2023-10-01T09:07:09.816-0700] {dag.py:2915} INFO - Sync 1 DAGs
[2023-10-01T09:07:09.822-0700] {logging_mixin.py:151} INFO - [2023-10-01T09:07:09.822-0700] {dag.py:3696} INFO - Setting next_dagrun for example_dynamic_task_mapping_with_no_taskflow_operators to 2023-09-30T16:07:09.822632+00:00, run_after=2023-10-01T16:07:09.822632+00:00
[2023-10-01T09:07:09.830-0700] {processor.py:179} INFO - Processing /Users/sheshmani/Desktop/SESCO/env/lib/python3.9/site-packages/airflow/example_dags/example_dynamic_task_mapping_with_no_taskflow_operators.py took 0.105 seconds
[2023-10-01T09:08:35.461-0700] {processor.py:157} INFO - Started process (PID=19957) to work on /Users/sheshmani/Desktop/SESCO/env/lib/python3.9/site-packages/airflow/example_dags/example_dynamic_task_mapping_with_no_taskflow_operators.py
[2023-10-01T09:08:35.463-0700] {processor.py:829} INFO - Processing file /Users/sheshmani/Desktop/SESCO/env/lib/python3.9/site-packages/airflow/example_dags/example_dynamic_task_mapping_with_no_taskflow_operators.py for tasks to queue
[2023-10-01T09:08:35.464-0700] {logging_mixin.py:151} INFO - [2023-10-01T09:08:35.463-0700] {dagbag.py:539} INFO - Filling up the DagBag from /Users/sheshmani/Desktop/SESCO/env/lib/python3.9/site-packages/airflow/example_dags/example_dynamic_task_mapping_with_no_taskflow_operators.py
[2023-10-01T09:08:35.474-0700] {processor.py:839} INFO - DAG(s) dict_keys(['example_dynamic_task_mapping_with_no_taskflow_operators']) retrieved from /Users/sheshmani/Desktop/SESCO/env/lib/python3.9/site-packages/airflow/example_dags/example_dynamic_task_mapping_with_no_taskflow_operators.py
[2023-10-01T09:08:35.539-0700] {logging_mixin.py:151} INFO - [2023-10-01T09:08:35.539-0700] {dag.py:2915} INFO - Sync 1 DAGs
[2023-10-01T09:08:35.545-0700] {logging_mixin.py:151} INFO - [2023-10-01T09:08:35.545-0700] {dag.py:3696} INFO - Setting next_dagrun for example_dynamic_task_mapping_with_no_taskflow_operators to 2023-09-30T16:08:35.545547+00:00, run_after=2023-10-01T16:08:35.545547+00:00
[2023-10-01T09:08:35.552-0700] {processor.py:179} INFO - Processing /Users/sheshmani/Desktop/SESCO/env/lib/python3.9/site-packages/airflow/example_dags/example_dynamic_task_mapping_with_no_taskflow_operators.py took 0.092 seconds
[2023-10-01T09:09:54.417-0700] {processor.py:157} INFO - Started process (PID=20069) to work on /Users/sheshmani/Desktop/SESCO/env/lib/python3.9/site-packages/airflow/example_dags/example_dynamic_task_mapping_with_no_taskflow_operators.py
[2023-10-01T09:09:54.419-0700] {processor.py:829} INFO - Processing file /Users/sheshmani/Desktop/SESCO/env/lib/python3.9/site-packages/airflow/example_dags/example_dynamic_task_mapping_with_no_taskflow_operators.py for tasks to queue
[2023-10-01T09:09:54.420-0700] {logging_mixin.py:151} INFO - [2023-10-01T09:09:54.419-0700] {dagbag.py:539} INFO - Filling up the DagBag from /Users/sheshmani/Desktop/SESCO/env/lib/python3.9/site-packages/airflow/example_dags/example_dynamic_task_mapping_with_no_taskflow_operators.py
[2023-10-01T09:09:54.430-0700] {processor.py:839} INFO - DAG(s) dict_keys(['example_dynamic_task_mapping_with_no_taskflow_operators']) retrieved from /Users/sheshmani/Desktop/SESCO/env/lib/python3.9/site-packages/airflow/example_dags/example_dynamic_task_mapping_with_no_taskflow_operators.py
[2023-10-01T09:09:54.495-0700] {logging_mixin.py:151} INFO - [2023-10-01T09:09:54.495-0700] {dag.py:2915} INFO - Sync 1 DAGs
[2023-10-01T09:09:54.501-0700] {logging_mixin.py:151} INFO - [2023-10-01T09:09:54.501-0700] {dag.py:3696} INFO - Setting next_dagrun for example_dynamic_task_mapping_with_no_taskflow_operators to 2023-09-30T16:09:54.501118+00:00, run_after=2023-10-01T16:09:54.501118+00:00
[2023-10-01T09:09:54.509-0700] {processor.py:179} INFO - Processing /Users/sheshmani/Desktop/SESCO/env/lib/python3.9/site-packages/airflow/example_dags/example_dynamic_task_mapping_with_no_taskflow_operators.py took 0.092 seconds
