[2023-10-01T09:04:04.858-0700] {processor.py:157} INFO - Started process (PID=19500) to work on /Users/sheshmani/Desktop/SESCO/env/lib/python3.9/site-packages/airflow/example_dags/example_xcom.py
[2023-10-01T09:04:04.860-0700] {processor.py:829} INFO - Processing file /Users/sheshmani/Desktop/SESCO/env/lib/python3.9/site-packages/airflow/example_dags/example_xcom.py for tasks to queue
[2023-10-01T09:04:04.860-0700] {logging_mixin.py:151} INFO - [2023-10-01T09:04:04.860-0700] {dagbag.py:539} INFO - Filling up the DagBag from /Users/sheshmani/Desktop/SESCO/env/lib/python3.9/site-packages/airflow/example_dags/example_xcom.py
[2023-10-01T09:04:04.882-0700] {processor.py:839} INFO - DAG(s) dict_keys(['example_xcom']) retrieved from /Users/sheshmani/Desktop/SESCO/env/lib/python3.9/site-packages/airflow/example_dags/example_xcom.py
[2023-10-01T09:04:04.947-0700] {logging_mixin.py:151} INFO - [2023-10-01T09:04:04.947-0700] {dag.py:2915} INFO - Sync 1 DAGs
[2023-10-01T09:04:04.953-0700] {logging_mixin.py:151} INFO - [2023-10-01T09:04:04.953-0700] {dag.py:3696} INFO - Setting next_dagrun for example_xcom to 2021-01-01T00:00:00+00:00, run_after=2021-01-01T00:00:00+00:00
[2023-10-01T09:04:04.961-0700] {processor.py:179} INFO - Processing /Users/sheshmani/Desktop/SESCO/env/lib/python3.9/site-packages/airflow/example_dags/example_xcom.py took 0.103 seconds
[2023-10-01T09:05:14.094-0700] {processor.py:157} INFO - Started process (PID=19659) to work on /Users/sheshmani/Desktop/SESCO/env/lib/python3.9/site-packages/airflow/example_dags/example_xcom.py
[2023-10-01T09:05:14.096-0700] {processor.py:829} INFO - Processing file /Users/sheshmani/Desktop/SESCO/env/lib/python3.9/site-packages/airflow/example_dags/example_xcom.py for tasks to queue
[2023-10-01T09:05:14.097-0700] {logging_mixin.py:151} INFO - [2023-10-01T09:05:14.097-0700] {dagbag.py:539} INFO - Filling up the DagBag from /Users/sheshmani/Desktop/SESCO/env/lib/python3.9/site-packages/airflow/example_dags/example_xcom.py
[2023-10-01T09:05:14.117-0700] {processor.py:839} INFO - DAG(s) dict_keys(['example_xcom']) retrieved from /Users/sheshmani/Desktop/SESCO/env/lib/python3.9/site-packages/airflow/example_dags/example_xcom.py
[2023-10-01T09:05:14.181-0700] {logging_mixin.py:151} INFO - [2023-10-01T09:05:14.181-0700] {dag.py:2915} INFO - Sync 1 DAGs
[2023-10-01T09:05:14.187-0700] {logging_mixin.py:151} INFO - [2023-10-01T09:05:14.187-0700] {dag.py:3696} INFO - Setting next_dagrun for example_xcom to 2021-01-01T00:00:00+00:00, run_after=2021-01-01T00:00:00+00:00
[2023-10-01T09:05:14.194-0700] {processor.py:179} INFO - Processing /Users/sheshmani/Desktop/SESCO/env/lib/python3.9/site-packages/airflow/example_dags/example_xcom.py took 0.101 seconds
[2023-10-01T09:06:24.573-0700] {processor.py:157} INFO - Started process (PID=19791) to work on /Users/sheshmani/Desktop/SESCO/env/lib/python3.9/site-packages/airflow/example_dags/example_xcom.py
[2023-10-01T09:06:24.576-0700] {processor.py:829} INFO - Processing file /Users/sheshmani/Desktop/SESCO/env/lib/python3.9/site-packages/airflow/example_dags/example_xcom.py for tasks to queue
[2023-10-01T09:06:24.576-0700] {logging_mixin.py:151} INFO - [2023-10-01T09:06:24.576-0700] {dagbag.py:539} INFO - Filling up the DagBag from /Users/sheshmani/Desktop/SESCO/env/lib/python3.9/site-packages/airflow/example_dags/example_xcom.py
[2023-10-01T09:06:24.599-0700] {processor.py:839} INFO - DAG(s) dict_keys(['example_xcom']) retrieved from /Users/sheshmani/Desktop/SESCO/env/lib/python3.9/site-packages/airflow/example_dags/example_xcom.py
[2023-10-01T09:06:24.672-0700] {logging_mixin.py:151} INFO - [2023-10-01T09:06:24.672-0700] {dag.py:2915} INFO - Sync 1 DAGs
[2023-10-01T09:06:24.678-0700] {logging_mixin.py:151} INFO - [2023-10-01T09:06:24.678-0700] {dag.py:3696} INFO - Setting next_dagrun for example_xcom to 2021-01-01T00:00:00+00:00, run_after=2021-01-01T00:00:00+00:00
[2023-10-01T09:06:24.685-0700] {processor.py:179} INFO - Processing /Users/sheshmani/Desktop/SESCO/env/lib/python3.9/site-packages/airflow/example_dags/example_xcom.py took 0.112 seconds
[2023-10-01T09:07:46.604-0700] {processor.py:157} INFO - Started process (PID=19905) to work on /Users/sheshmani/Desktop/SESCO/env/lib/python3.9/site-packages/airflow/example_dags/example_xcom.py
[2023-10-01T09:07:46.606-0700] {processor.py:829} INFO - Processing file /Users/sheshmani/Desktop/SESCO/env/lib/python3.9/site-packages/airflow/example_dags/example_xcom.py for tasks to queue
[2023-10-01T09:07:46.606-0700] {logging_mixin.py:151} INFO - [2023-10-01T09:07:46.606-0700] {dagbag.py:539} INFO - Filling up the DagBag from /Users/sheshmani/Desktop/SESCO/env/lib/python3.9/site-packages/airflow/example_dags/example_xcom.py
[2023-10-01T09:07:46.627-0700] {processor.py:839} INFO - DAG(s) dict_keys(['example_xcom']) retrieved from /Users/sheshmani/Desktop/SESCO/env/lib/python3.9/site-packages/airflow/example_dags/example_xcom.py
[2023-10-01T09:07:46.692-0700] {logging_mixin.py:151} INFO - [2023-10-01T09:07:46.691-0700] {dag.py:2915} INFO - Sync 1 DAGs
[2023-10-01T09:07:46.698-0700] {logging_mixin.py:151} INFO - [2023-10-01T09:07:46.698-0700] {dag.py:3696} INFO - Setting next_dagrun for example_xcom to 2021-01-01T00:00:00+00:00, run_after=2021-01-01T00:00:00+00:00
[2023-10-01T09:07:46.705-0700] {processor.py:179} INFO - Processing /Users/sheshmani/Desktop/SESCO/env/lib/python3.9/site-packages/airflow/example_dags/example_xcom.py took 0.101 seconds
[2023-10-01T09:09:03.061-0700] {processor.py:157} INFO - Started process (PID=19993) to work on /Users/sheshmani/Desktop/SESCO/env/lib/python3.9/site-packages/airflow/example_dags/example_xcom.py
[2023-10-01T09:09:03.067-0700] {processor.py:829} INFO - Processing file /Users/sheshmani/Desktop/SESCO/env/lib/python3.9/site-packages/airflow/example_dags/example_xcom.py for tasks to queue
[2023-10-01T09:09:03.068-0700] {logging_mixin.py:151} INFO - [2023-10-01T09:09:03.068-0700] {dagbag.py:539} INFO - Filling up the DagBag from /Users/sheshmani/Desktop/SESCO/env/lib/python3.9/site-packages/airflow/example_dags/example_xcom.py
[2023-10-01T09:09:03.120-0700] {processor.py:839} INFO - DAG(s) dict_keys(['example_xcom']) retrieved from /Users/sheshmani/Desktop/SESCO/env/lib/python3.9/site-packages/airflow/example_dags/example_xcom.py
[2023-10-01T09:09:03.340-0700] {logging_mixin.py:151} INFO - [2023-10-01T09:09:03.340-0700] {dag.py:2915} INFO - Sync 1 DAGs
[2023-10-01T09:09:03.348-0700] {logging_mixin.py:151} INFO - [2023-10-01T09:09:03.348-0700] {dag.py:3696} INFO - Setting next_dagrun for example_xcom to 2021-01-01T00:00:00+00:00, run_after=2021-01-01T00:00:00+00:00
[2023-10-01T09:09:03.358-0700] {processor.py:179} INFO - Processing /Users/sheshmani/Desktop/SESCO/env/lib/python3.9/site-packages/airflow/example_dags/example_xcom.py took 0.298 seconds
[2023-10-01T09:10:23.575-0700] {processor.py:157} INFO - Started process (PID=20102) to work on /Users/sheshmani/Desktop/SESCO/env/lib/python3.9/site-packages/airflow/example_dags/example_xcom.py
[2023-10-01T09:10:23.578-0700] {processor.py:829} INFO - Processing file /Users/sheshmani/Desktop/SESCO/env/lib/python3.9/site-packages/airflow/example_dags/example_xcom.py for tasks to queue
[2023-10-01T09:10:23.579-0700] {logging_mixin.py:151} INFO - [2023-10-01T09:10:23.578-0700] {dagbag.py:539} INFO - Filling up the DagBag from /Users/sheshmani/Desktop/SESCO/env/lib/python3.9/site-packages/airflow/example_dags/example_xcom.py
[2023-10-01T09:10:23.599-0700] {processor.py:839} INFO - DAG(s) dict_keys(['example_xcom']) retrieved from /Users/sheshmani/Desktop/SESCO/env/lib/python3.9/site-packages/airflow/example_dags/example_xcom.py
[2023-10-01T09:10:23.662-0700] {logging_mixin.py:151} INFO - [2023-10-01T09:10:23.662-0700] {dag.py:2915} INFO - Sync 1 DAGs
[2023-10-01T09:10:23.667-0700] {logging_mixin.py:151} INFO - [2023-10-01T09:10:23.667-0700] {dag.py:3696} INFO - Setting next_dagrun for example_xcom to 2021-01-01T00:00:00+00:00, run_after=2021-01-01T00:00:00+00:00
[2023-10-01T09:10:23.674-0700] {processor.py:179} INFO - Processing /Users/sheshmani/Desktop/SESCO/env/lib/python3.9/site-packages/airflow/example_dags/example_xcom.py took 0.099 seconds
