[2023-10-01T09:04:45.338-0700] {processor.py:157} INFO - Started process (PID=19559) to work on /Users/sheshmani/Desktop/SESCO/env/lib/python3.9/site-packages/airflow/example_dags/example_datasets.py
[2023-10-01T09:04:45.340-0700] {processor.py:829} INFO - Processing file /Users/sheshmani/Desktop/SESCO/env/lib/python3.9/site-packages/airflow/example_dags/example_datasets.py for tasks to queue
[2023-10-01T09:04:45.340-0700] {logging_mixin.py:151} INFO - [2023-10-01T09:04:45.340-0700] {dagbag.py:539} INFO - Filling up the DagBag from /Users/sheshmani/Desktop/SESCO/env/lib/python3.9/site-packages/airflow/example_dags/example_datasets.py
[2023-10-01T09:04:45.354-0700] {processor.py:839} INFO - DAG(s) dict_keys(['dataset_produces_1', 'dataset_consumes_1', 'dataset_consumes_1_and_2', 'dataset_consumes_1_never_scheduled', 'dataset_consumes_unknown_never_scheduled', 'dataset_produces_2']) retrieved from /Users/sheshmani/Desktop/SESCO/env/lib/python3.9/site-packages/airflow/example_dags/example_datasets.py
[2023-10-01T09:04:45.430-0700] {logging_mixin.py:151} INFO - [2023-10-01T09:04:45.430-0700] {dag.py:2915} INFO - Sync 6 DAGs
[2023-10-01T09:04:45.437-0700] {logging_mixin.py:151} INFO - [2023-10-01T09:04:45.436-0700] {dag.py:3696} INFO - Setting next_dagrun for dataset_consumes_1 to None, run_after=None
[2023-10-01T09:04:45.438-0700] {logging_mixin.py:151} INFO - [2023-10-01T09:04:45.437-0700] {dag.py:3696} INFO - Setting next_dagrun for dataset_consumes_1_and_2 to None, run_after=None
[2023-10-01T09:04:45.438-0700] {logging_mixin.py:151} INFO - [2023-10-01T09:04:45.438-0700] {dag.py:3696} INFO - Setting next_dagrun for dataset_consumes_1_never_scheduled to None, run_after=None
[2023-10-01T09:04:45.438-0700] {logging_mixin.py:151} INFO - [2023-10-01T09:04:45.438-0700] {dag.py:3696} INFO - Setting next_dagrun for dataset_consumes_unknown_never_scheduled to None, run_after=None
[2023-10-01T09:04:45.439-0700] {logging_mixin.py:151} INFO - [2023-10-01T09:04:45.439-0700] {dag.py:3696} INFO - Setting next_dagrun for dataset_produces_1 to 2023-09-30T00:00:00+00:00, run_after=2023-10-01T00:00:00+00:00
[2023-10-01T09:04:45.439-0700] {logging_mixin.py:151} INFO - [2023-10-01T09:04:45.439-0700] {dag.py:3696} INFO - Setting next_dagrun for dataset_produces_2 to None, run_after=None
[2023-10-01T09:04:45.450-0700] {processor.py:179} INFO - Processing /Users/sheshmani/Desktop/SESCO/env/lib/python3.9/site-packages/airflow/example_dags/example_datasets.py took 0.112 seconds
[2023-10-01T09:05:57.180-0700] {processor.py:157} INFO - Started process (PID=19729) to work on /Users/sheshmani/Desktop/SESCO/env/lib/python3.9/site-packages/airflow/example_dags/example_datasets.py
[2023-10-01T09:05:57.182-0700] {processor.py:829} INFO - Processing file /Users/sheshmani/Desktop/SESCO/env/lib/python3.9/site-packages/airflow/example_dags/example_datasets.py for tasks to queue
[2023-10-01T09:05:57.182-0700] {logging_mixin.py:151} INFO - [2023-10-01T09:05:57.182-0700] {dagbag.py:539} INFO - Filling up the DagBag from /Users/sheshmani/Desktop/SESCO/env/lib/python3.9/site-packages/airflow/example_dags/example_datasets.py
[2023-10-01T09:05:57.194-0700] {processor.py:839} INFO - DAG(s) dict_keys(['dataset_produces_2', 'dataset_consumes_unknown_never_scheduled', 'dataset_consumes_1', 'dataset_consumes_1_never_scheduled', 'dataset_consumes_1_and_2', 'dataset_produces_1']) retrieved from /Users/sheshmani/Desktop/SESCO/env/lib/python3.9/site-packages/airflow/example_dags/example_datasets.py
[2023-10-01T09:05:57.269-0700] {logging_mixin.py:151} INFO - [2023-10-01T09:05:57.268-0700] {dag.py:2915} INFO - Sync 6 DAGs
[2023-10-01T09:05:57.275-0700] {logging_mixin.py:151} INFO - [2023-10-01T09:05:57.275-0700] {dag.py:3696} INFO - Setting next_dagrun for dataset_consumes_1 to None, run_after=None
[2023-10-01T09:05:57.277-0700] {logging_mixin.py:151} INFO - [2023-10-01T09:05:57.277-0700] {dag.py:3696} INFO - Setting next_dagrun for dataset_consumes_1_and_2 to None, run_after=None
[2023-10-01T09:05:57.277-0700] {logging_mixin.py:151} INFO - [2023-10-01T09:05:57.277-0700] {dag.py:3696} INFO - Setting next_dagrun for dataset_consumes_1_never_scheduled to None, run_after=None
[2023-10-01T09:05:57.277-0700] {logging_mixin.py:151} INFO - [2023-10-01T09:05:57.277-0700] {dag.py:3696} INFO - Setting next_dagrun for dataset_consumes_unknown_never_scheduled to None, run_after=None
[2023-10-01T09:05:57.278-0700] {logging_mixin.py:151} INFO - [2023-10-01T09:05:57.278-0700] {dag.py:3696} INFO - Setting next_dagrun for dataset_produces_1 to 2023-09-30T00:00:00+00:00, run_after=2023-10-01T00:00:00+00:00
[2023-10-01T09:05:57.278-0700] {logging_mixin.py:151} INFO - [2023-10-01T09:05:57.278-0700] {dag.py:3696} INFO - Setting next_dagrun for dataset_produces_2 to None, run_after=None
[2023-10-01T09:05:57.288-0700] {processor.py:179} INFO - Processing /Users/sheshmani/Desktop/SESCO/env/lib/python3.9/site-packages/airflow/example_dags/example_datasets.py took 0.109 seconds
[2023-10-01T09:07:12.681-0700] {processor.py:157} INFO - Started process (PID=19844) to work on /Users/sheshmani/Desktop/SESCO/env/lib/python3.9/site-packages/airflow/example_dags/example_datasets.py
[2023-10-01T09:07:12.684-0700] {processor.py:829} INFO - Processing file /Users/sheshmani/Desktop/SESCO/env/lib/python3.9/site-packages/airflow/example_dags/example_datasets.py for tasks to queue
[2023-10-01T09:07:12.684-0700] {logging_mixin.py:151} INFO - [2023-10-01T09:07:12.684-0700] {dagbag.py:539} INFO - Filling up the DagBag from /Users/sheshmani/Desktop/SESCO/env/lib/python3.9/site-packages/airflow/example_dags/example_datasets.py
[2023-10-01T09:07:12.696-0700] {processor.py:839} INFO - DAG(s) dict_keys(['dataset_consumes_1_never_scheduled', 'dataset_consumes_1', 'dataset_produces_1', 'dataset_produces_2', 'dataset_consumes_unknown_never_scheduled', 'dataset_consumes_1_and_2']) retrieved from /Users/sheshmani/Desktop/SESCO/env/lib/python3.9/site-packages/airflow/example_dags/example_datasets.py
[2023-10-01T09:07:12.765-0700] {logging_mixin.py:151} INFO - [2023-10-01T09:07:12.765-0700] {dag.py:2915} INFO - Sync 6 DAGs
[2023-10-01T09:07:12.772-0700] {logging_mixin.py:151} INFO - [2023-10-01T09:07:12.772-0700] {dag.py:3696} INFO - Setting next_dagrun for dataset_consumes_1 to None, run_after=None
[2023-10-01T09:07:12.773-0700] {logging_mixin.py:151} INFO - [2023-10-01T09:07:12.773-0700] {dag.py:3696} INFO - Setting next_dagrun for dataset_consumes_1_and_2 to None, run_after=None
[2023-10-01T09:07:12.773-0700] {logging_mixin.py:151} INFO - [2023-10-01T09:07:12.773-0700] {dag.py:3696} INFO - Setting next_dagrun for dataset_consumes_1_never_scheduled to None, run_after=None
[2023-10-01T09:07:12.774-0700] {logging_mixin.py:151} INFO - [2023-10-01T09:07:12.774-0700] {dag.py:3696} INFO - Setting next_dagrun for dataset_consumes_unknown_never_scheduled to None, run_after=None
[2023-10-01T09:07:12.775-0700] {logging_mixin.py:151} INFO - [2023-10-01T09:07:12.774-0700] {dag.py:3696} INFO - Setting next_dagrun for dataset_produces_1 to 2023-09-30T00:00:00+00:00, run_after=2023-10-01T00:00:00+00:00
[2023-10-01T09:07:12.775-0700] {logging_mixin.py:151} INFO - [2023-10-01T09:07:12.775-0700] {dag.py:3696} INFO - Setting next_dagrun for dataset_produces_2 to None, run_after=None
[2023-10-01T09:07:12.785-0700] {processor.py:179} INFO - Processing /Users/sheshmani/Desktop/SESCO/env/lib/python3.9/site-packages/airflow/example_dags/example_datasets.py took 0.104 seconds
[2023-10-01T09:08:37.798-0700] {processor.py:157} INFO - Started process (PID=19960) to work on /Users/sheshmani/Desktop/SESCO/env/lib/python3.9/site-packages/airflow/example_dags/example_datasets.py
[2023-10-01T09:08:37.801-0700] {processor.py:829} INFO - Processing file /Users/sheshmani/Desktop/SESCO/env/lib/python3.9/site-packages/airflow/example_dags/example_datasets.py for tasks to queue
[2023-10-01T09:08:37.801-0700] {logging_mixin.py:151} INFO - [2023-10-01T09:08:37.801-0700] {dagbag.py:539} INFO - Filling up the DagBag from /Users/sheshmani/Desktop/SESCO/env/lib/python3.9/site-packages/airflow/example_dags/example_datasets.py
[2023-10-01T09:08:37.814-0700] {processor.py:839} INFO - DAG(s) dict_keys(['dataset_consumes_1_never_scheduled', 'dataset_consumes_1_and_2', 'dataset_produces_2', 'dataset_consumes_unknown_never_scheduled', 'dataset_consumes_1', 'dataset_produces_1']) retrieved from /Users/sheshmani/Desktop/SESCO/env/lib/python3.9/site-packages/airflow/example_dags/example_datasets.py
[2023-10-01T09:08:37.882-0700] {logging_mixin.py:151} INFO - [2023-10-01T09:08:37.882-0700] {dag.py:2915} INFO - Sync 6 DAGs
[2023-10-01T09:08:37.890-0700] {logging_mixin.py:151} INFO - [2023-10-01T09:08:37.890-0700] {dag.py:3696} INFO - Setting next_dagrun for dataset_consumes_1 to None, run_after=None
[2023-10-01T09:08:37.891-0700] {logging_mixin.py:151} INFO - [2023-10-01T09:08:37.891-0700] {dag.py:3696} INFO - Setting next_dagrun for dataset_consumes_1_and_2 to None, run_after=None
[2023-10-01T09:08:37.892-0700] {logging_mixin.py:151} INFO - [2023-10-01T09:08:37.892-0700] {dag.py:3696} INFO - Setting next_dagrun for dataset_consumes_1_never_scheduled to None, run_after=None
[2023-10-01T09:08:37.892-0700] {logging_mixin.py:151} INFO - [2023-10-01T09:08:37.892-0700] {dag.py:3696} INFO - Setting next_dagrun for dataset_consumes_unknown_never_scheduled to None, run_after=None
[2023-10-01T09:08:37.893-0700] {logging_mixin.py:151} INFO - [2023-10-01T09:08:37.893-0700] {dag.py:3696} INFO - Setting next_dagrun for dataset_produces_1 to 2023-09-30T00:00:00+00:00, run_after=2023-10-01T00:00:00+00:00
[2023-10-01T09:08:37.893-0700] {logging_mixin.py:151} INFO - [2023-10-01T09:08:37.893-0700] {dag.py:3696} INFO - Setting next_dagrun for dataset_produces_2 to None, run_after=None
[2023-10-01T09:08:37.904-0700] {processor.py:179} INFO - Processing /Users/sheshmani/Desktop/SESCO/env/lib/python3.9/site-packages/airflow/example_dags/example_datasets.py took 0.106 seconds
[2023-10-01T09:09:57.635-0700] {processor.py:157} INFO - Started process (PID=20072) to work on /Users/sheshmani/Desktop/SESCO/env/lib/python3.9/site-packages/airflow/example_dags/example_datasets.py
[2023-10-01T09:09:57.637-0700] {processor.py:829} INFO - Processing file /Users/sheshmani/Desktop/SESCO/env/lib/python3.9/site-packages/airflow/example_dags/example_datasets.py for tasks to queue
[2023-10-01T09:09:57.638-0700] {logging_mixin.py:151} INFO - [2023-10-01T09:09:57.638-0700] {dagbag.py:539} INFO - Filling up the DagBag from /Users/sheshmani/Desktop/SESCO/env/lib/python3.9/site-packages/airflow/example_dags/example_datasets.py
[2023-10-01T09:09:57.650-0700] {processor.py:839} INFO - DAG(s) dict_keys(['dataset_produces_2', 'dataset_produces_1', 'dataset_consumes_unknown_never_scheduled', 'dataset_consumes_1_and_2', 'dataset_consumes_1_never_scheduled', 'dataset_consumes_1']) retrieved from /Users/sheshmani/Desktop/SESCO/env/lib/python3.9/site-packages/airflow/example_dags/example_datasets.py
[2023-10-01T09:09:57.720-0700] {logging_mixin.py:151} INFO - [2023-10-01T09:09:57.720-0700] {dag.py:2915} INFO - Sync 6 DAGs
[2023-10-01T09:09:57.726-0700] {logging_mixin.py:151} INFO - [2023-10-01T09:09:57.726-0700] {dag.py:3696} INFO - Setting next_dagrun for dataset_consumes_1 to None, run_after=None
[2023-10-01T09:09:57.727-0700] {logging_mixin.py:151} INFO - [2023-10-01T09:09:57.727-0700] {dag.py:3696} INFO - Setting next_dagrun for dataset_consumes_1_and_2 to None, run_after=None
[2023-10-01T09:09:57.728-0700] {logging_mixin.py:151} INFO - [2023-10-01T09:09:57.728-0700] {dag.py:3696} INFO - Setting next_dagrun for dataset_consumes_1_never_scheduled to None, run_after=None
[2023-10-01T09:09:57.728-0700] {logging_mixin.py:151} INFO - [2023-10-01T09:09:57.728-0700] {dag.py:3696} INFO - Setting next_dagrun for dataset_consumes_unknown_never_scheduled to None, run_after=None
[2023-10-01T09:09:57.729-0700] {logging_mixin.py:151} INFO - [2023-10-01T09:09:57.729-0700] {dag.py:3696} INFO - Setting next_dagrun for dataset_produces_1 to 2023-09-30T00:00:00+00:00, run_after=2023-10-01T00:00:00+00:00
[2023-10-01T09:09:57.729-0700] {logging_mixin.py:151} INFO - [2023-10-01T09:09:57.729-0700] {dag.py:3696} INFO - Setting next_dagrun for dataset_produces_2 to None, run_after=None
[2023-10-01T09:09:57.739-0700] {processor.py:179} INFO - Processing /Users/sheshmani/Desktop/SESCO/env/lib/python3.9/site-packages/airflow/example_dags/example_datasets.py took 0.105 seconds
