[2023-10-01T09:04:16.761-0700] {processor.py:157} INFO - Started process (PID=19518) to work on /Users/sheshmani/Desktop/SESCO/env/lib/python3.9/site-packages/airflow/example_dags/example_skip_dag.py
[2023-10-01T09:04:16.763-0700] {processor.py:829} INFO - Processing file /Users/sheshmani/Desktop/SESCO/env/lib/python3.9/site-packages/airflow/example_dags/example_skip_dag.py for tasks to queue
[2023-10-01T09:04:16.764-0700] {logging_mixin.py:151} INFO - [2023-10-01T09:04:16.764-0700] {dagbag.py:539} INFO - Filling up the DagBag from /Users/sheshmani/Desktop/SESCO/env/lib/python3.9/site-packages/airflow/example_dags/example_skip_dag.py
[2023-10-01T09:04:16.774-0700] {processor.py:839} INFO - DAG(s) dict_keys(['example_skip_dag']) retrieved from /Users/sheshmani/Desktop/SESCO/env/lib/python3.9/site-packages/airflow/example_dags/example_skip_dag.py
[2023-10-01T09:04:16.839-0700] {logging_mixin.py:151} INFO - [2023-10-01T09:04:16.839-0700] {dag.py:2915} INFO - Sync 1 DAGs
[2023-10-01T09:04:16.845-0700] {logging_mixin.py:151} INFO - [2023-10-01T09:04:16.845-0700] {dag.py:3696} INFO - Setting next_dagrun for example_skip_dag to 2023-09-30T16:04:16.845401+00:00, run_after=2023-10-01T16:04:16.845401+00:00
[2023-10-01T09:04:16.852-0700] {processor.py:179} INFO - Processing /Users/sheshmani/Desktop/SESCO/env/lib/python3.9/site-packages/airflow/example_dags/example_skip_dag.py took 0.091 seconds
[2023-10-01T09:05:25.734-0700] {processor.py:157} INFO - Started process (PID=19671) to work on /Users/sheshmani/Desktop/SESCO/env/lib/python3.9/site-packages/airflow/example_dags/example_skip_dag.py
[2023-10-01T09:05:25.737-0700] {processor.py:829} INFO - Processing file /Users/sheshmani/Desktop/SESCO/env/lib/python3.9/site-packages/airflow/example_dags/example_skip_dag.py for tasks to queue
[2023-10-01T09:05:25.737-0700] {logging_mixin.py:151} INFO - [2023-10-01T09:05:25.737-0700] {dagbag.py:539} INFO - Filling up the DagBag from /Users/sheshmani/Desktop/SESCO/env/lib/python3.9/site-packages/airflow/example_dags/example_skip_dag.py
[2023-10-01T09:05:25.747-0700] {processor.py:839} INFO - DAG(s) dict_keys(['example_skip_dag']) retrieved from /Users/sheshmani/Desktop/SESCO/env/lib/python3.9/site-packages/airflow/example_dags/example_skip_dag.py
[2023-10-01T09:05:25.813-0700] {logging_mixin.py:151} INFO - [2023-10-01T09:05:25.813-0700] {dag.py:2915} INFO - Sync 1 DAGs
[2023-10-01T09:05:25.819-0700] {logging_mixin.py:151} INFO - [2023-10-01T09:05:25.819-0700] {dag.py:3696} INFO - Setting next_dagrun for example_skip_dag to 2023-09-30T16:05:25.819527+00:00, run_after=2023-10-01T16:05:25.819527+00:00
[2023-10-01T09:05:25.827-0700] {processor.py:179} INFO - Processing /Users/sheshmani/Desktop/SESCO/env/lib/python3.9/site-packages/airflow/example_dags/example_skip_dag.py took 0.094 seconds
[2023-10-01T09:06:35.856-0700] {processor.py:157} INFO - Started process (PID=19809) to work on /Users/sheshmani/Desktop/SESCO/env/lib/python3.9/site-packages/airflow/example_dags/example_skip_dag.py
[2023-10-01T09:06:35.858-0700] {processor.py:829} INFO - Processing file /Users/sheshmani/Desktop/SESCO/env/lib/python3.9/site-packages/airflow/example_dags/example_skip_dag.py for tasks to queue
[2023-10-01T09:06:35.858-0700] {logging_mixin.py:151} INFO - [2023-10-01T09:06:35.858-0700] {dagbag.py:539} INFO - Filling up the DagBag from /Users/sheshmani/Desktop/SESCO/env/lib/python3.9/site-packages/airflow/example_dags/example_skip_dag.py
[2023-10-01T09:06:35.869-0700] {processor.py:839} INFO - DAG(s) dict_keys(['example_skip_dag']) retrieved from /Users/sheshmani/Desktop/SESCO/env/lib/python3.9/site-packages/airflow/example_dags/example_skip_dag.py
[2023-10-01T09:06:35.941-0700] {logging_mixin.py:151} INFO - [2023-10-01T09:06:35.941-0700] {dag.py:2915} INFO - Sync 1 DAGs
[2023-10-01T09:06:35.947-0700] {logging_mixin.py:151} INFO - [2023-10-01T09:06:35.947-0700] {dag.py:3696} INFO - Setting next_dagrun for example_skip_dag to 2023-09-30T16:06:35.947395+00:00, run_after=2023-10-01T16:06:35.947395+00:00
[2023-10-01T09:06:35.954-0700] {processor.py:179} INFO - Processing /Users/sheshmani/Desktop/SESCO/env/lib/python3.9/site-packages/airflow/example_dags/example_skip_dag.py took 0.099 seconds
[2023-10-01T09:07:58.845-0700] {processor.py:157} INFO - Started process (PID=19922) to work on /Users/sheshmani/Desktop/SESCO/env/lib/python3.9/site-packages/airflow/example_dags/example_skip_dag.py
[2023-10-01T09:07:58.848-0700] {processor.py:829} INFO - Processing file /Users/sheshmani/Desktop/SESCO/env/lib/python3.9/site-packages/airflow/example_dags/example_skip_dag.py for tasks to queue
[2023-10-01T09:07:58.848-0700] {logging_mixin.py:151} INFO - [2023-10-01T09:07:58.848-0700] {dagbag.py:539} INFO - Filling up the DagBag from /Users/sheshmani/Desktop/SESCO/env/lib/python3.9/site-packages/airflow/example_dags/example_skip_dag.py
[2023-10-01T09:07:58.858-0700] {processor.py:839} INFO - DAG(s) dict_keys(['example_skip_dag']) retrieved from /Users/sheshmani/Desktop/SESCO/env/lib/python3.9/site-packages/airflow/example_dags/example_skip_dag.py
[2023-10-01T09:07:58.923-0700] {logging_mixin.py:151} INFO - [2023-10-01T09:07:58.923-0700] {dag.py:2915} INFO - Sync 1 DAGs
[2023-10-01T09:07:58.929-0700] {logging_mixin.py:151} INFO - [2023-10-01T09:07:58.929-0700] {dag.py:3696} INFO - Setting next_dagrun for example_skip_dag to 2023-09-30T16:07:58.928963+00:00, run_after=2023-10-01T16:07:58.928963+00:00
[2023-10-01T09:07:58.936-0700] {processor.py:179} INFO - Processing /Users/sheshmani/Desktop/SESCO/env/lib/python3.9/site-packages/airflow/example_dags/example_skip_dag.py took 0.092 seconds
[2023-10-01T09:09:14.151-0700] {processor.py:157} INFO - Started process (PID=20007) to work on /Users/sheshmani/Desktop/SESCO/env/lib/python3.9/site-packages/airflow/example_dags/example_skip_dag.py
[2023-10-01T09:09:14.154-0700] {processor.py:829} INFO - Processing file /Users/sheshmani/Desktop/SESCO/env/lib/python3.9/site-packages/airflow/example_dags/example_skip_dag.py for tasks to queue
[2023-10-01T09:09:14.154-0700] {logging_mixin.py:151} INFO - [2023-10-01T09:09:14.154-0700] {dagbag.py:539} INFO - Filling up the DagBag from /Users/sheshmani/Desktop/SESCO/env/lib/python3.9/site-packages/airflow/example_dags/example_skip_dag.py
[2023-10-01T09:09:14.165-0700] {processor.py:839} INFO - DAG(s) dict_keys(['example_skip_dag']) retrieved from /Users/sheshmani/Desktop/SESCO/env/lib/python3.9/site-packages/airflow/example_dags/example_skip_dag.py
[2023-10-01T09:09:14.239-0700] {logging_mixin.py:151} INFO - [2023-10-01T09:09:14.239-0700] {dag.py:2915} INFO - Sync 1 DAGs
[2023-10-01T09:09:14.255-0700] {logging_mixin.py:151} INFO - [2023-10-01T09:09:14.255-0700] {dag.py:3696} INFO - Setting next_dagrun for example_skip_dag to 2023-09-30T16:09:14.255151+00:00, run_after=2023-10-01T16:09:14.255151+00:00
[2023-10-01T09:09:14.293-0700] {processor.py:179} INFO - Processing /Users/sheshmani/Desktop/SESCO/env/lib/python3.9/site-packages/airflow/example_dags/example_skip_dag.py took 0.143 seconds
[2023-10-01T09:10:34.805-0700] {processor.py:157} INFO - Started process (PID=20111) to work on /Users/sheshmani/Desktop/SESCO/env/lib/python3.9/site-packages/airflow/example_dags/example_skip_dag.py
[2023-10-01T09:10:34.807-0700] {processor.py:829} INFO - Processing file /Users/sheshmani/Desktop/SESCO/env/lib/python3.9/site-packages/airflow/example_dags/example_skip_dag.py for tasks to queue
[2023-10-01T09:10:34.807-0700] {logging_mixin.py:151} INFO - [2023-10-01T09:10:34.807-0700] {dagbag.py:539} INFO - Filling up the DagBag from /Users/sheshmani/Desktop/SESCO/env/lib/python3.9/site-packages/airflow/example_dags/example_skip_dag.py
[2023-10-01T09:10:34.818-0700] {processor.py:839} INFO - DAG(s) dict_keys(['example_skip_dag']) retrieved from /Users/sheshmani/Desktop/SESCO/env/lib/python3.9/site-packages/airflow/example_dags/example_skip_dag.py
[2023-10-01T09:10:34.884-0700] {logging_mixin.py:151} INFO - [2023-10-01T09:10:34.884-0700] {dag.py:2915} INFO - Sync 1 DAGs
[2023-10-01T09:10:34.890-0700] {logging_mixin.py:151} INFO - [2023-10-01T09:10:34.890-0700] {dag.py:3696} INFO - Setting next_dagrun for example_skip_dag to 2023-09-30T16:10:34.890645+00:00, run_after=2023-10-01T16:10:34.890645+00:00
[2023-10-01T09:10:34.898-0700] {processor.py:179} INFO - Processing /Users/sheshmani/Desktop/SESCO/env/lib/python3.9/site-packages/airflow/example_dags/example_skip_dag.py took 0.093 seconds
