[2023-10-01T09:04:13.551-0700] {processor.py:157} INFO - Started process (PID=19516) to work on /Users/sheshmani/Desktop/SESCO/env/lib/python3.9/site-packages/airflow/example_dags/example_subdag_operator.py
[2023-10-01T09:04:13.553-0700] {processor.py:829} INFO - Processing file /Users/sheshmani/Desktop/SESCO/env/lib/python3.9/site-packages/airflow/example_dags/example_subdag_operator.py for tasks to queue
[2023-10-01T09:04:13.553-0700] {logging_mixin.py:151} INFO - [2023-10-01T09:04:13.553-0700] {dagbag.py:539} INFO - Filling up the DagBag from /Users/sheshmani/Desktop/SESCO/env/lib/python3.9/site-packages/airflow/example_dags/example_subdag_operator.py
[2023-10-01T09:04:13.608-0700] {processor.py:839} INFO - DAG(s) dict_keys(['example_subdag_operator.section-1', 'example_subdag_operator.section-2', 'example_subdag_operator']) retrieved from /Users/sheshmani/Desktop/SESCO/env/lib/python3.9/site-packages/airflow/example_dags/example_subdag_operator.py
[2023-10-01T09:04:13.639-0700] {logging_mixin.py:151} INFO - [2023-10-01T09:04:13.639-0700] {dag.py:2915} INFO - Sync 3 DAGs
[2023-10-01T09:04:13.645-0700] {logging_mixin.py:151} INFO - [2023-10-01T09:04:13.645-0700] {dag.py:3696} INFO - Setting next_dagrun for example_subdag_operator to 2022-01-01T00:00:00+00:00, run_after=2022-01-01T00:00:00+00:00
[2023-10-01T09:04:13.646-0700] {logging_mixin.py:151} INFO - [2023-10-01T09:04:13.646-0700] {dag.py:3696} INFO - Setting next_dagrun for example_subdag_operator.section-1 to None, run_after=None
[2023-10-01T09:04:13.647-0700] {logging_mixin.py:151} INFO - [2023-10-01T09:04:13.647-0700] {dag.py:3696} INFO - Setting next_dagrun for example_subdag_operator.section-2 to None, run_after=None
[2023-10-01T09:04:13.649-0700] {logging_mixin.py:151} INFO - [2023-10-01T09:04:13.649-0700] {dag.py:2915} INFO - Sync 2 DAGs
[2023-10-01T09:04:13.650-0700] {logging_mixin.py:151} INFO - [2023-10-01T09:04:13.650-0700] {dag.py:3696} INFO - Setting next_dagrun for example_subdag_operator.section-1 to None, run_after=None
[2023-10-01T09:04:13.650-0700] {logging_mixin.py:151} INFO - [2023-10-01T09:04:13.650-0700] {dag.py:3696} INFO - Setting next_dagrun for example_subdag_operator.section-2 to None, run_after=None
[2023-10-01T09:04:13.655-0700] {processor.py:179} INFO - Processing /Users/sheshmani/Desktop/SESCO/env/lib/python3.9/site-packages/airflow/example_dags/example_subdag_operator.py took 0.104 seconds
[2023-10-01T09:05:22.519-0700] {processor.py:157} INFO - Started process (PID=19667) to work on /Users/sheshmani/Desktop/SESCO/env/lib/python3.9/site-packages/airflow/example_dags/example_subdag_operator.py
[2023-10-01T09:05:22.522-0700] {processor.py:829} INFO - Processing file /Users/sheshmani/Desktop/SESCO/env/lib/python3.9/site-packages/airflow/example_dags/example_subdag_operator.py for tasks to queue
[2023-10-01T09:05:22.522-0700] {logging_mixin.py:151} INFO - [2023-10-01T09:05:22.522-0700] {dagbag.py:539} INFO - Filling up the DagBag from /Users/sheshmani/Desktop/SESCO/env/lib/python3.9/site-packages/airflow/example_dags/example_subdag_operator.py
[2023-10-01T09:05:22.577-0700] {processor.py:839} INFO - DAG(s) dict_keys(['example_subdag_operator.section-1', 'example_subdag_operator.section-2', 'example_subdag_operator']) retrieved from /Users/sheshmani/Desktop/SESCO/env/lib/python3.9/site-packages/airflow/example_dags/example_subdag_operator.py
[2023-10-01T09:05:22.608-0700] {logging_mixin.py:151} INFO - [2023-10-01T09:05:22.608-0700] {dag.py:2915} INFO - Sync 3 DAGs
[2023-10-01T09:05:22.614-0700] {logging_mixin.py:151} INFO - [2023-10-01T09:05:22.614-0700] {dag.py:3696} INFO - Setting next_dagrun for example_subdag_operator to 2022-01-01T00:00:00+00:00, run_after=2022-01-01T00:00:00+00:00
[2023-10-01T09:05:22.615-0700] {logging_mixin.py:151} INFO - [2023-10-01T09:05:22.615-0700] {dag.py:3696} INFO - Setting next_dagrun for example_subdag_operator.section-1 to None, run_after=None
[2023-10-01T09:05:22.615-0700] {logging_mixin.py:151} INFO - [2023-10-01T09:05:22.615-0700] {dag.py:3696} INFO - Setting next_dagrun for example_subdag_operator.section-2 to None, run_after=None
[2023-10-01T09:05:22.617-0700] {logging_mixin.py:151} INFO - [2023-10-01T09:05:22.617-0700] {dag.py:2915} INFO - Sync 2 DAGs
[2023-10-01T09:05:22.619-0700] {logging_mixin.py:151} INFO - [2023-10-01T09:05:22.619-0700] {dag.py:3696} INFO - Setting next_dagrun for example_subdag_operator.section-1 to None, run_after=None
[2023-10-01T09:05:22.619-0700] {logging_mixin.py:151} INFO - [2023-10-01T09:05:22.619-0700] {dag.py:3696} INFO - Setting next_dagrun for example_subdag_operator.section-2 to None, run_after=None
[2023-10-01T09:05:22.623-0700] {processor.py:179} INFO - Processing /Users/sheshmani/Desktop/SESCO/env/lib/python3.9/site-packages/airflow/example_dags/example_subdag_operator.py took 0.104 seconds
[2023-10-01T09:06:32.503-0700] {processor.py:157} INFO - Started process (PID=19805) to work on /Users/sheshmani/Desktop/SESCO/env/lib/python3.9/site-packages/airflow/example_dags/example_subdag_operator.py
[2023-10-01T09:06:32.507-0700] {processor.py:829} INFO - Processing file /Users/sheshmani/Desktop/SESCO/env/lib/python3.9/site-packages/airflow/example_dags/example_subdag_operator.py for tasks to queue
[2023-10-01T09:06:32.508-0700] {logging_mixin.py:151} INFO - [2023-10-01T09:06:32.507-0700] {dagbag.py:539} INFO - Filling up the DagBag from /Users/sheshmani/Desktop/SESCO/env/lib/python3.9/site-packages/airflow/example_dags/example_subdag_operator.py
[2023-10-01T09:06:32.565-0700] {processor.py:839} INFO - DAG(s) dict_keys(['example_subdag_operator.section-1', 'example_subdag_operator.section-2', 'example_subdag_operator']) retrieved from /Users/sheshmani/Desktop/SESCO/env/lib/python3.9/site-packages/airflow/example_dags/example_subdag_operator.py
[2023-10-01T09:06:32.598-0700] {logging_mixin.py:151} INFO - [2023-10-01T09:06:32.598-0700] {dag.py:2915} INFO - Sync 3 DAGs
[2023-10-01T09:06:32.604-0700] {logging_mixin.py:151} INFO - [2023-10-01T09:06:32.604-0700] {dag.py:3696} INFO - Setting next_dagrun for example_subdag_operator to 2022-01-01T00:00:00+00:00, run_after=2022-01-01T00:00:00+00:00
[2023-10-01T09:06:32.605-0700] {logging_mixin.py:151} INFO - [2023-10-01T09:06:32.605-0700] {dag.py:3696} INFO - Setting next_dagrun for example_subdag_operator.section-1 to None, run_after=None
[2023-10-01T09:06:32.605-0700] {logging_mixin.py:151} INFO - [2023-10-01T09:06:32.605-0700] {dag.py:3696} INFO - Setting next_dagrun for example_subdag_operator.section-2 to None, run_after=None
[2023-10-01T09:06:32.607-0700] {logging_mixin.py:151} INFO - [2023-10-01T09:06:32.607-0700] {dag.py:2915} INFO - Sync 2 DAGs
[2023-10-01T09:06:32.609-0700] {logging_mixin.py:151} INFO - [2023-10-01T09:06:32.609-0700] {dag.py:3696} INFO - Setting next_dagrun for example_subdag_operator.section-1 to None, run_after=None
[2023-10-01T09:06:32.609-0700] {logging_mixin.py:151} INFO - [2023-10-01T09:06:32.609-0700] {dag.py:3696} INFO - Setting next_dagrun for example_subdag_operator.section-2 to None, run_after=None
[2023-10-01T09:06:32.613-0700] {processor.py:179} INFO - Processing /Users/sheshmani/Desktop/SESCO/env/lib/python3.9/site-packages/airflow/example_dags/example_subdag_operator.py took 0.110 seconds
[2023-10-01T09:07:55.576-0700] {processor.py:157} INFO - Started process (PID=19917) to work on /Users/sheshmani/Desktop/SESCO/env/lib/python3.9/site-packages/airflow/example_dags/example_subdag_operator.py
[2023-10-01T09:07:55.579-0700] {processor.py:829} INFO - Processing file /Users/sheshmani/Desktop/SESCO/env/lib/python3.9/site-packages/airflow/example_dags/example_subdag_operator.py for tasks to queue
[2023-10-01T09:07:55.579-0700] {logging_mixin.py:151} INFO - [2023-10-01T09:07:55.579-0700] {dagbag.py:539} INFO - Filling up the DagBag from /Users/sheshmani/Desktop/SESCO/env/lib/python3.9/site-packages/airflow/example_dags/example_subdag_operator.py
[2023-10-01T09:07:55.634-0700] {processor.py:839} INFO - DAG(s) dict_keys(['example_subdag_operator.section-1', 'example_subdag_operator.section-2', 'example_subdag_operator']) retrieved from /Users/sheshmani/Desktop/SESCO/env/lib/python3.9/site-packages/airflow/example_dags/example_subdag_operator.py
[2023-10-01T09:07:55.665-0700] {logging_mixin.py:151} INFO - [2023-10-01T09:07:55.665-0700] {dag.py:2915} INFO - Sync 3 DAGs
[2023-10-01T09:07:55.672-0700] {logging_mixin.py:151} INFO - [2023-10-01T09:07:55.671-0700] {dag.py:3696} INFO - Setting next_dagrun for example_subdag_operator to 2022-01-01T00:00:00+00:00, run_after=2022-01-01T00:00:00+00:00
[2023-10-01T09:07:55.673-0700] {logging_mixin.py:151} INFO - [2023-10-01T09:07:55.672-0700] {dag.py:3696} INFO - Setting next_dagrun for example_subdag_operator.section-1 to None, run_after=None
[2023-10-01T09:07:55.673-0700] {logging_mixin.py:151} INFO - [2023-10-01T09:07:55.673-0700] {dag.py:3696} INFO - Setting next_dagrun for example_subdag_operator.section-2 to None, run_after=None
[2023-10-01T09:07:55.675-0700] {logging_mixin.py:151} INFO - [2023-10-01T09:07:55.675-0700] {dag.py:2915} INFO - Sync 2 DAGs
[2023-10-01T09:07:55.676-0700] {logging_mixin.py:151} INFO - [2023-10-01T09:07:55.676-0700] {dag.py:3696} INFO - Setting next_dagrun for example_subdag_operator.section-1 to None, run_after=None
[2023-10-01T09:07:55.676-0700] {logging_mixin.py:151} INFO - [2023-10-01T09:07:55.676-0700] {dag.py:3696} INFO - Setting next_dagrun for example_subdag_operator.section-2 to None, run_after=None
[2023-10-01T09:07:55.681-0700] {processor.py:179} INFO - Processing /Users/sheshmani/Desktop/SESCO/env/lib/python3.9/site-packages/airflow/example_dags/example_subdag_operator.py took 0.105 seconds
[2023-10-01T09:09:10.867-0700] {processor.py:157} INFO - Started process (PID=20003) to work on /Users/sheshmani/Desktop/SESCO/env/lib/python3.9/site-packages/airflow/example_dags/example_subdag_operator.py
[2023-10-01T09:09:10.870-0700] {processor.py:829} INFO - Processing file /Users/sheshmani/Desktop/SESCO/env/lib/python3.9/site-packages/airflow/example_dags/example_subdag_operator.py for tasks to queue
[2023-10-01T09:09:10.870-0700] {logging_mixin.py:151} INFO - [2023-10-01T09:09:10.870-0700] {dagbag.py:539} INFO - Filling up the DagBag from /Users/sheshmani/Desktop/SESCO/env/lib/python3.9/site-packages/airflow/example_dags/example_subdag_operator.py
[2023-10-01T09:09:10.926-0700] {processor.py:839} INFO - DAG(s) dict_keys(['example_subdag_operator.section-1', 'example_subdag_operator.section-2', 'example_subdag_operator']) retrieved from /Users/sheshmani/Desktop/SESCO/env/lib/python3.9/site-packages/airflow/example_dags/example_subdag_operator.py
[2023-10-01T09:09:10.957-0700] {logging_mixin.py:151} INFO - [2023-10-01T09:09:10.957-0700] {dag.py:2915} INFO - Sync 3 DAGs
[2023-10-01T09:09:10.963-0700] {logging_mixin.py:151} INFO - [2023-10-01T09:09:10.963-0700] {dag.py:3696} INFO - Setting next_dagrun for example_subdag_operator to 2022-01-01T00:00:00+00:00, run_after=2022-01-01T00:00:00+00:00
[2023-10-01T09:09:10.964-0700] {logging_mixin.py:151} INFO - [2023-10-01T09:09:10.964-0700] {dag.py:3696} INFO - Setting next_dagrun for example_subdag_operator.section-1 to None, run_after=None
[2023-10-01T09:09:10.965-0700] {logging_mixin.py:151} INFO - [2023-10-01T09:09:10.965-0700] {dag.py:3696} INFO - Setting next_dagrun for example_subdag_operator.section-2 to None, run_after=None
[2023-10-01T09:09:10.966-0700] {logging_mixin.py:151} INFO - [2023-10-01T09:09:10.966-0700] {dag.py:2915} INFO - Sync 2 DAGs
[2023-10-01T09:09:10.968-0700] {logging_mixin.py:151} INFO - [2023-10-01T09:09:10.968-0700] {dag.py:3696} INFO - Setting next_dagrun for example_subdag_operator.section-1 to None, run_after=None
[2023-10-01T09:09:10.968-0700] {logging_mixin.py:151} INFO - [2023-10-01T09:09:10.968-0700] {dag.py:3696} INFO - Setting next_dagrun for example_subdag_operator.section-2 to None, run_after=None
[2023-10-01T09:09:10.973-0700] {processor.py:179} INFO - Processing /Users/sheshmani/Desktop/SESCO/env/lib/python3.9/site-packages/airflow/example_dags/example_subdag_operator.py took 0.106 seconds
[2023-10-01T09:10:31.953-0700] {processor.py:157} INFO - Started process (PID=20109) to work on /Users/sheshmani/Desktop/SESCO/env/lib/python3.9/site-packages/airflow/example_dags/example_subdag_operator.py
[2023-10-01T09:10:31.956-0700] {processor.py:829} INFO - Processing file /Users/sheshmani/Desktop/SESCO/env/lib/python3.9/site-packages/airflow/example_dags/example_subdag_operator.py for tasks to queue
[2023-10-01T09:10:31.956-0700] {logging_mixin.py:151} INFO - [2023-10-01T09:10:31.956-0700] {dagbag.py:539} INFO - Filling up the DagBag from /Users/sheshmani/Desktop/SESCO/env/lib/python3.9/site-packages/airflow/example_dags/example_subdag_operator.py
[2023-10-01T09:10:32.010-0700] {processor.py:839} INFO - DAG(s) dict_keys(['example_subdag_operator.section-1', 'example_subdag_operator.section-2', 'example_subdag_operator']) retrieved from /Users/sheshmani/Desktop/SESCO/env/lib/python3.9/site-packages/airflow/example_dags/example_subdag_operator.py
[2023-10-01T09:10:32.041-0700] {logging_mixin.py:151} INFO - [2023-10-01T09:10:32.041-0700] {dag.py:2915} INFO - Sync 3 DAGs
[2023-10-01T09:10:32.047-0700] {logging_mixin.py:151} INFO - [2023-10-01T09:10:32.047-0700] {dag.py:3696} INFO - Setting next_dagrun for example_subdag_operator to 2022-01-01T00:00:00+00:00, run_after=2022-01-01T00:00:00+00:00
[2023-10-01T09:10:32.048-0700] {logging_mixin.py:151} INFO - [2023-10-01T09:10:32.048-0700] {dag.py:3696} INFO - Setting next_dagrun for example_subdag_operator.section-1 to None, run_after=None
[2023-10-01T09:10:32.048-0700] {logging_mixin.py:151} INFO - [2023-10-01T09:10:32.048-0700] {dag.py:3696} INFO - Setting next_dagrun for example_subdag_operator.section-2 to None, run_after=None
[2023-10-01T09:10:32.050-0700] {logging_mixin.py:151} INFO - [2023-10-01T09:10:32.050-0700] {dag.py:2915} INFO - Sync 2 DAGs
[2023-10-01T09:10:32.052-0700] {logging_mixin.py:151} INFO - [2023-10-01T09:10:32.052-0700] {dag.py:3696} INFO - Setting next_dagrun for example_subdag_operator.section-1 to None, run_after=None
[2023-10-01T09:10:32.052-0700] {logging_mixin.py:151} INFO - [2023-10-01T09:10:32.052-0700] {dag.py:3696} INFO - Setting next_dagrun for example_subdag_operator.section-2 to None, run_after=None
[2023-10-01T09:10:32.057-0700] {processor.py:179} INFO - Processing /Users/sheshmani/Desktop/SESCO/env/lib/python3.9/site-packages/airflow/example_dags/example_subdag_operator.py took 0.104 seconds
