[2023-10-01T09:04:57.854-0700] {processor.py:157} INFO - Started process (PID=19618) to work on /Users/sheshmani/Desktop/SESCO/env/lib/python3.9/site-packages/airflow/example_dags/example_branch_datetime_operator.py
[2023-10-01T09:04:57.856-0700] {processor.py:829} INFO - Processing file /Users/sheshmani/Desktop/SESCO/env/lib/python3.9/site-packages/airflow/example_dags/example_branch_datetime_operator.py for tasks to queue
[2023-10-01T09:04:57.856-0700] {logging_mixin.py:151} INFO - [2023-10-01T09:04:57.856-0700] {dagbag.py:539} INFO - Filling up the DagBag from /Users/sheshmani/Desktop/SESCO/env/lib/python3.9/site-packages/airflow/example_dags/example_branch_datetime_operator.py
[2023-10-01T09:04:57.869-0700] {processor.py:839} INFO - DAG(s) dict_keys(['example_branch_datetime_operator_3', 'example_branch_datetime_operator_2', 'example_branch_datetime_operator']) retrieved from /Users/sheshmani/Desktop/SESCO/env/lib/python3.9/site-packages/airflow/example_dags/example_branch_datetime_operator.py
[2023-10-01T09:04:57.941-0700] {logging_mixin.py:151} INFO - [2023-10-01T09:04:57.941-0700] {dag.py:2915} INFO - Sync 3 DAGs
[2023-10-01T09:04:57.947-0700] {logging_mixin.py:151} INFO - [2023-10-01T09:04:57.947-0700] {dag.py:3696} INFO - Setting next_dagrun for example_branch_datetime_operator to 2023-09-30T00:00:00+00:00, run_after=2023-10-01T00:00:00+00:00
[2023-10-01T09:04:57.949-0700] {logging_mixin.py:151} INFO - [2023-10-01T09:04:57.949-0700] {dag.py:3696} INFO - Setting next_dagrun for example_branch_datetime_operator_2 to 2023-09-30T00:00:00+00:00, run_after=2023-10-01T00:00:00+00:00
[2023-10-01T09:04:57.950-0700] {logging_mixin.py:151} INFO - [2023-10-01T09:04:57.950-0700] {dag.py:3696} INFO - Setting next_dagrun for example_branch_datetime_operator_3 to 2023-09-30T00:00:00+00:00, run_after=2023-10-01T00:00:00+00:00
[2023-10-01T09:04:57.959-0700] {processor.py:179} INFO - Processing /Users/sheshmani/Desktop/SESCO/env/lib/python3.9/site-packages/airflow/example_dags/example_branch_datetime_operator.py took 0.106 seconds
[2023-10-01T09:06:08.934-0700] {processor.py:157} INFO - Started process (PID=19757) to work on /Users/sheshmani/Desktop/SESCO/env/lib/python3.9/site-packages/airflow/example_dags/example_branch_datetime_operator.py
[2023-10-01T09:06:08.937-0700] {processor.py:829} INFO - Processing file /Users/sheshmani/Desktop/SESCO/env/lib/python3.9/site-packages/airflow/example_dags/example_branch_datetime_operator.py for tasks to queue
[2023-10-01T09:06:08.937-0700] {logging_mixin.py:151} INFO - [2023-10-01T09:06:08.937-0700] {dagbag.py:539} INFO - Filling up the DagBag from /Users/sheshmani/Desktop/SESCO/env/lib/python3.9/site-packages/airflow/example_dags/example_branch_datetime_operator.py
[2023-10-01T09:06:08.950-0700] {processor.py:839} INFO - DAG(s) dict_keys(['example_branch_datetime_operator_3', 'example_branch_datetime_operator', 'example_branch_datetime_operator_2']) retrieved from /Users/sheshmani/Desktop/SESCO/env/lib/python3.9/site-packages/airflow/example_dags/example_branch_datetime_operator.py
[2023-10-01T09:06:09.023-0700] {logging_mixin.py:151} INFO - [2023-10-01T09:06:09.023-0700] {dag.py:2915} INFO - Sync 3 DAGs
[2023-10-01T09:06:09.030-0700] {logging_mixin.py:151} INFO - [2023-10-01T09:06:09.030-0700] {dag.py:3696} INFO - Setting next_dagrun for example_branch_datetime_operator to 2023-09-30T00:00:00+00:00, run_after=2023-10-01T00:00:00+00:00
[2023-10-01T09:06:09.031-0700] {logging_mixin.py:151} INFO - [2023-10-01T09:06:09.031-0700] {dag.py:3696} INFO - Setting next_dagrun for example_branch_datetime_operator_2 to 2023-09-30T00:00:00+00:00, run_after=2023-10-01T00:00:00+00:00
[2023-10-01T09:06:09.032-0700] {logging_mixin.py:151} INFO - [2023-10-01T09:06:09.032-0700] {dag.py:3696} INFO - Setting next_dagrun for example_branch_datetime_operator_3 to 2023-09-30T00:00:00+00:00, run_after=2023-10-01T00:00:00+00:00
[2023-10-01T09:06:09.043-0700] {processor.py:179} INFO - Processing /Users/sheshmani/Desktop/SESCO/env/lib/python3.9/site-packages/airflow/example_dags/example_branch_datetime_operator.py took 0.109 seconds
[2023-10-01T09:07:26.530-0700] {processor.py:157} INFO - Started process (PID=19881) to work on /Users/sheshmani/Desktop/SESCO/env/lib/python3.9/site-packages/airflow/example_dags/example_branch_datetime_operator.py
[2023-10-01T09:07:26.533-0700] {processor.py:829} INFO - Processing file /Users/sheshmani/Desktop/SESCO/env/lib/python3.9/site-packages/airflow/example_dags/example_branch_datetime_operator.py for tasks to queue
[2023-10-01T09:07:26.533-0700] {logging_mixin.py:151} INFO - [2023-10-01T09:07:26.533-0700] {dagbag.py:539} INFO - Filling up the DagBag from /Users/sheshmani/Desktop/SESCO/env/lib/python3.9/site-packages/airflow/example_dags/example_branch_datetime_operator.py
[2023-10-01T09:07:26.545-0700] {processor.py:839} INFO - DAG(s) dict_keys(['example_branch_datetime_operator_2', 'example_branch_datetime_operator_3', 'example_branch_datetime_operator']) retrieved from /Users/sheshmani/Desktop/SESCO/env/lib/python3.9/site-packages/airflow/example_dags/example_branch_datetime_operator.py
[2023-10-01T09:07:26.613-0700] {logging_mixin.py:151} INFO - [2023-10-01T09:07:26.613-0700] {dag.py:2915} INFO - Sync 3 DAGs
[2023-10-01T09:07:26.619-0700] {logging_mixin.py:151} INFO - [2023-10-01T09:07:26.619-0700] {dag.py:3696} INFO - Setting next_dagrun for example_branch_datetime_operator to 2023-09-30T00:00:00+00:00, run_after=2023-10-01T00:00:00+00:00
[2023-10-01T09:07:26.621-0700] {logging_mixin.py:151} INFO - [2023-10-01T09:07:26.621-0700] {dag.py:3696} INFO - Setting next_dagrun for example_branch_datetime_operator_2 to 2023-09-30T00:00:00+00:00, run_after=2023-10-01T00:00:00+00:00
[2023-10-01T09:07:26.622-0700] {logging_mixin.py:151} INFO - [2023-10-01T09:07:26.622-0700] {dag.py:3696} INFO - Setting next_dagrun for example_branch_datetime_operator_3 to 2023-09-30T00:00:00+00:00, run_after=2023-10-01T00:00:00+00:00
[2023-10-01T09:07:26.630-0700] {processor.py:179} INFO - Processing /Users/sheshmani/Desktop/SESCO/env/lib/python3.9/site-packages/airflow/example_dags/example_branch_datetime_operator.py took 0.100 seconds
[2023-10-01T09:08:49.860-0700] {processor.py:157} INFO - Started process (PID=19968) to work on /Users/sheshmani/Desktop/SESCO/env/lib/python3.9/site-packages/airflow/example_dags/example_branch_datetime_operator.py
[2023-10-01T09:08:49.863-0700] {processor.py:829} INFO - Processing file /Users/sheshmani/Desktop/SESCO/env/lib/python3.9/site-packages/airflow/example_dags/example_branch_datetime_operator.py for tasks to queue
[2023-10-01T09:08:49.863-0700] {logging_mixin.py:151} INFO - [2023-10-01T09:08:49.863-0700] {dagbag.py:539} INFO - Filling up the DagBag from /Users/sheshmani/Desktop/SESCO/env/lib/python3.9/site-packages/airflow/example_dags/example_branch_datetime_operator.py
[2023-10-01T09:08:49.875-0700] {processor.py:839} INFO - DAG(s) dict_keys(['example_branch_datetime_operator_3', 'example_branch_datetime_operator', 'example_branch_datetime_operator_2']) retrieved from /Users/sheshmani/Desktop/SESCO/env/lib/python3.9/site-packages/airflow/example_dags/example_branch_datetime_operator.py
[2023-10-01T09:08:49.943-0700] {logging_mixin.py:151} INFO - [2023-10-01T09:08:49.943-0700] {dag.py:2915} INFO - Sync 3 DAGs
[2023-10-01T09:08:49.950-0700] {logging_mixin.py:151} INFO - [2023-10-01T09:08:49.949-0700] {dag.py:3696} INFO - Setting next_dagrun for example_branch_datetime_operator to 2023-09-30T00:00:00+00:00, run_after=2023-10-01T00:00:00+00:00
[2023-10-01T09:08:49.951-0700] {logging_mixin.py:151} INFO - [2023-10-01T09:08:49.951-0700] {dag.py:3696} INFO - Setting next_dagrun for example_branch_datetime_operator_2 to 2023-09-30T00:00:00+00:00, run_after=2023-10-01T00:00:00+00:00
[2023-10-01T09:08:49.952-0700] {logging_mixin.py:151} INFO - [2023-10-01T09:08:49.952-0700] {dag.py:3696} INFO - Setting next_dagrun for example_branch_datetime_operator_3 to 2023-09-30T00:00:00+00:00, run_after=2023-10-01T00:00:00+00:00
[2023-10-01T09:08:49.959-0700] {processor.py:179} INFO - Processing /Users/sheshmani/Desktop/SESCO/env/lib/python3.9/site-packages/airflow/example_dags/example_branch_datetime_operator.py took 0.100 seconds
[2023-10-01T09:10:09.969-0700] {processor.py:157} INFO - Started process (PID=20089) to work on /Users/sheshmani/Desktop/SESCO/env/lib/python3.9/site-packages/airflow/example_dags/example_branch_datetime_operator.py
[2023-10-01T09:10:09.971-0700] {processor.py:829} INFO - Processing file /Users/sheshmani/Desktop/SESCO/env/lib/python3.9/site-packages/airflow/example_dags/example_branch_datetime_operator.py for tasks to queue
[2023-10-01T09:10:09.971-0700] {logging_mixin.py:151} INFO - [2023-10-01T09:10:09.971-0700] {dagbag.py:539} INFO - Filling up the DagBag from /Users/sheshmani/Desktop/SESCO/env/lib/python3.9/site-packages/airflow/example_dags/example_branch_datetime_operator.py
[2023-10-01T09:10:09.984-0700] {processor.py:839} INFO - DAG(s) dict_keys(['example_branch_datetime_operator_3', 'example_branch_datetime_operator_2', 'example_branch_datetime_operator']) retrieved from /Users/sheshmani/Desktop/SESCO/env/lib/python3.9/site-packages/airflow/example_dags/example_branch_datetime_operator.py
[2023-10-01T09:10:10.053-0700] {logging_mixin.py:151} INFO - [2023-10-01T09:10:10.053-0700] {dag.py:2915} INFO - Sync 3 DAGs
[2023-10-01T09:10:10.059-0700] {logging_mixin.py:151} INFO - [2023-10-01T09:10:10.059-0700] {dag.py:3696} INFO - Setting next_dagrun for example_branch_datetime_operator to 2023-09-30T00:00:00+00:00, run_after=2023-10-01T00:00:00+00:00
[2023-10-01T09:10:10.060-0700] {logging_mixin.py:151} INFO - [2023-10-01T09:10:10.060-0700] {dag.py:3696} INFO - Setting next_dagrun for example_branch_datetime_operator_2 to 2023-09-30T00:00:00+00:00, run_after=2023-10-01T00:00:00+00:00
[2023-10-01T09:10:10.062-0700] {logging_mixin.py:151} INFO - [2023-10-01T09:10:10.062-0700] {dag.py:3696} INFO - Setting next_dagrun for example_branch_datetime_operator_3 to 2023-09-30T00:00:00+00:00, run_after=2023-10-01T00:00:00+00:00
[2023-10-01T09:10:10.068-0700] {processor.py:179} INFO - Processing /Users/sheshmani/Desktop/SESCO/env/lib/python3.9/site-packages/airflow/example_dags/example_branch_datetime_operator.py took 0.100 seconds
