[2023-10-01T09:04:22.130-0700] {processor.py:157} INFO - Started process (PID=19525) to work on /Users/sheshmani/Desktop/SESCO/env/lib/python3.9/site-packages/airflow/example_dags/example_setup_teardown.py
[2023-10-01T09:04:22.132-0700] {processor.py:829} INFO - Processing file /Users/sheshmani/Desktop/SESCO/env/lib/python3.9/site-packages/airflow/example_dags/example_setup_teardown.py for tasks to queue
[2023-10-01T09:04:22.132-0700] {logging_mixin.py:151} INFO - [2023-10-01T09:04:22.132-0700] {dagbag.py:539} INFO - Filling up the DagBag from /Users/sheshmani/Desktop/SESCO/env/lib/python3.9/site-packages/airflow/example_dags/example_setup_teardown.py
[2023-10-01T09:04:22.144-0700] {processor.py:839} INFO - DAG(s) dict_keys(['example_setup_teardown']) retrieved from /Users/sheshmani/Desktop/SESCO/env/lib/python3.9/site-packages/airflow/example_dags/example_setup_teardown.py
[2023-10-01T09:04:22.209-0700] {logging_mixin.py:151} INFO - [2023-10-01T09:04:22.209-0700] {dag.py:2915} INFO - Sync 1 DAGs
[2023-10-01T09:04:22.215-0700] {logging_mixin.py:151} INFO - [2023-10-01T09:04:22.215-0700] {dag.py:3696} INFO - Setting next_dagrun for example_setup_teardown to 2023-09-30T16:04:22.215179+00:00, run_after=2023-10-01T16:04:22.215179+00:00
[2023-10-01T09:04:22.222-0700] {processor.py:179} INFO - Processing /Users/sheshmani/Desktop/SESCO/env/lib/python3.9/site-packages/airflow/example_dags/example_setup_teardown.py took 0.093 seconds
[2023-10-01T09:05:31.385-0700] {processor.py:157} INFO - Started process (PID=19678) to work on /Users/sheshmani/Desktop/SESCO/env/lib/python3.9/site-packages/airflow/example_dags/example_setup_teardown.py
[2023-10-01T09:05:31.387-0700] {processor.py:829} INFO - Processing file /Users/sheshmani/Desktop/SESCO/env/lib/python3.9/site-packages/airflow/example_dags/example_setup_teardown.py for tasks to queue
[2023-10-01T09:05:31.388-0700] {logging_mixin.py:151} INFO - [2023-10-01T09:05:31.388-0700] {dagbag.py:539} INFO - Filling up the DagBag from /Users/sheshmani/Desktop/SESCO/env/lib/python3.9/site-packages/airflow/example_dags/example_setup_teardown.py
[2023-10-01T09:05:31.400-0700] {processor.py:839} INFO - DAG(s) dict_keys(['example_setup_teardown']) retrieved from /Users/sheshmani/Desktop/SESCO/env/lib/python3.9/site-packages/airflow/example_dags/example_setup_teardown.py
[2023-10-01T09:05:31.467-0700] {logging_mixin.py:151} INFO - [2023-10-01T09:05:31.466-0700] {dag.py:2915} INFO - Sync 1 DAGs
[2023-10-01T09:05:31.472-0700] {logging_mixin.py:151} INFO - [2023-10-01T09:05:31.472-0700] {dag.py:3696} INFO - Setting next_dagrun for example_setup_teardown to 2023-09-30T16:05:31.472779+00:00, run_after=2023-10-01T16:05:31.472779+00:00
[2023-10-01T09:05:31.480-0700] {processor.py:179} INFO - Processing /Users/sheshmani/Desktop/SESCO/env/lib/python3.9/site-packages/airflow/example_dags/example_setup_teardown.py took 0.096 seconds
[2023-10-01T09:06:41.873-0700] {processor.py:157} INFO - Started process (PID=19817) to work on /Users/sheshmani/Desktop/SESCO/env/lib/python3.9/site-packages/airflow/example_dags/example_setup_teardown.py
[2023-10-01T09:06:41.876-0700] {processor.py:829} INFO - Processing file /Users/sheshmani/Desktop/SESCO/env/lib/python3.9/site-packages/airflow/example_dags/example_setup_teardown.py for tasks to queue
[2023-10-01T09:06:41.876-0700] {logging_mixin.py:151} INFO - [2023-10-01T09:06:41.876-0700] {dagbag.py:539} INFO - Filling up the DagBag from /Users/sheshmani/Desktop/SESCO/env/lib/python3.9/site-packages/airflow/example_dags/example_setup_teardown.py
[2023-10-01T09:06:41.888-0700] {processor.py:839} INFO - DAG(s) dict_keys(['example_setup_teardown']) retrieved from /Users/sheshmani/Desktop/SESCO/env/lib/python3.9/site-packages/airflow/example_dags/example_setup_teardown.py
[2023-10-01T09:06:41.955-0700] {logging_mixin.py:151} INFO - [2023-10-01T09:06:41.954-0700] {dag.py:2915} INFO - Sync 1 DAGs
[2023-10-01T09:06:41.960-0700] {logging_mixin.py:151} INFO - [2023-10-01T09:06:41.960-0700] {dag.py:3696} INFO - Setting next_dagrun for example_setup_teardown to 2023-09-30T16:06:41.960836+00:00, run_after=2023-10-01T16:06:41.960836+00:00
[2023-10-01T09:06:41.968-0700] {processor.py:179} INFO - Processing /Users/sheshmani/Desktop/SESCO/env/lib/python3.9/site-packages/airflow/example_dags/example_setup_teardown.py took 0.095 seconds
[2023-10-01T09:08:03.879-0700] {processor.py:157} INFO - Started process (PID=19926) to work on /Users/sheshmani/Desktop/SESCO/env/lib/python3.9/site-packages/airflow/example_dags/example_setup_teardown.py
[2023-10-01T09:08:03.884-0700] {processor.py:829} INFO - Processing file /Users/sheshmani/Desktop/SESCO/env/lib/python3.9/site-packages/airflow/example_dags/example_setup_teardown.py for tasks to queue
[2023-10-01T09:08:03.884-0700] {logging_mixin.py:151} INFO - [2023-10-01T09:08:03.884-0700] {dagbag.py:539} INFO - Filling up the DagBag from /Users/sheshmani/Desktop/SESCO/env/lib/python3.9/site-packages/airflow/example_dags/example_setup_teardown.py
[2023-10-01T09:08:03.894-0700] {processor.py:839} INFO - DAG(s) dict_keys(['example_setup_teardown']) retrieved from /Users/sheshmani/Desktop/SESCO/env/lib/python3.9/site-packages/airflow/example_dags/example_setup_teardown.py
[2023-10-01T09:08:03.973-0700] {logging_mixin.py:151} INFO - [2023-10-01T09:08:03.973-0700] {dag.py:2915} INFO - Sync 1 DAGs
[2023-10-01T09:08:03.979-0700] {logging_mixin.py:151} INFO - [2023-10-01T09:08:03.979-0700] {dag.py:3696} INFO - Setting next_dagrun for example_setup_teardown to 2023-09-30T16:08:03.979665+00:00, run_after=2023-10-01T16:08:03.979665+00:00
[2023-10-01T09:08:03.987-0700] {processor.py:179} INFO - Processing /Users/sheshmani/Desktop/SESCO/env/lib/python3.9/site-packages/airflow/example_dags/example_setup_teardown.py took 0.108 seconds
[2023-10-01T09:09:21.068-0700] {processor.py:157} INFO - Started process (PID=20014) to work on /Users/sheshmani/Desktop/SESCO/env/lib/python3.9/site-packages/airflow/example_dags/example_setup_teardown.py
[2023-10-01T09:09:21.071-0700] {processor.py:829} INFO - Processing file /Users/sheshmani/Desktop/SESCO/env/lib/python3.9/site-packages/airflow/example_dags/example_setup_teardown.py for tasks to queue
[2023-10-01T09:09:21.071-0700] {logging_mixin.py:151} INFO - [2023-10-01T09:09:21.071-0700] {dagbag.py:539} INFO - Filling up the DagBag from /Users/sheshmani/Desktop/SESCO/env/lib/python3.9/site-packages/airflow/example_dags/example_setup_teardown.py
[2023-10-01T09:09:21.085-0700] {processor.py:839} INFO - DAG(s) dict_keys(['example_setup_teardown']) retrieved from /Users/sheshmani/Desktop/SESCO/env/lib/python3.9/site-packages/airflow/example_dags/example_setup_teardown.py
[2023-10-01T09:09:21.159-0700] {logging_mixin.py:151} INFO - [2023-10-01T09:09:21.159-0700] {dag.py:2915} INFO - Sync 1 DAGs
[2023-10-01T09:09:21.165-0700] {logging_mixin.py:151} INFO - [2023-10-01T09:09:21.165-0700] {dag.py:3696} INFO - Setting next_dagrun for example_setup_teardown to 2023-09-30T16:09:21.165419+00:00, run_after=2023-10-01T16:09:21.165419+00:00
[2023-10-01T09:09:21.173-0700] {processor.py:179} INFO - Processing /Users/sheshmani/Desktop/SESCO/env/lib/python3.9/site-packages/airflow/example_dags/example_setup_teardown.py took 0.105 seconds
[2023-10-01T09:10:40.526-0700] {processor.py:157} INFO - Started process (PID=20118) to work on /Users/sheshmani/Desktop/SESCO/env/lib/python3.9/site-packages/airflow/example_dags/example_setup_teardown.py
[2023-10-01T09:10:40.529-0700] {processor.py:829} INFO - Processing file /Users/sheshmani/Desktop/SESCO/env/lib/python3.9/site-packages/airflow/example_dags/example_setup_teardown.py for tasks to queue
[2023-10-01T09:10:40.529-0700] {logging_mixin.py:151} INFO - [2023-10-01T09:10:40.529-0700] {dagbag.py:539} INFO - Filling up the DagBag from /Users/sheshmani/Desktop/SESCO/env/lib/python3.9/site-packages/airflow/example_dags/example_setup_teardown.py
[2023-10-01T09:10:40.541-0700] {processor.py:839} INFO - DAG(s) dict_keys(['example_setup_teardown']) retrieved from /Users/sheshmani/Desktop/SESCO/env/lib/python3.9/site-packages/airflow/example_dags/example_setup_teardown.py
[2023-10-01T09:10:40.607-0700] {logging_mixin.py:151} INFO - [2023-10-01T09:10:40.607-0700] {dag.py:2915} INFO - Sync 1 DAGs
[2023-10-01T09:10:40.613-0700] {logging_mixin.py:151} INFO - [2023-10-01T09:10:40.613-0700] {dag.py:3696} INFO - Setting next_dagrun for example_setup_teardown to 2023-09-30T16:10:40.613502+00:00, run_after=2023-10-01T16:10:40.613502+00:00
[2023-10-01T09:10:40.621-0700] {processor.py:179} INFO - Processing /Users/sheshmani/Desktop/SESCO/env/lib/python3.9/site-packages/airflow/example_dags/example_setup_teardown.py took 0.095 seconds
