[2023-10-01T09:04:10.362-0700] {processor.py:157} INFO - Started process (PID=19510) to work on /Users/sheshmani/Desktop/SESCO/env/lib/python3.9/site-packages/airflow/example_dags/example_task_group_decorator.py
[2023-10-01T09:04:10.364-0700] {processor.py:829} INFO - Processing file /Users/sheshmani/Desktop/SESCO/env/lib/python3.9/site-packages/airflow/example_dags/example_task_group_decorator.py for tasks to queue
[2023-10-01T09:04:10.364-0700] {logging_mixin.py:151} INFO - [2023-10-01T09:04:10.364-0700] {dagbag.py:539} INFO - Filling up the DagBag from /Users/sheshmani/Desktop/SESCO/env/lib/python3.9/site-packages/airflow/example_dags/example_task_group_decorator.py
[2023-10-01T09:04:10.387-0700] {processor.py:839} INFO - DAG(s) dict_keys(['example_task_group_decorator']) retrieved from /Users/sheshmani/Desktop/SESCO/env/lib/python3.9/site-packages/airflow/example_dags/example_task_group_decorator.py
[2023-10-01T09:04:10.457-0700] {logging_mixin.py:151} INFO - [2023-10-01T09:04:10.457-0700] {dag.py:2915} INFO - Sync 1 DAGs
[2023-10-01T09:04:10.463-0700] {logging_mixin.py:151} INFO - [2023-10-01T09:04:10.463-0700] {dag.py:3696} INFO - Setting next_dagrun for example_task_group_decorator to 2023-09-30T16:04:10.463146+00:00, run_after=2023-10-01T16:04:10.463146+00:00
[2023-10-01T09:04:10.470-0700] {processor.py:179} INFO - Processing /Users/sheshmani/Desktop/SESCO/env/lib/python3.9/site-packages/airflow/example_dags/example_task_group_decorator.py took 0.108 seconds
[2023-10-01T09:05:20.178-0700] {processor.py:157} INFO - Started process (PID=19665) to work on /Users/sheshmani/Desktop/SESCO/env/lib/python3.9/site-packages/airflow/example_dags/example_task_group_decorator.py
[2023-10-01T09:05:20.181-0700] {processor.py:829} INFO - Processing file /Users/sheshmani/Desktop/SESCO/env/lib/python3.9/site-packages/airflow/example_dags/example_task_group_decorator.py for tasks to queue
[2023-10-01T09:05:20.181-0700] {logging_mixin.py:151} INFO - [2023-10-01T09:05:20.181-0700] {dagbag.py:539} INFO - Filling up the DagBag from /Users/sheshmani/Desktop/SESCO/env/lib/python3.9/site-packages/airflow/example_dags/example_task_group_decorator.py
[2023-10-01T09:05:20.203-0700] {processor.py:839} INFO - DAG(s) dict_keys(['example_task_group_decorator']) retrieved from /Users/sheshmani/Desktop/SESCO/env/lib/python3.9/site-packages/airflow/example_dags/example_task_group_decorator.py
[2023-10-01T09:05:20.268-0700] {logging_mixin.py:151} INFO - [2023-10-01T09:05:20.268-0700] {dag.py:2915} INFO - Sync 1 DAGs
[2023-10-01T09:05:20.274-0700] {logging_mixin.py:151} INFO - [2023-10-01T09:05:20.274-0700] {dag.py:3696} INFO - Setting next_dagrun for example_task_group_decorator to 2023-09-30T16:05:20.274304+00:00, run_after=2023-10-01T16:05:20.274304+00:00
[2023-10-01T09:05:20.281-0700] {processor.py:179} INFO - Processing /Users/sheshmani/Desktop/SESCO/env/lib/python3.9/site-packages/airflow/example_dags/example_task_group_decorator.py took 0.103 seconds
[2023-10-01T09:06:30.072-0700] {processor.py:157} INFO - Started process (PID=19801) to work on /Users/sheshmani/Desktop/SESCO/env/lib/python3.9/site-packages/airflow/example_dags/example_task_group_decorator.py
[2023-10-01T09:06:30.075-0700] {processor.py:829} INFO - Processing file /Users/sheshmani/Desktop/SESCO/env/lib/python3.9/site-packages/airflow/example_dags/example_task_group_decorator.py for tasks to queue
[2023-10-01T09:06:30.075-0700] {logging_mixin.py:151} INFO - [2023-10-01T09:06:30.075-0700] {dagbag.py:539} INFO - Filling up the DagBag from /Users/sheshmani/Desktop/SESCO/env/lib/python3.9/site-packages/airflow/example_dags/example_task_group_decorator.py
[2023-10-01T09:06:30.104-0700] {processor.py:839} INFO - DAG(s) dict_keys(['example_task_group_decorator']) retrieved from /Users/sheshmani/Desktop/SESCO/env/lib/python3.9/site-packages/airflow/example_dags/example_task_group_decorator.py
[2023-10-01T09:06:30.170-0700] {logging_mixin.py:151} INFO - [2023-10-01T09:06:30.170-0700] {dag.py:2915} INFO - Sync 1 DAGs
[2023-10-01T09:06:30.176-0700] {logging_mixin.py:151} INFO - [2023-10-01T09:06:30.176-0700] {dag.py:3696} INFO - Setting next_dagrun for example_task_group_decorator to 2023-09-30T16:06:30.176023+00:00, run_after=2023-10-01T16:06:30.176023+00:00
[2023-10-01T09:06:30.183-0700] {processor.py:179} INFO - Processing /Users/sheshmani/Desktop/SESCO/env/lib/python3.9/site-packages/airflow/example_dags/example_task_group_decorator.py took 0.111 seconds
[2023-10-01T09:07:53.275-0700] {processor.py:157} INFO - Started process (PID=19915) to work on /Users/sheshmani/Desktop/SESCO/env/lib/python3.9/site-packages/airflow/example_dags/example_task_group_decorator.py
[2023-10-01T09:07:53.277-0700] {processor.py:829} INFO - Processing file /Users/sheshmani/Desktop/SESCO/env/lib/python3.9/site-packages/airflow/example_dags/example_task_group_decorator.py for tasks to queue
[2023-10-01T09:07:53.278-0700] {logging_mixin.py:151} INFO - [2023-10-01T09:07:53.278-0700] {dagbag.py:539} INFO - Filling up the DagBag from /Users/sheshmani/Desktop/SESCO/env/lib/python3.9/site-packages/airflow/example_dags/example_task_group_decorator.py
[2023-10-01T09:07:53.301-0700] {processor.py:839} INFO - DAG(s) dict_keys(['example_task_group_decorator']) retrieved from /Users/sheshmani/Desktop/SESCO/env/lib/python3.9/site-packages/airflow/example_dags/example_task_group_decorator.py
[2023-10-01T09:07:53.369-0700] {logging_mixin.py:151} INFO - [2023-10-01T09:07:53.368-0700] {dag.py:2915} INFO - Sync 1 DAGs
[2023-10-01T09:07:53.374-0700] {logging_mixin.py:151} INFO - [2023-10-01T09:07:53.374-0700] {dag.py:3696} INFO - Setting next_dagrun for example_task_group_decorator to 2023-09-30T16:07:53.374844+00:00, run_after=2023-10-01T16:07:53.374844+00:00
[2023-10-01T09:07:53.382-0700] {processor.py:179} INFO - Processing /Users/sheshmani/Desktop/SESCO/env/lib/python3.9/site-packages/airflow/example_dags/example_task_group_decorator.py took 0.107 seconds
[2023-10-01T09:09:08.523-0700] {processor.py:157} INFO - Started process (PID=20001) to work on /Users/sheshmani/Desktop/SESCO/env/lib/python3.9/site-packages/airflow/example_dags/example_task_group_decorator.py
[2023-10-01T09:09:08.525-0700] {processor.py:829} INFO - Processing file /Users/sheshmani/Desktop/SESCO/env/lib/python3.9/site-packages/airflow/example_dags/example_task_group_decorator.py for tasks to queue
[2023-10-01T09:09:08.526-0700] {logging_mixin.py:151} INFO - [2023-10-01T09:09:08.526-0700] {dagbag.py:539} INFO - Filling up the DagBag from /Users/sheshmani/Desktop/SESCO/env/lib/python3.9/site-packages/airflow/example_dags/example_task_group_decorator.py
[2023-10-01T09:09:08.548-0700] {processor.py:839} INFO - DAG(s) dict_keys(['example_task_group_decorator']) retrieved from /Users/sheshmani/Desktop/SESCO/env/lib/python3.9/site-packages/airflow/example_dags/example_task_group_decorator.py
[2023-10-01T09:09:08.619-0700] {logging_mixin.py:151} INFO - [2023-10-01T09:09:08.618-0700] {dag.py:2915} INFO - Sync 1 DAGs
[2023-10-01T09:09:08.624-0700] {logging_mixin.py:151} INFO - [2023-10-01T09:09:08.624-0700] {dag.py:3696} INFO - Setting next_dagrun for example_task_group_decorator to 2023-09-30T16:09:08.624836+00:00, run_after=2023-10-01T16:09:08.624836+00:00
[2023-10-01T09:09:08.632-0700] {processor.py:179} INFO - Processing /Users/sheshmani/Desktop/SESCO/env/lib/python3.9/site-packages/airflow/example_dags/example_task_group_decorator.py took 0.110 seconds
[2023-10-01T09:10:29.183-0700] {processor.py:157} INFO - Started process (PID=20107) to work on /Users/sheshmani/Desktop/SESCO/env/lib/python3.9/site-packages/airflow/example_dags/example_task_group_decorator.py
[2023-10-01T09:10:29.186-0700] {processor.py:829} INFO - Processing file /Users/sheshmani/Desktop/SESCO/env/lib/python3.9/site-packages/airflow/example_dags/example_task_group_decorator.py for tasks to queue
[2023-10-01T09:10:29.186-0700] {logging_mixin.py:151} INFO - [2023-10-01T09:10:29.186-0700] {dagbag.py:539} INFO - Filling up the DagBag from /Users/sheshmani/Desktop/SESCO/env/lib/python3.9/site-packages/airflow/example_dags/example_task_group_decorator.py
[2023-10-01T09:10:29.208-0700] {processor.py:839} INFO - DAG(s) dict_keys(['example_task_group_decorator']) retrieved from /Users/sheshmani/Desktop/SESCO/env/lib/python3.9/site-packages/airflow/example_dags/example_task_group_decorator.py
[2023-10-01T09:10:29.272-0700] {logging_mixin.py:151} INFO - [2023-10-01T09:10:29.272-0700] {dag.py:2915} INFO - Sync 1 DAGs
[2023-10-01T09:10:29.278-0700] {logging_mixin.py:151} INFO - [2023-10-01T09:10:29.278-0700] {dag.py:3696} INFO - Setting next_dagrun for example_task_group_decorator to 2023-09-30T16:10:29.278646+00:00, run_after=2023-10-01T16:10:29.278646+00:00
[2023-10-01T09:10:29.285-0700] {processor.py:179} INFO - Processing /Users/sheshmani/Desktop/SESCO/env/lib/python3.9/site-packages/airflow/example_dags/example_task_group_decorator.py took 0.102 seconds
