[2023-10-01T09:04:48.913-0700] {processor.py:157} INFO - Started process (PID=19561) to work on /Users/sheshmani/Desktop/SESCO/env/lib/python3.9/site-packages/airflow/example_dags/example_complex.py
[2023-10-01T09:04:48.914-0700] {processor.py:829} INFO - Processing file /Users/sheshmani/Desktop/SESCO/env/lib/python3.9/site-packages/airflow/example_dags/example_complex.py for tasks to queue
[2023-10-01T09:04:48.915-0700] {logging_mixin.py:151} INFO - [2023-10-01T09:04:48.915-0700] {dagbag.py:539} INFO - Filling up the DagBag from /Users/sheshmani/Desktop/SESCO/env/lib/python3.9/site-packages/airflow/example_dags/example_complex.py
[2023-10-01T09:04:48.928-0700] {processor.py:839} INFO - DAG(s) dict_keys(['example_complex']) retrieved from /Users/sheshmani/Desktop/SESCO/env/lib/python3.9/site-packages/airflow/example_dags/example_complex.py
[2023-10-01T09:04:48.999-0700] {logging_mixin.py:151} INFO - [2023-10-01T09:04:48.999-0700] {dag.py:2915} INFO - Sync 1 DAGs
[2023-10-01T09:04:49.002-0700] {logging_mixin.py:151} INFO - [2023-10-01T09:04:49.002-0700] {dag.py:3696} INFO - Setting next_dagrun for example_complex to None, run_after=None
[2023-10-01T09:04:49.010-0700] {processor.py:179} INFO - Processing /Users/sheshmani/Desktop/SESCO/env/lib/python3.9/site-packages/airflow/example_dags/example_complex.py took 0.097 seconds
[2023-10-01T09:06:00.763-0700] {processor.py:157} INFO - Started process (PID=19738) to work on /Users/sheshmani/Desktop/SESCO/env/lib/python3.9/site-packages/airflow/example_dags/example_complex.py
[2023-10-01T09:06:00.766-0700] {processor.py:829} INFO - Processing file /Users/sheshmani/Desktop/SESCO/env/lib/python3.9/site-packages/airflow/example_dags/example_complex.py for tasks to queue
[2023-10-01T09:06:00.766-0700] {logging_mixin.py:151} INFO - [2023-10-01T09:06:00.766-0700] {dagbag.py:539} INFO - Filling up the DagBag from /Users/sheshmani/Desktop/SESCO/env/lib/python3.9/site-packages/airflow/example_dags/example_complex.py
[2023-10-01T09:06:00.779-0700] {processor.py:839} INFO - DAG(s) dict_keys(['example_complex']) retrieved from /Users/sheshmani/Desktop/SESCO/env/lib/python3.9/site-packages/airflow/example_dags/example_complex.py
[2023-10-01T09:06:00.850-0700] {logging_mixin.py:151} INFO - [2023-10-01T09:06:00.850-0700] {dag.py:2915} INFO - Sync 1 DAGs
[2023-10-01T09:06:00.854-0700] {logging_mixin.py:151} INFO - [2023-10-01T09:06:00.854-0700] {dag.py:3696} INFO - Setting next_dagrun for example_complex to None, run_after=None
[2023-10-01T09:06:00.863-0700] {processor.py:179} INFO - Processing /Users/sheshmani/Desktop/SESCO/env/lib/python3.9/site-packages/airflow/example_dags/example_complex.py took 0.100 seconds
[2023-10-01T09:07:16.527-0700] {processor.py:157} INFO - Started process (PID=19850) to work on /Users/sheshmani/Desktop/SESCO/env/lib/python3.9/site-packages/airflow/example_dags/example_complex.py
[2023-10-01T09:07:16.530-0700] {processor.py:829} INFO - Processing file /Users/sheshmani/Desktop/SESCO/env/lib/python3.9/site-packages/airflow/example_dags/example_complex.py for tasks to queue
[2023-10-01T09:07:16.531-0700] {logging_mixin.py:151} INFO - [2023-10-01T09:07:16.530-0700] {dagbag.py:539} INFO - Filling up the DagBag from /Users/sheshmani/Desktop/SESCO/env/lib/python3.9/site-packages/airflow/example_dags/example_complex.py
[2023-10-01T09:07:16.543-0700] {processor.py:839} INFO - DAG(s) dict_keys(['example_complex']) retrieved from /Users/sheshmani/Desktop/SESCO/env/lib/python3.9/site-packages/airflow/example_dags/example_complex.py
[2023-10-01T09:07:16.612-0700] {logging_mixin.py:151} INFO - [2023-10-01T09:07:16.612-0700] {dag.py:2915} INFO - Sync 1 DAGs
[2023-10-01T09:07:16.615-0700] {logging_mixin.py:151} INFO - [2023-10-01T09:07:16.615-0700] {dag.py:3696} INFO - Setting next_dagrun for example_complex to None, run_after=None
[2023-10-01T09:07:16.623-0700] {processor.py:179} INFO - Processing /Users/sheshmani/Desktop/SESCO/env/lib/python3.9/site-packages/airflow/example_dags/example_complex.py took 0.096 seconds
[2023-10-01T09:08:41.353-0700] {processor.py:157} INFO - Started process (PID=19962) to work on /Users/sheshmani/Desktop/SESCO/env/lib/python3.9/site-packages/airflow/example_dags/example_complex.py
[2023-10-01T09:08:41.356-0700] {processor.py:829} INFO - Processing file /Users/sheshmani/Desktop/SESCO/env/lib/python3.9/site-packages/airflow/example_dags/example_complex.py for tasks to queue
[2023-10-01T09:08:41.356-0700] {logging_mixin.py:151} INFO - [2023-10-01T09:08:41.356-0700] {dagbag.py:539} INFO - Filling up the DagBag from /Users/sheshmani/Desktop/SESCO/env/lib/python3.9/site-packages/airflow/example_dags/example_complex.py
[2023-10-01T09:08:41.369-0700] {processor.py:839} INFO - DAG(s) dict_keys(['example_complex']) retrieved from /Users/sheshmani/Desktop/SESCO/env/lib/python3.9/site-packages/airflow/example_dags/example_complex.py
[2023-10-01T09:08:41.438-0700] {logging_mixin.py:151} INFO - [2023-10-01T09:08:41.438-0700] {dag.py:2915} INFO - Sync 1 DAGs
[2023-10-01T09:08:41.442-0700] {logging_mixin.py:151} INFO - [2023-10-01T09:08:41.442-0700] {dag.py:3696} INFO - Setting next_dagrun for example_complex to None, run_after=None
[2023-10-01T09:08:41.449-0700] {processor.py:179} INFO - Processing /Users/sheshmani/Desktop/SESCO/env/lib/python3.9/site-packages/airflow/example_dags/example_complex.py took 0.097 seconds
[2023-10-01T09:10:00.905-0700] {processor.py:157} INFO - Started process (PID=20077) to work on /Users/sheshmani/Desktop/SESCO/env/lib/python3.9/site-packages/airflow/example_dags/example_complex.py
[2023-10-01T09:10:00.908-0700] {processor.py:829} INFO - Processing file /Users/sheshmani/Desktop/SESCO/env/lib/python3.9/site-packages/airflow/example_dags/example_complex.py for tasks to queue
[2023-10-01T09:10:00.908-0700] {logging_mixin.py:151} INFO - [2023-10-01T09:10:00.908-0700] {dagbag.py:539} INFO - Filling up the DagBag from /Users/sheshmani/Desktop/SESCO/env/lib/python3.9/site-packages/airflow/example_dags/example_complex.py
[2023-10-01T09:10:00.920-0700] {processor.py:839} INFO - DAG(s) dict_keys(['example_complex']) retrieved from /Users/sheshmani/Desktop/SESCO/env/lib/python3.9/site-packages/airflow/example_dags/example_complex.py
[2023-10-01T09:10:00.990-0700] {logging_mixin.py:151} INFO - [2023-10-01T09:10:00.990-0700] {dag.py:2915} INFO - Sync 1 DAGs
[2023-10-01T09:10:00.993-0700] {logging_mixin.py:151} INFO - [2023-10-01T09:10:00.993-0700] {dag.py:3696} INFO - Setting next_dagrun for example_complex to None, run_after=None
[2023-10-01T09:10:01.000-0700] {processor.py:179} INFO - Processing /Users/sheshmani/Desktop/SESCO/env/lib/python3.9/site-packages/airflow/example_dags/example_complex.py took 0.095 seconds
