[2023-10-01T09:04:02.522-0700] {processor.py:157} INFO - Started process (PID=19497) to work on /Users/sheshmani/Desktop/SESCO/env/lib/python3.9/site-packages/airflow/example_dags/tutorial.py
[2023-10-01T09:04:02.524-0700] {processor.py:829} INFO - Processing file /Users/sheshmani/Desktop/SESCO/env/lib/python3.9/site-packages/airflow/example_dags/tutorial.py for tasks to queue
[2023-10-01T09:04:02.524-0700] {logging_mixin.py:151} INFO - [2023-10-01T09:04:02.524-0700] {dagbag.py:539} INFO - Filling up the DagBag from /Users/sheshmani/Desktop/SESCO/env/lib/python3.9/site-packages/airflow/example_dags/tutorial.py
[2023-10-01T09:04:02.537-0700] {processor.py:839} INFO - DAG(s) dict_keys(['tutorial']) retrieved from /Users/sheshmani/Desktop/SESCO/env/lib/python3.9/site-packages/airflow/example_dags/tutorial.py
[2023-10-01T09:04:02.610-0700] {logging_mixin.py:151} INFO - [2023-10-01T09:04:02.610-0700] {dag.py:2915} INFO - Sync 1 DAGs
[2023-10-01T09:04:02.617-0700] {logging_mixin.py:151} INFO - [2023-10-01T09:04:02.616-0700] {dag.py:3696} INFO - Setting next_dagrun for tutorial to 2023-09-30T16:04:02.616884+00:00, run_after=2023-10-01T16:04:02.616884+00:00
[2023-10-01T09:04:02.625-0700] {processor.py:179} INFO - Processing /Users/sheshmani/Desktop/SESCO/env/lib/python3.9/site-packages/airflow/example_dags/tutorial.py took 0.103 seconds
[2023-10-01T09:05:11.329-0700] {processor.py:157} INFO - Started process (PID=19655) to work on /Users/sheshmani/Desktop/SESCO/env/lib/python3.9/site-packages/airflow/example_dags/tutorial.py
[2023-10-01T09:05:11.331-0700] {processor.py:829} INFO - Processing file /Users/sheshmani/Desktop/SESCO/env/lib/python3.9/site-packages/airflow/example_dags/tutorial.py for tasks to queue
[2023-10-01T09:05:11.331-0700] {logging_mixin.py:151} INFO - [2023-10-01T09:05:11.331-0700] {dagbag.py:539} INFO - Filling up the DagBag from /Users/sheshmani/Desktop/SESCO/env/lib/python3.9/site-packages/airflow/example_dags/tutorial.py
[2023-10-01T09:05:11.342-0700] {processor.py:839} INFO - DAG(s) dict_keys(['tutorial']) retrieved from /Users/sheshmani/Desktop/SESCO/env/lib/python3.9/site-packages/airflow/example_dags/tutorial.py
[2023-10-01T09:05:11.407-0700] {logging_mixin.py:151} INFO - [2023-10-01T09:05:11.407-0700] {dag.py:2915} INFO - Sync 1 DAGs
[2023-10-01T09:05:11.413-0700] {logging_mixin.py:151} INFO - [2023-10-01T09:05:11.413-0700] {dag.py:3696} INFO - Setting next_dagrun for tutorial to 2023-09-30T16:05:11.413488+00:00, run_after=2023-10-01T16:05:11.413488+00:00
[2023-10-01T09:05:11.421-0700] {processor.py:179} INFO - Processing /Users/sheshmani/Desktop/SESCO/env/lib/python3.9/site-packages/airflow/example_dags/tutorial.py took 0.092 seconds
[2023-10-01T09:06:21.540-0700] {processor.py:157} INFO - Started process (PID=19786) to work on /Users/sheshmani/Desktop/SESCO/env/lib/python3.9/site-packages/airflow/example_dags/tutorial.py
[2023-10-01T09:06:21.543-0700] {processor.py:829} INFO - Processing file /Users/sheshmani/Desktop/SESCO/env/lib/python3.9/site-packages/airflow/example_dags/tutorial.py for tasks to queue
[2023-10-01T09:06:21.543-0700] {logging_mixin.py:151} INFO - [2023-10-01T09:06:21.543-0700] {dagbag.py:539} INFO - Filling up the DagBag from /Users/sheshmani/Desktop/SESCO/env/lib/python3.9/site-packages/airflow/example_dags/tutorial.py
[2023-10-01T09:06:21.554-0700] {processor.py:839} INFO - DAG(s) dict_keys(['tutorial']) retrieved from /Users/sheshmani/Desktop/SESCO/env/lib/python3.9/site-packages/airflow/example_dags/tutorial.py
[2023-10-01T09:06:21.623-0700] {logging_mixin.py:151} INFO - [2023-10-01T09:06:21.623-0700] {dag.py:2915} INFO - Sync 1 DAGs
[2023-10-01T09:06:21.629-0700] {logging_mixin.py:151} INFO - [2023-10-01T09:06:21.629-0700] {dag.py:3696} INFO - Setting next_dagrun for tutorial to 2023-09-30T16:06:21.629797+00:00, run_after=2023-10-01T16:06:21.629797+00:00
[2023-10-01T09:06:21.638-0700] {processor.py:179} INFO - Processing /Users/sheshmani/Desktop/SESCO/env/lib/python3.9/site-packages/airflow/example_dags/tutorial.py took 0.098 seconds
[2023-10-01T09:07:43.277-0700] {processor.py:157} INFO - Started process (PID=19902) to work on /Users/sheshmani/Desktop/SESCO/env/lib/python3.9/site-packages/airflow/example_dags/tutorial.py
[2023-10-01T09:07:43.279-0700] {processor.py:829} INFO - Processing file /Users/sheshmani/Desktop/SESCO/env/lib/python3.9/site-packages/airflow/example_dags/tutorial.py for tasks to queue
[2023-10-01T09:07:43.279-0700] {logging_mixin.py:151} INFO - [2023-10-01T09:07:43.279-0700] {dagbag.py:539} INFO - Filling up the DagBag from /Users/sheshmani/Desktop/SESCO/env/lib/python3.9/site-packages/airflow/example_dags/tutorial.py
[2023-10-01T09:07:43.291-0700] {processor.py:839} INFO - DAG(s) dict_keys(['tutorial']) retrieved from /Users/sheshmani/Desktop/SESCO/env/lib/python3.9/site-packages/airflow/example_dags/tutorial.py
[2023-10-01T09:07:43.359-0700] {logging_mixin.py:151} INFO - [2023-10-01T09:07:43.359-0700] {dag.py:2915} INFO - Sync 1 DAGs
[2023-10-01T09:07:43.366-0700] {logging_mixin.py:151} INFO - [2023-10-01T09:07:43.366-0700] {dag.py:3696} INFO - Setting next_dagrun for tutorial to 2023-09-30T16:07:43.365997+00:00, run_after=2023-10-01T16:07:43.365997+00:00
[2023-10-01T09:07:43.373-0700] {processor.py:179} INFO - Processing /Users/sheshmani/Desktop/SESCO/env/lib/python3.9/site-packages/airflow/example_dags/tutorial.py took 0.097 seconds
[2023-10-01T09:08:59.565-0700] {processor.py:157} INFO - Started process (PID=19985) to work on /Users/sheshmani/Desktop/SESCO/env/lib/python3.9/site-packages/airflow/example_dags/tutorial.py
[2023-10-01T09:08:59.568-0700] {processor.py:829} INFO - Processing file /Users/sheshmani/Desktop/SESCO/env/lib/python3.9/site-packages/airflow/example_dags/tutorial.py for tasks to queue
[2023-10-01T09:08:59.568-0700] {logging_mixin.py:151} INFO - [2023-10-01T09:08:59.568-0700] {dagbag.py:539} INFO - Filling up the DagBag from /Users/sheshmani/Desktop/SESCO/env/lib/python3.9/site-packages/airflow/example_dags/tutorial.py
[2023-10-01T09:08:59.584-0700] {processor.py:839} INFO - DAG(s) dict_keys(['tutorial']) retrieved from /Users/sheshmani/Desktop/SESCO/env/lib/python3.9/site-packages/airflow/example_dags/tutorial.py
[2023-10-01T09:08:59.649-0700] {logging_mixin.py:151} INFO - [2023-10-01T09:08:59.649-0700] {dag.py:2915} INFO - Sync 1 DAGs
[2023-10-01T09:08:59.655-0700] {logging_mixin.py:151} INFO - [2023-10-01T09:08:59.655-0700] {dag.py:3696} INFO - Setting next_dagrun for tutorial to 2023-09-30T16:08:59.655484+00:00, run_after=2023-10-01T16:08:59.655484+00:00
[2023-10-01T09:08:59.663-0700] {processor.py:179} INFO - Processing /Users/sheshmani/Desktop/SESCO/env/lib/python3.9/site-packages/airflow/example_dags/tutorial.py took 0.098 seconds
[2023-10-01T09:09:43.663-0700] {processor.py:157} INFO - Started process (PID=20049) to work on /Users/sheshmani/Desktop/SESCO/env/lib/python3.9/site-packages/airflow/example_dags/tutorial.py
[2023-10-01T09:09:43.666-0700] {processor.py:829} INFO - Processing file /Users/sheshmani/Desktop/SESCO/env/lib/python3.9/site-packages/airflow/example_dags/tutorial.py for tasks to queue
[2023-10-01T09:09:43.666-0700] {logging_mixin.py:151} INFO - [2023-10-01T09:09:43.666-0700] {dagbag.py:539} INFO - Filling up the DagBag from /Users/sheshmani/Desktop/SESCO/env/lib/python3.9/site-packages/airflow/example_dags/tutorial.py
[2023-10-01T09:09:43.677-0700] {processor.py:839} INFO - DAG(s) dict_keys(['tutorial']) retrieved from /Users/sheshmani/Desktop/SESCO/env/lib/python3.9/site-packages/airflow/example_dags/tutorial.py
[2023-10-01T09:09:43.742-0700] {logging_mixin.py:151} INFO - [2023-10-01T09:09:43.742-0700] {dag.py:2915} INFO - Sync 1 DAGs
[2023-10-01T09:09:43.748-0700] {logging_mixin.py:151} INFO - [2023-10-01T09:09:43.748-0700] {dag.py:3696} INFO - Setting next_dagrun for tutorial to 2023-09-30T16:09:43.748706+00:00, run_after=2023-10-01T16:09:43.748706+00:00
[2023-10-01T09:09:43.756-0700] {processor.py:179} INFO - Processing /Users/sheshmani/Desktop/SESCO/env/lib/python3.9/site-packages/airflow/example_dags/tutorial.py took 0.094 seconds
