[2023-10-01T09:04:56.196-0700] {processor.py:157} INFO - Started process (PID=19574) to work on /Users/sheshmani/Desktop/SESCO/env/lib/python3.9/site-packages/airflow/example_dags/example_branch_day_of_week_operator.py
[2023-10-01T09:04:56.198-0700] {processor.py:829} INFO - Processing file /Users/sheshmani/Desktop/SESCO/env/lib/python3.9/site-packages/airflow/example_dags/example_branch_day_of_week_operator.py for tasks to queue
[2023-10-01T09:04:56.199-0700] {logging_mixin.py:151} INFO - [2023-10-01T09:04:56.199-0700] {dagbag.py:539} INFO - Filling up the DagBag from /Users/sheshmani/Desktop/SESCO/env/lib/python3.9/site-packages/airflow/example_dags/example_branch_day_of_week_operator.py
[2023-10-01T09:04:56.211-0700] {processor.py:839} INFO - DAG(s) dict_keys(['example_weekday_branch_operator']) retrieved from /Users/sheshmani/Desktop/SESCO/env/lib/python3.9/site-packages/airflow/example_dags/example_branch_day_of_week_operator.py
[2023-10-01T09:04:56.280-0700] {logging_mixin.py:151} INFO - [2023-10-01T09:04:56.280-0700] {dag.py:2915} INFO - Sync 1 DAGs
[2023-10-01T09:04:56.289-0700] {logging_mixin.py:151} INFO - [2023-10-01T09:04:56.289-0700] {dag.py:3696} INFO - Setting next_dagrun for example_weekday_branch_operator to 2023-09-30T00:00:00+00:00, run_after=2023-10-01T00:00:00+00:00
[2023-10-01T09:04:56.297-0700] {processor.py:179} INFO - Processing /Users/sheshmani/Desktop/SESCO/env/lib/python3.9/site-packages/airflow/example_dags/example_branch_day_of_week_operator.py took 0.100 seconds
[2023-10-01T09:06:07.943-0700] {processor.py:157} INFO - Started process (PID=19754) to work on /Users/sheshmani/Desktop/SESCO/env/lib/python3.9/site-packages/airflow/example_dags/example_branch_day_of_week_operator.py
[2023-10-01T09:06:07.945-0700] {processor.py:829} INFO - Processing file /Users/sheshmani/Desktop/SESCO/env/lib/python3.9/site-packages/airflow/example_dags/example_branch_day_of_week_operator.py for tasks to queue
[2023-10-01T09:06:07.945-0700] {logging_mixin.py:151} INFO - [2023-10-01T09:06:07.945-0700] {dagbag.py:539} INFO - Filling up the DagBag from /Users/sheshmani/Desktop/SESCO/env/lib/python3.9/site-packages/airflow/example_dags/example_branch_day_of_week_operator.py
[2023-10-01T09:06:07.958-0700] {processor.py:839} INFO - DAG(s) dict_keys(['example_weekday_branch_operator']) retrieved from /Users/sheshmani/Desktop/SESCO/env/lib/python3.9/site-packages/airflow/example_dags/example_branch_day_of_week_operator.py
[2023-10-01T09:06:08.044-0700] {logging_mixin.py:151} INFO - [2023-10-01T09:06:08.043-0700] {dag.py:2915} INFO - Sync 1 DAGs
[2023-10-01T09:06:08.050-0700] {logging_mixin.py:151} INFO - [2023-10-01T09:06:08.050-0700] {dag.py:3696} INFO - Setting next_dagrun for example_weekday_branch_operator to 2023-09-30T00:00:00+00:00, run_after=2023-10-01T00:00:00+00:00
[2023-10-01T09:06:08.058-0700] {processor.py:179} INFO - Processing /Users/sheshmani/Desktop/SESCO/env/lib/python3.9/site-packages/airflow/example_dags/example_branch_day_of_week_operator.py took 0.115 seconds
[2023-10-01T09:07:24.828-0700] {processor.py:157} INFO - Started process (PID=19879) to work on /Users/sheshmani/Desktop/SESCO/env/lib/python3.9/site-packages/airflow/example_dags/example_branch_day_of_week_operator.py
[2023-10-01T09:07:24.830-0700] {processor.py:829} INFO - Processing file /Users/sheshmani/Desktop/SESCO/env/lib/python3.9/site-packages/airflow/example_dags/example_branch_day_of_week_operator.py for tasks to queue
[2023-10-01T09:07:24.830-0700] {logging_mixin.py:151} INFO - [2023-10-01T09:07:24.830-0700] {dagbag.py:539} INFO - Filling up the DagBag from /Users/sheshmani/Desktop/SESCO/env/lib/python3.9/site-packages/airflow/example_dags/example_branch_day_of_week_operator.py
[2023-10-01T09:07:24.842-0700] {processor.py:839} INFO - DAG(s) dict_keys(['example_weekday_branch_operator']) retrieved from /Users/sheshmani/Desktop/SESCO/env/lib/python3.9/site-packages/airflow/example_dags/example_branch_day_of_week_operator.py
[2023-10-01T09:07:24.909-0700] {logging_mixin.py:151} INFO - [2023-10-01T09:07:24.909-0700] {dag.py:2915} INFO - Sync 1 DAGs
[2023-10-01T09:07:24.916-0700] {logging_mixin.py:151} INFO - [2023-10-01T09:07:24.916-0700] {dag.py:3696} INFO - Setting next_dagrun for example_weekday_branch_operator to 2023-09-30T00:00:00+00:00, run_after=2023-10-01T00:00:00+00:00
[2023-10-01T09:07:24.924-0700] {processor.py:179} INFO - Processing /Users/sheshmani/Desktop/SESCO/env/lib/python3.9/site-packages/airflow/example_dags/example_branch_day_of_week_operator.py took 0.096 seconds
[2023-10-01T09:08:48.468-0700] {processor.py:157} INFO - Started process (PID=19967) to work on /Users/sheshmani/Desktop/SESCO/env/lib/python3.9/site-packages/airflow/example_dags/example_branch_day_of_week_operator.py
[2023-10-01T09:08:48.471-0700] {processor.py:829} INFO - Processing file /Users/sheshmani/Desktop/SESCO/env/lib/python3.9/site-packages/airflow/example_dags/example_branch_day_of_week_operator.py for tasks to queue
[2023-10-01T09:08:48.471-0700] {logging_mixin.py:151} INFO - [2023-10-01T09:08:48.471-0700] {dagbag.py:539} INFO - Filling up the DagBag from /Users/sheshmani/Desktop/SESCO/env/lib/python3.9/site-packages/airflow/example_dags/example_branch_day_of_week_operator.py
[2023-10-01T09:08:48.483-0700] {processor.py:839} INFO - DAG(s) dict_keys(['example_weekday_branch_operator']) retrieved from /Users/sheshmani/Desktop/SESCO/env/lib/python3.9/site-packages/airflow/example_dags/example_branch_day_of_week_operator.py
[2023-10-01T09:08:48.548-0700] {logging_mixin.py:151} INFO - [2023-10-01T09:08:48.548-0700] {dag.py:2915} INFO - Sync 1 DAGs
[2023-10-01T09:08:48.554-0700] {logging_mixin.py:151} INFO - [2023-10-01T09:08:48.554-0700] {dag.py:3696} INFO - Setting next_dagrun for example_weekday_branch_operator to 2023-09-30T00:00:00+00:00, run_after=2023-10-01T00:00:00+00:00
[2023-10-01T09:08:48.562-0700] {processor.py:179} INFO - Processing /Users/sheshmani/Desktop/SESCO/env/lib/python3.9/site-packages/airflow/example_dags/example_branch_day_of_week_operator.py took 0.094 seconds
[2023-10-01T09:10:08.372-0700] {processor.py:157} INFO - Started process (PID=20085) to work on /Users/sheshmani/Desktop/SESCO/env/lib/python3.9/site-packages/airflow/example_dags/example_branch_day_of_week_operator.py
[2023-10-01T09:10:08.375-0700] {processor.py:829} INFO - Processing file /Users/sheshmani/Desktop/SESCO/env/lib/python3.9/site-packages/airflow/example_dags/example_branch_day_of_week_operator.py for tasks to queue
[2023-10-01T09:10:08.375-0700] {logging_mixin.py:151} INFO - [2023-10-01T09:10:08.375-0700] {dagbag.py:539} INFO - Filling up the DagBag from /Users/sheshmani/Desktop/SESCO/env/lib/python3.9/site-packages/airflow/example_dags/example_branch_day_of_week_operator.py
[2023-10-01T09:10:08.387-0700] {processor.py:839} INFO - DAG(s) dict_keys(['example_weekday_branch_operator']) retrieved from /Users/sheshmani/Desktop/SESCO/env/lib/python3.9/site-packages/airflow/example_dags/example_branch_day_of_week_operator.py
[2023-10-01T09:10:08.453-0700] {logging_mixin.py:151} INFO - [2023-10-01T09:10:08.452-0700] {dag.py:2915} INFO - Sync 1 DAGs
[2023-10-01T09:10:08.459-0700] {logging_mixin.py:151} INFO - [2023-10-01T09:10:08.459-0700] {dag.py:3696} INFO - Setting next_dagrun for example_weekday_branch_operator to 2023-09-30T00:00:00+00:00, run_after=2023-10-01T00:00:00+00:00
[2023-10-01T09:10:08.466-0700] {processor.py:179} INFO - Processing /Users/sheshmani/Desktop/SESCO/env/lib/python3.9/site-packages/airflow/example_dags/example_branch_day_of_week_operator.py took 0.094 seconds
