[2023-10-01T09:04:41.375-0700] {processor.py:157} INFO - Started process (PID=19554) to work on /Users/sheshmani/Desktop/SESCO/env/lib/python3.9/site-packages/airflow/example_dags/example_external_task_marker_dag.py
[2023-10-01T09:04:41.377-0700] {processor.py:829} INFO - Processing file /Users/sheshmani/Desktop/SESCO/env/lib/python3.9/site-packages/airflow/example_dags/example_external_task_marker_dag.py for tasks to queue
[2023-10-01T09:04:41.377-0700] {logging_mixin.py:151} INFO - [2023-10-01T09:04:41.377-0700] {dagbag.py:539} INFO - Filling up the DagBag from /Users/sheshmani/Desktop/SESCO/env/lib/python3.9/site-packages/airflow/example_dags/example_external_task_marker_dag.py
[2023-10-01T09:04:41.389-0700] {processor.py:839} INFO - DAG(s) dict_keys(['example_external_task_marker_child', 'example_external_task_marker_parent']) retrieved from /Users/sheshmani/Desktop/SESCO/env/lib/python3.9/site-packages/airflow/example_dags/example_external_task_marker_dag.py
[2023-10-01T09:04:41.462-0700] {logging_mixin.py:151} INFO - [2023-10-01T09:04:41.462-0700] {dag.py:2915} INFO - Sync 2 DAGs
[2023-10-01T09:04:41.466-0700] {logging_mixin.py:151} INFO - [2023-10-01T09:04:41.465-0700] {dag.py:3696} INFO - Setting next_dagrun for example_external_task_marker_child to None, run_after=None
[2023-10-01T09:04:41.467-0700] {logging_mixin.py:151} INFO - [2023-10-01T09:04:41.466-0700] {dag.py:3696} INFO - Setting next_dagrun for example_external_task_marker_parent to None, run_after=None
[2023-10-01T09:04:41.473-0700] {processor.py:179} INFO - Processing /Users/sheshmani/Desktop/SESCO/env/lib/python3.9/site-packages/airflow/example_dags/example_external_task_marker_dag.py took 0.098 seconds
[2023-10-01T09:05:53.305-0700] {processor.py:157} INFO - Started process (PID=19720) to work on /Users/sheshmani/Desktop/SESCO/env/lib/python3.9/site-packages/airflow/example_dags/example_external_task_marker_dag.py
[2023-10-01T09:05:53.308-0700] {processor.py:829} INFO - Processing file /Users/sheshmani/Desktop/SESCO/env/lib/python3.9/site-packages/airflow/example_dags/example_external_task_marker_dag.py for tasks to queue
[2023-10-01T09:05:53.308-0700] {logging_mixin.py:151} INFO - [2023-10-01T09:05:53.308-0700] {dagbag.py:539} INFO - Filling up the DagBag from /Users/sheshmani/Desktop/SESCO/env/lib/python3.9/site-packages/airflow/example_dags/example_external_task_marker_dag.py
[2023-10-01T09:05:53.320-0700] {processor.py:839} INFO - DAG(s) dict_keys(['example_external_task_marker_parent', 'example_external_task_marker_child']) retrieved from /Users/sheshmani/Desktop/SESCO/env/lib/python3.9/site-packages/airflow/example_dags/example_external_task_marker_dag.py
[2023-10-01T09:05:53.390-0700] {logging_mixin.py:151} INFO - [2023-10-01T09:05:53.390-0700] {dag.py:2915} INFO - Sync 2 DAGs
[2023-10-01T09:05:53.393-0700] {logging_mixin.py:151} INFO - [2023-10-01T09:05:53.393-0700] {dag.py:3696} INFO - Setting next_dagrun for example_external_task_marker_child to None, run_after=None
[2023-10-01T09:05:53.394-0700] {logging_mixin.py:151} INFO - [2023-10-01T09:05:53.394-0700] {dag.py:3696} INFO - Setting next_dagrun for example_external_task_marker_parent to None, run_after=None
[2023-10-01T09:05:53.401-0700] {processor.py:179} INFO - Processing /Users/sheshmani/Desktop/SESCO/env/lib/python3.9/site-packages/airflow/example_dags/example_external_task_marker_dag.py took 0.096 seconds
[2023-10-01T09:07:08.067-0700] {processor.py:157} INFO - Started process (PID=19841) to work on /Users/sheshmani/Desktop/SESCO/env/lib/python3.9/site-packages/airflow/example_dags/example_external_task_marker_dag.py
[2023-10-01T09:07:08.069-0700] {processor.py:829} INFO - Processing file /Users/sheshmani/Desktop/SESCO/env/lib/python3.9/site-packages/airflow/example_dags/example_external_task_marker_dag.py for tasks to queue
[2023-10-01T09:07:08.069-0700] {logging_mixin.py:151} INFO - [2023-10-01T09:07:08.069-0700] {dagbag.py:539} INFO - Filling up the DagBag from /Users/sheshmani/Desktop/SESCO/env/lib/python3.9/site-packages/airflow/example_dags/example_external_task_marker_dag.py
[2023-10-01T09:07:08.081-0700] {processor.py:839} INFO - DAG(s) dict_keys(['example_external_task_marker_parent', 'example_external_task_marker_child']) retrieved from /Users/sheshmani/Desktop/SESCO/env/lib/python3.9/site-packages/airflow/example_dags/example_external_task_marker_dag.py
[2023-10-01T09:07:08.152-0700] {logging_mixin.py:151} INFO - [2023-10-01T09:07:08.152-0700] {dag.py:2915} INFO - Sync 2 DAGs
[2023-10-01T09:07:08.156-0700] {logging_mixin.py:151} INFO - [2023-10-01T09:07:08.156-0700] {dag.py:3696} INFO - Setting next_dagrun for example_external_task_marker_child to None, run_after=None
[2023-10-01T09:07:08.158-0700] {logging_mixin.py:151} INFO - [2023-10-01T09:07:08.157-0700] {dag.py:3696} INFO - Setting next_dagrun for example_external_task_marker_parent to None, run_after=None
[2023-10-01T09:07:08.166-0700] {processor.py:179} INFO - Processing /Users/sheshmani/Desktop/SESCO/env/lib/python3.9/site-packages/airflow/example_dags/example_external_task_marker_dag.py took 0.099 seconds
[2023-10-01T09:08:33.836-0700] {processor.py:157} INFO - Started process (PID=19955) to work on /Users/sheshmani/Desktop/SESCO/env/lib/python3.9/site-packages/airflow/example_dags/example_external_task_marker_dag.py
[2023-10-01T09:08:33.838-0700] {processor.py:829} INFO - Processing file /Users/sheshmani/Desktop/SESCO/env/lib/python3.9/site-packages/airflow/example_dags/example_external_task_marker_dag.py for tasks to queue
[2023-10-01T09:08:33.839-0700] {logging_mixin.py:151} INFO - [2023-10-01T09:08:33.839-0700] {dagbag.py:539} INFO - Filling up the DagBag from /Users/sheshmani/Desktop/SESCO/env/lib/python3.9/site-packages/airflow/example_dags/example_external_task_marker_dag.py
[2023-10-01T09:08:33.850-0700] {processor.py:839} INFO - DAG(s) dict_keys(['example_external_task_marker_child', 'example_external_task_marker_parent']) retrieved from /Users/sheshmani/Desktop/SESCO/env/lib/python3.9/site-packages/airflow/example_dags/example_external_task_marker_dag.py
[2023-10-01T09:08:33.920-0700] {logging_mixin.py:151} INFO - [2023-10-01T09:08:33.920-0700] {dag.py:2915} INFO - Sync 2 DAGs
[2023-10-01T09:08:33.923-0700] {logging_mixin.py:151} INFO - [2023-10-01T09:08:33.923-0700] {dag.py:3696} INFO - Setting next_dagrun for example_external_task_marker_child to None, run_after=None
[2023-10-01T09:08:33.924-0700] {logging_mixin.py:151} INFO - [2023-10-01T09:08:33.924-0700] {dag.py:3696} INFO - Setting next_dagrun for example_external_task_marker_parent to None, run_after=None
[2023-10-01T09:08:33.931-0700] {processor.py:179} INFO - Processing /Users/sheshmani/Desktop/SESCO/env/lib/python3.9/site-packages/airflow/example_dags/example_external_task_marker_dag.py took 0.096 seconds
[2023-10-01T09:09:52.819-0700] {processor.py:157} INFO - Started process (PID=20065) to work on /Users/sheshmani/Desktop/SESCO/env/lib/python3.9/site-packages/airflow/example_dags/example_external_task_marker_dag.py
[2023-10-01T09:09:52.821-0700] {processor.py:829} INFO - Processing file /Users/sheshmani/Desktop/SESCO/env/lib/python3.9/site-packages/airflow/example_dags/example_external_task_marker_dag.py for tasks to queue
[2023-10-01T09:09:52.821-0700] {logging_mixin.py:151} INFO - [2023-10-01T09:09:52.821-0700] {dagbag.py:539} INFO - Filling up the DagBag from /Users/sheshmani/Desktop/SESCO/env/lib/python3.9/site-packages/airflow/example_dags/example_external_task_marker_dag.py
[2023-10-01T09:09:52.833-0700] {processor.py:839} INFO - DAG(s) dict_keys(['example_external_task_marker_parent', 'example_external_task_marker_child']) retrieved from /Users/sheshmani/Desktop/SESCO/env/lib/python3.9/site-packages/airflow/example_dags/example_external_task_marker_dag.py
[2023-10-01T09:09:52.904-0700] {logging_mixin.py:151} INFO - [2023-10-01T09:09:52.903-0700] {dag.py:2915} INFO - Sync 2 DAGs
[2023-10-01T09:09:52.907-0700] {logging_mixin.py:151} INFO - [2023-10-01T09:09:52.907-0700] {dag.py:3696} INFO - Setting next_dagrun for example_external_task_marker_child to None, run_after=None
[2023-10-01T09:09:52.908-0700] {logging_mixin.py:151} INFO - [2023-10-01T09:09:52.908-0700] {dag.py:3696} INFO - Setting next_dagrun for example_external_task_marker_parent to None, run_after=None
[2023-10-01T09:09:52.915-0700] {processor.py:179} INFO - Processing /Users/sheshmani/Desktop/SESCO/env/lib/python3.9/site-packages/airflow/example_dags/example_external_task_marker_dag.py took 0.096 seconds
