[2023-10-01T09:04:19.177-0700] {processor.py:157} INFO - Started process (PID=19523) to work on /Users/sheshmani/Desktop/SESCO/env/lib/python3.9/site-packages/airflow/example_dags/example_short_circuit_decorator.py
[2023-10-01T09:04:19.179-0700] {processor.py:829} INFO - Processing file /Users/sheshmani/Desktop/SESCO/env/lib/python3.9/site-packages/airflow/example_dags/example_short_circuit_decorator.py for tasks to queue
[2023-10-01T09:04:19.179-0700] {logging_mixin.py:151} INFO - [2023-10-01T09:04:19.179-0700] {dagbag.py:539} INFO - Filling up the DagBag from /Users/sheshmani/Desktop/SESCO/env/lib/python3.9/site-packages/airflow/example_dags/example_short_circuit_decorator.py
[2023-10-01T09:04:19.206-0700] {processor.py:839} INFO - DAG(s) dict_keys(['example_short_circuit_decorator']) retrieved from /Users/sheshmani/Desktop/SESCO/env/lib/python3.9/site-packages/airflow/example_dags/example_short_circuit_decorator.py
[2023-10-01T09:04:19.274-0700] {logging_mixin.py:151} INFO - [2023-10-01T09:04:19.274-0700] {dag.py:2915} INFO - Sync 1 DAGs
[2023-10-01T09:04:19.280-0700] {logging_mixin.py:151} INFO - [2023-10-01T09:04:19.280-0700] {dag.py:3696} INFO - Setting next_dagrun for example_short_circuit_decorator to 2023-09-30T16:04:19.279982+00:00, run_after=2023-10-01T16:04:19.279982+00:00
[2023-10-01T09:04:19.287-0700] {processor.py:179} INFO - Processing /Users/sheshmani/Desktop/SESCO/env/lib/python3.9/site-packages/airflow/example_dags/example_short_circuit_decorator.py took 0.110 seconds
[2023-10-01T09:05:28.140-0700] {processor.py:157} INFO - Started process (PID=19674) to work on /Users/sheshmani/Desktop/SESCO/env/lib/python3.9/site-packages/airflow/example_dags/example_short_circuit_decorator.py
[2023-10-01T09:05:28.142-0700] {processor.py:829} INFO - Processing file /Users/sheshmani/Desktop/SESCO/env/lib/python3.9/site-packages/airflow/example_dags/example_short_circuit_decorator.py for tasks to queue
[2023-10-01T09:05:28.142-0700] {logging_mixin.py:151} INFO - [2023-10-01T09:05:28.142-0700] {dagbag.py:539} INFO - Filling up the DagBag from /Users/sheshmani/Desktop/SESCO/env/lib/python3.9/site-packages/airflow/example_dags/example_short_circuit_decorator.py
[2023-10-01T09:05:28.162-0700] {processor.py:839} INFO - DAG(s) dict_keys(['example_short_circuit_decorator']) retrieved from /Users/sheshmani/Desktop/SESCO/env/lib/python3.9/site-packages/airflow/example_dags/example_short_circuit_decorator.py
[2023-10-01T09:05:28.226-0700] {logging_mixin.py:151} INFO - [2023-10-01T09:05:28.226-0700] {dag.py:2915} INFO - Sync 1 DAGs
[2023-10-01T09:05:28.232-0700] {logging_mixin.py:151} INFO - [2023-10-01T09:05:28.232-0700] {dag.py:3696} INFO - Setting next_dagrun for example_short_circuit_decorator to 2023-09-30T16:05:28.232382+00:00, run_after=2023-10-01T16:05:28.232382+00:00
[2023-10-01T09:05:28.239-0700] {processor.py:179} INFO - Processing /Users/sheshmani/Desktop/SESCO/env/lib/python3.9/site-packages/airflow/example_dags/example_short_circuit_decorator.py took 0.100 seconds
[2023-10-01T09:06:39.182-0700] {processor.py:157} INFO - Started process (PID=19811) to work on /Users/sheshmani/Desktop/SESCO/env/lib/python3.9/site-packages/airflow/example_dags/example_short_circuit_decorator.py
[2023-10-01T09:06:39.185-0700] {processor.py:829} INFO - Processing file /Users/sheshmani/Desktop/SESCO/env/lib/python3.9/site-packages/airflow/example_dags/example_short_circuit_decorator.py for tasks to queue
[2023-10-01T09:06:39.185-0700] {logging_mixin.py:151} INFO - [2023-10-01T09:06:39.185-0700] {dagbag.py:539} INFO - Filling up the DagBag from /Users/sheshmani/Desktop/SESCO/env/lib/python3.9/site-packages/airflow/example_dags/example_short_circuit_decorator.py
[2023-10-01T09:06:39.209-0700] {processor.py:839} INFO - DAG(s) dict_keys(['example_short_circuit_decorator']) retrieved from /Users/sheshmani/Desktop/SESCO/env/lib/python3.9/site-packages/airflow/example_dags/example_short_circuit_decorator.py
[2023-10-01T09:06:39.277-0700] {logging_mixin.py:151} INFO - [2023-10-01T09:06:39.276-0700] {dag.py:2915} INFO - Sync 1 DAGs
[2023-10-01T09:06:39.282-0700] {logging_mixin.py:151} INFO - [2023-10-01T09:06:39.282-0700] {dag.py:3696} INFO - Setting next_dagrun for example_short_circuit_decorator to 2023-09-30T16:06:39.282739+00:00, run_after=2023-10-01T16:06:39.282739+00:00
[2023-10-01T09:06:39.290-0700] {processor.py:179} INFO - Processing /Users/sheshmani/Desktop/SESCO/env/lib/python3.9/site-packages/airflow/example_dags/example_short_circuit_decorator.py took 0.108 seconds
[2023-10-01T09:08:00.635-0700] {processor.py:157} INFO - Started process (PID=19924) to work on /Users/sheshmani/Desktop/SESCO/env/lib/python3.9/site-packages/airflow/example_dags/example_short_circuit_decorator.py
[2023-10-01T09:08:00.638-0700] {processor.py:829} INFO - Processing file /Users/sheshmani/Desktop/SESCO/env/lib/python3.9/site-packages/airflow/example_dags/example_short_circuit_decorator.py for tasks to queue
[2023-10-01T09:08:00.638-0700] {logging_mixin.py:151} INFO - [2023-10-01T09:08:00.638-0700] {dagbag.py:539} INFO - Filling up the DagBag from /Users/sheshmani/Desktop/SESCO/env/lib/python3.9/site-packages/airflow/example_dags/example_short_circuit_decorator.py
[2023-10-01T09:08:00.659-0700] {processor.py:839} INFO - DAG(s) dict_keys(['example_short_circuit_decorator']) retrieved from /Users/sheshmani/Desktop/SESCO/env/lib/python3.9/site-packages/airflow/example_dags/example_short_circuit_decorator.py
[2023-10-01T09:08:00.723-0700] {logging_mixin.py:151} INFO - [2023-10-01T09:08:00.723-0700] {dag.py:2915} INFO - Sync 1 DAGs
[2023-10-01T09:08:00.729-0700] {logging_mixin.py:151} INFO - [2023-10-01T09:08:00.729-0700] {dag.py:3696} INFO - Setting next_dagrun for example_short_circuit_decorator to 2023-09-30T16:08:00.729207+00:00, run_after=2023-10-01T16:08:00.729207+00:00
[2023-10-01T09:08:00.736-0700] {processor.py:179} INFO - Processing /Users/sheshmani/Desktop/SESCO/env/lib/python3.9/site-packages/airflow/example_dags/example_short_circuit_decorator.py took 0.101 seconds
[2023-10-01T09:09:17.731-0700] {processor.py:157} INFO - Started process (PID=20010) to work on /Users/sheshmani/Desktop/SESCO/env/lib/python3.9/site-packages/airflow/example_dags/example_short_circuit_decorator.py
[2023-10-01T09:09:17.733-0700] {processor.py:829} INFO - Processing file /Users/sheshmani/Desktop/SESCO/env/lib/python3.9/site-packages/airflow/example_dags/example_short_circuit_decorator.py for tasks to queue
[2023-10-01T09:09:17.733-0700] {logging_mixin.py:151} INFO - [2023-10-01T09:09:17.733-0700] {dagbag.py:539} INFO - Filling up the DagBag from /Users/sheshmani/Desktop/SESCO/env/lib/python3.9/site-packages/airflow/example_dags/example_short_circuit_decorator.py
[2023-10-01T09:09:17.754-0700] {processor.py:839} INFO - DAG(s) dict_keys(['example_short_circuit_decorator']) retrieved from /Users/sheshmani/Desktop/SESCO/env/lib/python3.9/site-packages/airflow/example_dags/example_short_circuit_decorator.py
[2023-10-01T09:09:17.819-0700] {logging_mixin.py:151} INFO - [2023-10-01T09:09:17.819-0700] {dag.py:2915} INFO - Sync 1 DAGs
[2023-10-01T09:09:17.825-0700] {logging_mixin.py:151} INFO - [2023-10-01T09:09:17.824-0700] {dag.py:3696} INFO - Setting next_dagrun for example_short_circuit_decorator to 2023-09-30T16:09:17.824903+00:00, run_after=2023-10-01T16:09:17.824903+00:00
[2023-10-01T09:09:17.832-0700] {processor.py:179} INFO - Processing /Users/sheshmani/Desktop/SESCO/env/lib/python3.9/site-packages/airflow/example_dags/example_short_circuit_decorator.py took 0.101 seconds
[2023-10-01T09:10:38.109-0700] {processor.py:157} INFO - Started process (PID=20114) to work on /Users/sheshmani/Desktop/SESCO/env/lib/python3.9/site-packages/airflow/example_dags/example_short_circuit_decorator.py
[2023-10-01T09:10:38.111-0700] {processor.py:829} INFO - Processing file /Users/sheshmani/Desktop/SESCO/env/lib/python3.9/site-packages/airflow/example_dags/example_short_circuit_decorator.py for tasks to queue
[2023-10-01T09:10:38.111-0700] {logging_mixin.py:151} INFO - [2023-10-01T09:10:38.111-0700] {dagbag.py:539} INFO - Filling up the DagBag from /Users/sheshmani/Desktop/SESCO/env/lib/python3.9/site-packages/airflow/example_dags/example_short_circuit_decorator.py
[2023-10-01T09:10:38.132-0700] {processor.py:839} INFO - DAG(s) dict_keys(['example_short_circuit_decorator']) retrieved from /Users/sheshmani/Desktop/SESCO/env/lib/python3.9/site-packages/airflow/example_dags/example_short_circuit_decorator.py
[2023-10-01T09:10:38.201-0700] {logging_mixin.py:151} INFO - [2023-10-01T09:10:38.201-0700] {dag.py:2915} INFO - Sync 1 DAGs
[2023-10-01T09:10:38.207-0700] {logging_mixin.py:151} INFO - [2023-10-01T09:10:38.207-0700] {dag.py:3696} INFO - Setting next_dagrun for example_short_circuit_decorator to 2023-09-30T16:10:38.207227+00:00, run_after=2023-10-01T16:10:38.207227+00:00
[2023-10-01T09:10:38.214-0700] {processor.py:179} INFO - Processing /Users/sheshmani/Desktop/SESCO/env/lib/python3.9/site-packages/airflow/example_dags/example_short_circuit_decorator.py took 0.106 seconds
