[2023-10-01T09:04:52.925-0700] {processor.py:157} INFO - Started process (PID=19568) to work on /Users/sheshmani/Desktop/SESCO/env/lib/python3.9/site-packages/airflow/example_dags/example_branch_operator.py
[2023-10-01T09:04:52.927-0700] {processor.py:829} INFO - Processing file /Users/sheshmani/Desktop/SESCO/env/lib/python3.9/site-packages/airflow/example_dags/example_branch_operator.py for tasks to queue
[2023-10-01T09:04:52.927-0700] {logging_mixin.py:151} INFO - [2023-10-01T09:04:52.927-0700] {dagbag.py:539} INFO - Filling up the DagBag from /Users/sheshmani/Desktop/SESCO/env/lib/python3.9/site-packages/airflow/example_dags/example_branch_operator.py
[2023-10-01T09:04:52.944-0700] {processor.py:839} INFO - DAG(s) dict_keys(['example_branch_operator']) retrieved from /Users/sheshmani/Desktop/SESCO/env/lib/python3.9/site-packages/airflow/example_dags/example_branch_operator.py
[2023-10-01T09:04:53.010-0700] {logging_mixin.py:151} INFO - [2023-10-01T09:04:53.010-0700] {dag.py:2915} INFO - Sync 1 DAGs
[2023-10-01T09:04:53.017-0700] {logging_mixin.py:151} INFO - [2023-10-01T09:04:53.016-0700] {dag.py:3696} INFO - Setting next_dagrun for example_branch_operator to 2023-09-30T00:00:00+00:00, run_after=2023-10-01T00:00:00+00:00
[2023-10-01T09:04:53.024-0700] {processor.py:179} INFO - Processing /Users/sheshmani/Desktop/SESCO/env/lib/python3.9/site-packages/airflow/example_dags/example_branch_operator.py took 0.099 seconds
[2023-10-01T09:06:04.714-0700] {processor.py:157} INFO - Started process (PID=19748) to work on /Users/sheshmani/Desktop/SESCO/env/lib/python3.9/site-packages/airflow/example_dags/example_branch_operator.py
[2023-10-01T09:06:04.717-0700] {processor.py:829} INFO - Processing file /Users/sheshmani/Desktop/SESCO/env/lib/python3.9/site-packages/airflow/example_dags/example_branch_operator.py for tasks to queue
[2023-10-01T09:06:04.717-0700] {logging_mixin.py:151} INFO - [2023-10-01T09:06:04.717-0700] {dagbag.py:539} INFO - Filling up the DagBag from /Users/sheshmani/Desktop/SESCO/env/lib/python3.9/site-packages/airflow/example_dags/example_branch_operator.py
[2023-10-01T09:06:04.733-0700] {processor.py:839} INFO - DAG(s) dict_keys(['example_branch_operator']) retrieved from /Users/sheshmani/Desktop/SESCO/env/lib/python3.9/site-packages/airflow/example_dags/example_branch_operator.py
[2023-10-01T09:06:04.803-0700] {logging_mixin.py:151} INFO - [2023-10-01T09:06:04.803-0700] {dag.py:2915} INFO - Sync 1 DAGs
[2023-10-01T09:06:04.811-0700] {logging_mixin.py:151} INFO - [2023-10-01T09:06:04.811-0700] {dag.py:3696} INFO - Setting next_dagrun for example_branch_operator to 2023-09-30T00:00:00+00:00, run_after=2023-10-01T00:00:00+00:00
[2023-10-01T09:06:04.818-0700] {processor.py:179} INFO - Processing /Users/sheshmani/Desktop/SESCO/env/lib/python3.9/site-packages/airflow/example_dags/example_branch_operator.py took 0.105 seconds
[2023-10-01T09:07:21.522-0700] {processor.py:157} INFO - Started process (PID=19874) to work on /Users/sheshmani/Desktop/SESCO/env/lib/python3.9/site-packages/airflow/example_dags/example_branch_operator.py
[2023-10-01T09:07:21.524-0700] {processor.py:829} INFO - Processing file /Users/sheshmani/Desktop/SESCO/env/lib/python3.9/site-packages/airflow/example_dags/example_branch_operator.py for tasks to queue
[2023-10-01T09:07:21.524-0700] {logging_mixin.py:151} INFO - [2023-10-01T09:07:21.524-0700] {dagbag.py:539} INFO - Filling up the DagBag from /Users/sheshmani/Desktop/SESCO/env/lib/python3.9/site-packages/airflow/example_dags/example_branch_operator.py
[2023-10-01T09:07:21.541-0700] {processor.py:839} INFO - DAG(s) dict_keys(['example_branch_operator']) retrieved from /Users/sheshmani/Desktop/SESCO/env/lib/python3.9/site-packages/airflow/example_dags/example_branch_operator.py
[2023-10-01T09:07:21.614-0700] {logging_mixin.py:151} INFO - [2023-10-01T09:07:21.614-0700] {dag.py:2915} INFO - Sync 1 DAGs
[2023-10-01T09:07:21.621-0700] {logging_mixin.py:151} INFO - [2023-10-01T09:07:21.621-0700] {dag.py:3696} INFO - Setting next_dagrun for example_branch_operator to 2023-09-30T00:00:00+00:00, run_after=2023-10-01T00:00:00+00:00
[2023-10-01T09:07:21.628-0700] {processor.py:179} INFO - Processing /Users/sheshmani/Desktop/SESCO/env/lib/python3.9/site-packages/airflow/example_dags/example_branch_operator.py took 0.107 seconds
[2023-10-01T09:08:45.529-0700] {processor.py:157} INFO - Started process (PID=19965) to work on /Users/sheshmani/Desktop/SESCO/env/lib/python3.9/site-packages/airflow/example_dags/example_branch_operator.py
[2023-10-01T09:08:45.531-0700] {processor.py:829} INFO - Processing file /Users/sheshmani/Desktop/SESCO/env/lib/python3.9/site-packages/airflow/example_dags/example_branch_operator.py for tasks to queue
[2023-10-01T09:08:45.532-0700] {logging_mixin.py:151} INFO - [2023-10-01T09:08:45.532-0700] {dagbag.py:539} INFO - Filling up the DagBag from /Users/sheshmani/Desktop/SESCO/env/lib/python3.9/site-packages/airflow/example_dags/example_branch_operator.py
[2023-10-01T09:08:45.550-0700] {processor.py:839} INFO - DAG(s) dict_keys(['example_branch_operator']) retrieved from /Users/sheshmani/Desktop/SESCO/env/lib/python3.9/site-packages/airflow/example_dags/example_branch_operator.py
[2023-10-01T09:08:45.616-0700] {logging_mixin.py:151} INFO - [2023-10-01T09:08:45.616-0700] {dag.py:2915} INFO - Sync 1 DAGs
[2023-10-01T09:08:45.623-0700] {logging_mixin.py:151} INFO - [2023-10-01T09:08:45.623-0700] {dag.py:3696} INFO - Setting next_dagrun for example_branch_operator to 2023-09-30T00:00:00+00:00, run_after=2023-10-01T00:00:00+00:00
[2023-10-01T09:08:45.631-0700] {processor.py:179} INFO - Processing /Users/sheshmani/Desktop/SESCO/env/lib/python3.9/site-packages/airflow/example_dags/example_branch_operator.py took 0.102 seconds
[2023-10-01T09:10:05.144-0700] {processor.py:157} INFO - Started process (PID=20083) to work on /Users/sheshmani/Desktop/SESCO/env/lib/python3.9/site-packages/airflow/example_dags/example_branch_operator.py
[2023-10-01T09:10:05.146-0700] {processor.py:829} INFO - Processing file /Users/sheshmani/Desktop/SESCO/env/lib/python3.9/site-packages/airflow/example_dags/example_branch_operator.py for tasks to queue
[2023-10-01T09:10:05.146-0700] {logging_mixin.py:151} INFO - [2023-10-01T09:10:05.146-0700] {dagbag.py:539} INFO - Filling up the DagBag from /Users/sheshmani/Desktop/SESCO/env/lib/python3.9/site-packages/airflow/example_dags/example_branch_operator.py
[2023-10-01T09:10:05.163-0700] {processor.py:839} INFO - DAG(s) dict_keys(['example_branch_operator']) retrieved from /Users/sheshmani/Desktop/SESCO/env/lib/python3.9/site-packages/airflow/example_dags/example_branch_operator.py
[2023-10-01T09:10:05.234-0700] {logging_mixin.py:151} INFO - [2023-10-01T09:10:05.234-0700] {dag.py:2915} INFO - Sync 1 DAGs
[2023-10-01T09:10:05.241-0700] {logging_mixin.py:151} INFO - [2023-10-01T09:10:05.241-0700] {dag.py:3696} INFO - Setting next_dagrun for example_branch_operator to 2023-09-30T00:00:00+00:00, run_after=2023-10-01T00:00:00+00:00
[2023-10-01T09:10:05.249-0700] {processor.py:179} INFO - Processing /Users/sheshmani/Desktop/SESCO/env/lib/python3.9/site-packages/airflow/example_dags/example_branch_operator.py took 0.106 seconds
