[2023-10-01T09:04:51.371-0700] {processor.py:157} INFO - Started process (PID=19565) to work on /Users/sheshmani/Desktop/SESCO/env/lib/python3.9/site-packages/airflow/example_dags/example_branch_operator_decorator.py
[2023-10-01T09:04:51.373-0700] {processor.py:829} INFO - Processing file /Users/sheshmani/Desktop/SESCO/env/lib/python3.9/site-packages/airflow/example_dags/example_branch_operator_decorator.py for tasks to queue
[2023-10-01T09:04:51.373-0700] {logging_mixin.py:151} INFO - [2023-10-01T09:04:51.373-0700] {dagbag.py:539} INFO - Filling up the DagBag from /Users/sheshmani/Desktop/SESCO/env/lib/python3.9/site-packages/airflow/example_dags/example_branch_operator_decorator.py
[2023-10-01T09:04:51.394-0700] {processor.py:839} INFO - DAG(s) dict_keys(['example_branch_python_operator_decorator']) retrieved from /Users/sheshmani/Desktop/SESCO/env/lib/python3.9/site-packages/airflow/example_dags/example_branch_operator_decorator.py
[2023-10-01T09:04:51.458-0700] {logging_mixin.py:151} INFO - [2023-10-01T09:04:51.458-0700] {dag.py:2915} INFO - Sync 1 DAGs
[2023-10-01T09:04:51.464-0700] {logging_mixin.py:151} INFO - [2023-10-01T09:04:51.464-0700] {dag.py:3696} INFO - Setting next_dagrun for example_branch_python_operator_decorator to 2023-09-30T00:00:00+00:00, run_after=2023-10-01T00:00:00+00:00
[2023-10-01T09:04:51.471-0700] {processor.py:179} INFO - Processing /Users/sheshmani/Desktop/SESCO/env/lib/python3.9/site-packages/airflow/example_dags/example_branch_operator_decorator.py took 0.100 seconds
[2023-10-01T09:06:04.016-0700] {processor.py:157} INFO - Started process (PID=19741) to work on /Users/sheshmani/Desktop/SESCO/env/lib/python3.9/site-packages/airflow/example_dags/example_branch_operator_decorator.py
[2023-10-01T09:06:04.019-0700] {processor.py:829} INFO - Processing file /Users/sheshmani/Desktop/SESCO/env/lib/python3.9/site-packages/airflow/example_dags/example_branch_operator_decorator.py for tasks to queue
[2023-10-01T09:06:04.019-0700] {logging_mixin.py:151} INFO - [2023-10-01T09:06:04.019-0700] {dagbag.py:539} INFO - Filling up the DagBag from /Users/sheshmani/Desktop/SESCO/env/lib/python3.9/site-packages/airflow/example_dags/example_branch_operator_decorator.py
[2023-10-01T09:06:04.040-0700] {processor.py:839} INFO - DAG(s) dict_keys(['example_branch_python_operator_decorator']) retrieved from /Users/sheshmani/Desktop/SESCO/env/lib/python3.9/site-packages/airflow/example_dags/example_branch_operator_decorator.py
[2023-10-01T09:06:04.108-0700] {logging_mixin.py:151} INFO - [2023-10-01T09:06:04.108-0700] {dag.py:2915} INFO - Sync 1 DAGs
[2023-10-01T09:06:04.114-0700] {logging_mixin.py:151} INFO - [2023-10-01T09:06:04.114-0700] {dag.py:3696} INFO - Setting next_dagrun for example_branch_python_operator_decorator to 2023-09-30T00:00:00+00:00, run_after=2023-10-01T00:00:00+00:00
[2023-10-01T09:06:04.121-0700] {processor.py:179} INFO - Processing /Users/sheshmani/Desktop/SESCO/env/lib/python3.9/site-packages/airflow/example_dags/example_branch_operator_decorator.py took 0.105 seconds
[2023-10-01T09:07:19.825-0700] {processor.py:157} INFO - Started process (PID=19873) to work on /Users/sheshmani/Desktop/SESCO/env/lib/python3.9/site-packages/airflow/example_dags/example_branch_operator_decorator.py
[2023-10-01T09:07:19.827-0700] {processor.py:829} INFO - Processing file /Users/sheshmani/Desktop/SESCO/env/lib/python3.9/site-packages/airflow/example_dags/example_branch_operator_decorator.py for tasks to queue
[2023-10-01T09:07:19.828-0700] {logging_mixin.py:151} INFO - [2023-10-01T09:07:19.828-0700] {dagbag.py:539} INFO - Filling up the DagBag from /Users/sheshmani/Desktop/SESCO/env/lib/python3.9/site-packages/airflow/example_dags/example_branch_operator_decorator.py
[2023-10-01T09:07:19.850-0700] {processor.py:839} INFO - DAG(s) dict_keys(['example_branch_python_operator_decorator']) retrieved from /Users/sheshmani/Desktop/SESCO/env/lib/python3.9/site-packages/airflow/example_dags/example_branch_operator_decorator.py
[2023-10-01T09:07:19.923-0700] {logging_mixin.py:151} INFO - [2023-10-01T09:07:19.923-0700] {dag.py:2915} INFO - Sync 1 DAGs
[2023-10-01T09:07:19.930-0700] {logging_mixin.py:151} INFO - [2023-10-01T09:07:19.930-0700] {dag.py:3696} INFO - Setting next_dagrun for example_branch_python_operator_decorator to 2023-09-30T00:00:00+00:00, run_after=2023-10-01T00:00:00+00:00
[2023-10-01T09:07:19.941-0700] {processor.py:179} INFO - Processing /Users/sheshmani/Desktop/SESCO/env/lib/python3.9/site-packages/airflow/example_dags/example_branch_operator_decorator.py took 0.116 seconds
[2023-10-01T09:08:43.860-0700] {processor.py:157} INFO - Started process (PID=19964) to work on /Users/sheshmani/Desktop/SESCO/env/lib/python3.9/site-packages/airflow/example_dags/example_branch_operator_decorator.py
[2023-10-01T09:08:43.862-0700] {processor.py:829} INFO - Processing file /Users/sheshmani/Desktop/SESCO/env/lib/python3.9/site-packages/airflow/example_dags/example_branch_operator_decorator.py for tasks to queue
[2023-10-01T09:08:43.862-0700] {logging_mixin.py:151} INFO - [2023-10-01T09:08:43.862-0700] {dagbag.py:539} INFO - Filling up the DagBag from /Users/sheshmani/Desktop/SESCO/env/lib/python3.9/site-packages/airflow/example_dags/example_branch_operator_decorator.py
[2023-10-01T09:08:43.883-0700] {processor.py:839} INFO - DAG(s) dict_keys(['example_branch_python_operator_decorator']) retrieved from /Users/sheshmani/Desktop/SESCO/env/lib/python3.9/site-packages/airflow/example_dags/example_branch_operator_decorator.py
[2023-10-01T09:08:43.961-0700] {logging_mixin.py:151} INFO - [2023-10-01T09:08:43.961-0700] {dag.py:2915} INFO - Sync 1 DAGs
[2023-10-01T09:08:43.969-0700] {logging_mixin.py:151} INFO - [2023-10-01T09:08:43.969-0700] {dag.py:3696} INFO - Setting next_dagrun for example_branch_python_operator_decorator to 2023-09-30T00:00:00+00:00, run_after=2023-10-01T00:00:00+00:00
[2023-10-01T09:08:43.983-0700] {processor.py:179} INFO - Processing /Users/sheshmani/Desktop/SESCO/env/lib/python3.9/site-packages/airflow/example_dags/example_branch_operator_decorator.py took 0.124 seconds
[2023-10-01T09:10:04.154-0700] {processor.py:157} INFO - Started process (PID=20079) to work on /Users/sheshmani/Desktop/SESCO/env/lib/python3.9/site-packages/airflow/example_dags/example_branch_operator_decorator.py
[2023-10-01T09:10:04.157-0700] {processor.py:829} INFO - Processing file /Users/sheshmani/Desktop/SESCO/env/lib/python3.9/site-packages/airflow/example_dags/example_branch_operator_decorator.py for tasks to queue
[2023-10-01T09:10:04.157-0700] {logging_mixin.py:151} INFO - [2023-10-01T09:10:04.157-0700] {dagbag.py:539} INFO - Filling up the DagBag from /Users/sheshmani/Desktop/SESCO/env/lib/python3.9/site-packages/airflow/example_dags/example_branch_operator_decorator.py
[2023-10-01T09:10:04.180-0700] {processor.py:839} INFO - DAG(s) dict_keys(['example_branch_python_operator_decorator']) retrieved from /Users/sheshmani/Desktop/SESCO/env/lib/python3.9/site-packages/airflow/example_dags/example_branch_operator_decorator.py
[2023-10-01T09:10:04.250-0700] {logging_mixin.py:151} INFO - [2023-10-01T09:10:04.250-0700] {dag.py:2915} INFO - Sync 1 DAGs
[2023-10-01T09:10:04.256-0700] {logging_mixin.py:151} INFO - [2023-10-01T09:10:04.256-0700] {dag.py:3696} INFO - Setting next_dagrun for example_branch_python_operator_decorator to 2023-09-30T00:00:00+00:00, run_after=2023-10-01T00:00:00+00:00
[2023-10-01T09:10:04.267-0700] {processor.py:179} INFO - Processing /Users/sheshmani/Desktop/SESCO/env/lib/python3.9/site-packages/airflow/example_dags/example_branch_operator_decorator.py took 0.113 seconds
