[2023-10-01T09:04:17.553-0700] {processor.py:157} INFO - Started process (PID=19519) to work on /Users/sheshmani/Desktop/SESCO/env/lib/python3.9/site-packages/airflow/example_dags/example_short_circuit_operator.py
[2023-10-01T09:04:17.555-0700] {processor.py:829} INFO - Processing file /Users/sheshmani/Desktop/SESCO/env/lib/python3.9/site-packages/airflow/example_dags/example_short_circuit_operator.py for tasks to queue
[2023-10-01T09:04:17.555-0700] {logging_mixin.py:151} INFO - [2023-10-01T09:04:17.555-0700] {dagbag.py:539} INFO - Filling up the DagBag from /Users/sheshmani/Desktop/SESCO/env/lib/python3.9/site-packages/airflow/example_dags/example_short_circuit_operator.py
[2023-10-01T09:04:17.573-0700] {processor.py:839} INFO - DAG(s) dict_keys(['example_short_circuit_operator']) retrieved from /Users/sheshmani/Desktop/SESCO/env/lib/python3.9/site-packages/airflow/example_dags/example_short_circuit_operator.py
[2023-10-01T09:04:17.643-0700] {logging_mixin.py:151} INFO - [2023-10-01T09:04:17.642-0700] {dag.py:2915} INFO - Sync 1 DAGs
[2023-10-01T09:04:17.649-0700] {logging_mixin.py:151} INFO - [2023-10-01T09:04:17.649-0700] {dag.py:3696} INFO - Setting next_dagrun for example_short_circuit_operator to 2023-09-30T16:04:17.649481+00:00, run_after=2023-10-01T16:04:17.649481+00:00
[2023-10-01T09:04:17.656-0700] {processor.py:179} INFO - Processing /Users/sheshmani/Desktop/SESCO/env/lib/python3.9/site-packages/airflow/example_dags/example_short_circuit_operator.py took 0.104 seconds
[2023-10-01T09:05:26.522-0700] {processor.py:157} INFO - Started process (PID=19672) to work on /Users/sheshmani/Desktop/SESCO/env/lib/python3.9/site-packages/airflow/example_dags/example_short_circuit_operator.py
[2023-10-01T09:05:26.525-0700] {processor.py:829} INFO - Processing file /Users/sheshmani/Desktop/SESCO/env/lib/python3.9/site-packages/airflow/example_dags/example_short_circuit_operator.py for tasks to queue
[2023-10-01T09:05:26.525-0700] {logging_mixin.py:151} INFO - [2023-10-01T09:05:26.525-0700] {dagbag.py:539} INFO - Filling up the DagBag from /Users/sheshmani/Desktop/SESCO/env/lib/python3.9/site-packages/airflow/example_dags/example_short_circuit_operator.py
[2023-10-01T09:05:26.540-0700] {processor.py:839} INFO - DAG(s) dict_keys(['example_short_circuit_operator']) retrieved from /Users/sheshmani/Desktop/SESCO/env/lib/python3.9/site-packages/airflow/example_dags/example_short_circuit_operator.py
[2023-10-01T09:05:26.608-0700] {logging_mixin.py:151} INFO - [2023-10-01T09:05:26.608-0700] {dag.py:2915} INFO - Sync 1 DAGs
[2023-10-01T09:05:26.614-0700] {logging_mixin.py:151} INFO - [2023-10-01T09:05:26.614-0700] {dag.py:3696} INFO - Setting next_dagrun for example_short_circuit_operator to 2023-09-30T16:05:26.614514+00:00, run_after=2023-10-01T16:05:26.614514+00:00
[2023-10-01T09:05:26.622-0700] {processor.py:179} INFO - Processing /Users/sheshmani/Desktop/SESCO/env/lib/python3.9/site-packages/airflow/example_dags/example_short_circuit_operator.py took 0.100 seconds
[2023-10-01T09:06:37.520-0700] {processor.py:157} INFO - Started process (PID=19810) to work on /Users/sheshmani/Desktop/SESCO/env/lib/python3.9/site-packages/airflow/example_dags/example_short_circuit_operator.py
[2023-10-01T09:06:37.522-0700] {processor.py:829} INFO - Processing file /Users/sheshmani/Desktop/SESCO/env/lib/python3.9/site-packages/airflow/example_dags/example_short_circuit_operator.py for tasks to queue
[2023-10-01T09:06:37.522-0700] {logging_mixin.py:151} INFO - [2023-10-01T09:06:37.522-0700] {dagbag.py:539} INFO - Filling up the DagBag from /Users/sheshmani/Desktop/SESCO/env/lib/python3.9/site-packages/airflow/example_dags/example_short_circuit_operator.py
[2023-10-01T09:06:37.539-0700] {processor.py:839} INFO - DAG(s) dict_keys(['example_short_circuit_operator']) retrieved from /Users/sheshmani/Desktop/SESCO/env/lib/python3.9/site-packages/airflow/example_dags/example_short_circuit_operator.py
[2023-10-01T09:06:37.606-0700] {logging_mixin.py:151} INFO - [2023-10-01T09:06:37.605-0700] {dag.py:2915} INFO - Sync 1 DAGs
[2023-10-01T09:06:37.612-0700] {logging_mixin.py:151} INFO - [2023-10-01T09:06:37.612-0700] {dag.py:3696} INFO - Setting next_dagrun for example_short_circuit_operator to 2023-09-30T16:06:37.612150+00:00, run_after=2023-10-01T16:06:37.612150+00:00
[2023-10-01T09:06:37.619-0700] {processor.py:179} INFO - Processing /Users/sheshmani/Desktop/SESCO/env/lib/python3.9/site-packages/airflow/example_dags/example_short_circuit_operator.py took 0.099 seconds
[2023-10-01T09:07:59.557-0700] {processor.py:157} INFO - Started process (PID=19923) to work on /Users/sheshmani/Desktop/SESCO/env/lib/python3.9/site-packages/airflow/example_dags/example_short_circuit_operator.py
[2023-10-01T09:07:59.560-0700] {processor.py:829} INFO - Processing file /Users/sheshmani/Desktop/SESCO/env/lib/python3.9/site-packages/airflow/example_dags/example_short_circuit_operator.py for tasks to queue
[2023-10-01T09:07:59.560-0700] {logging_mixin.py:151} INFO - [2023-10-01T09:07:59.560-0700] {dagbag.py:539} INFO - Filling up the DagBag from /Users/sheshmani/Desktop/SESCO/env/lib/python3.9/site-packages/airflow/example_dags/example_short_circuit_operator.py
[2023-10-01T09:07:59.575-0700] {processor.py:839} INFO - DAG(s) dict_keys(['example_short_circuit_operator']) retrieved from /Users/sheshmani/Desktop/SESCO/env/lib/python3.9/site-packages/airflow/example_dags/example_short_circuit_operator.py
[2023-10-01T09:07:59.641-0700] {logging_mixin.py:151} INFO - [2023-10-01T09:07:59.641-0700] {dag.py:2915} INFO - Sync 1 DAGs
[2023-10-01T09:07:59.647-0700] {logging_mixin.py:151} INFO - [2023-10-01T09:07:59.647-0700] {dag.py:3696} INFO - Setting next_dagrun for example_short_circuit_operator to 2023-09-30T16:07:59.647500+00:00, run_after=2023-10-01T16:07:59.647500+00:00
[2023-10-01T09:07:59.654-0700] {processor.py:179} INFO - Processing /Users/sheshmani/Desktop/SESCO/env/lib/python3.9/site-packages/airflow/example_dags/example_short_circuit_operator.py took 0.097 seconds
[2023-10-01T09:09:16.053-0700] {processor.py:157} INFO - Started process (PID=20009) to work on /Users/sheshmani/Desktop/SESCO/env/lib/python3.9/site-packages/airflow/example_dags/example_short_circuit_operator.py
[2023-10-01T09:09:16.055-0700] {processor.py:829} INFO - Processing file /Users/sheshmani/Desktop/SESCO/env/lib/python3.9/site-packages/airflow/example_dags/example_short_circuit_operator.py for tasks to queue
[2023-10-01T09:09:16.055-0700] {logging_mixin.py:151} INFO - [2023-10-01T09:09:16.055-0700] {dagbag.py:539} INFO - Filling up the DagBag from /Users/sheshmani/Desktop/SESCO/env/lib/python3.9/site-packages/airflow/example_dags/example_short_circuit_operator.py
[2023-10-01T09:09:16.071-0700] {processor.py:839} INFO - DAG(s) dict_keys(['example_short_circuit_operator']) retrieved from /Users/sheshmani/Desktop/SESCO/env/lib/python3.9/site-packages/airflow/example_dags/example_short_circuit_operator.py
[2023-10-01T09:09:16.141-0700] {logging_mixin.py:151} INFO - [2023-10-01T09:09:16.141-0700] {dag.py:2915} INFO - Sync 1 DAGs
[2023-10-01T09:09:16.147-0700] {logging_mixin.py:151} INFO - [2023-10-01T09:09:16.147-0700] {dag.py:3696} INFO - Setting next_dagrun for example_short_circuit_operator to 2023-09-30T16:09:16.147743+00:00, run_after=2023-10-01T16:09:16.147743+00:00
[2023-10-01T09:09:16.154-0700] {processor.py:179} INFO - Processing /Users/sheshmani/Desktop/SESCO/env/lib/python3.9/site-packages/airflow/example_dags/example_short_circuit_operator.py took 0.101 seconds
[2023-10-01T09:10:36.462-0700] {processor.py:157} INFO - Started process (PID=20112) to work on /Users/sheshmani/Desktop/SESCO/env/lib/python3.9/site-packages/airflow/example_dags/example_short_circuit_operator.py
[2023-10-01T09:10:36.465-0700] {processor.py:829} INFO - Processing file /Users/sheshmani/Desktop/SESCO/env/lib/python3.9/site-packages/airflow/example_dags/example_short_circuit_operator.py for tasks to queue
[2023-10-01T09:10:36.465-0700] {logging_mixin.py:151} INFO - [2023-10-01T09:10:36.465-0700] {dagbag.py:539} INFO - Filling up the DagBag from /Users/sheshmani/Desktop/SESCO/env/lib/python3.9/site-packages/airflow/example_dags/example_short_circuit_operator.py
[2023-10-01T09:10:36.481-0700] {processor.py:839} INFO - DAG(s) dict_keys(['example_short_circuit_operator']) retrieved from /Users/sheshmani/Desktop/SESCO/env/lib/python3.9/site-packages/airflow/example_dags/example_short_circuit_operator.py
[2023-10-01T09:10:36.552-0700] {logging_mixin.py:151} INFO - [2023-10-01T09:10:36.552-0700] {dag.py:2915} INFO - Sync 1 DAGs
[2023-10-01T09:10:36.558-0700] {logging_mixin.py:151} INFO - [2023-10-01T09:10:36.558-0700] {dag.py:3696} INFO - Setting next_dagrun for example_short_circuit_operator to 2023-09-30T16:10:36.558618+00:00, run_after=2023-10-01T16:10:36.558618+00:00
[2023-10-01T09:10:36.565-0700] {processor.py:179} INFO - Processing /Users/sheshmani/Desktop/SESCO/env/lib/python3.9/site-packages/airflow/example_dags/example_short_circuit_operator.py took 0.104 seconds
