[2023-10-01T09:04:49.893-0700] {processor.py:157} INFO - Started process (PID=19564) to work on /Users/sheshmani/Desktop/SESCO/env/lib/python3.9/site-packages/airflow/example_dags/example_branch_python_dop_operator_3.py
[2023-10-01T09:04:49.895-0700] {processor.py:829} INFO - Processing file /Users/sheshmani/Desktop/SESCO/env/lib/python3.9/site-packages/airflow/example_dags/example_branch_python_dop_operator_3.py for tasks to queue
[2023-10-01T09:04:49.896-0700] {logging_mixin.py:151} INFO - [2023-10-01T09:04:49.895-0700] {dagbag.py:539} INFO - Filling up the DagBag from /Users/sheshmani/Desktop/SESCO/env/lib/python3.9/site-packages/airflow/example_dags/example_branch_python_dop_operator_3.py
[2023-10-01T09:04:49.917-0700] {processor.py:839} INFO - DAG(s) dict_keys(['example_branch_dop_operator_v3']) retrieved from /Users/sheshmani/Desktop/SESCO/env/lib/python3.9/site-packages/airflow/example_dags/example_branch_python_dop_operator_3.py
[2023-10-01T09:04:49.980-0700] {logging_mixin.py:151} INFO - [2023-10-01T09:04:49.980-0700] {dag.py:2915} INFO - Sync 1 DAGs
[2023-10-01T09:04:49.988-0700] {logging_mixin.py:151} INFO - [2023-10-01T09:04:49.988-0700] {dag.py:3696} INFO - Setting next_dagrun for example_branch_dop_operator_v3 to 2023-10-01T16:03:00+00:00, run_after=2023-10-01T16:04:00+00:00
[2023-10-01T09:04:49.995-0700] {processor.py:179} INFO - Processing /Users/sheshmani/Desktop/SESCO/env/lib/python3.9/site-packages/airflow/example_dags/example_branch_python_dop_operator_3.py took 0.101 seconds
[2023-10-01T09:06:02.381-0700] {processor.py:157} INFO - Started process (PID=19739) to work on /Users/sheshmani/Desktop/SESCO/env/lib/python3.9/site-packages/airflow/example_dags/example_branch_python_dop_operator_3.py
[2023-10-01T09:06:02.384-0700] {processor.py:829} INFO - Processing file /Users/sheshmani/Desktop/SESCO/env/lib/python3.9/site-packages/airflow/example_dags/example_branch_python_dop_operator_3.py for tasks to queue
[2023-10-01T09:06:02.384-0700] {logging_mixin.py:151} INFO - [2023-10-01T09:06:02.384-0700] {dagbag.py:539} INFO - Filling up the DagBag from /Users/sheshmani/Desktop/SESCO/env/lib/python3.9/site-packages/airflow/example_dags/example_branch_python_dop_operator_3.py
[2023-10-01T09:06:02.412-0700] {processor.py:839} INFO - DAG(s) dict_keys(['example_branch_dop_operator_v3']) retrieved from /Users/sheshmani/Desktop/SESCO/env/lib/python3.9/site-packages/airflow/example_dags/example_branch_python_dop_operator_3.py
[2023-10-01T09:06:02.475-0700] {logging_mixin.py:151} INFO - [2023-10-01T09:06:02.475-0700] {dag.py:2915} INFO - Sync 1 DAGs
[2023-10-01T09:06:02.483-0700] {logging_mixin.py:151} INFO - [2023-10-01T09:06:02.483-0700] {dag.py:3696} INFO - Setting next_dagrun for example_branch_dop_operator_v3 to 2023-10-01T16:05:00+00:00, run_after=2023-10-01T16:06:00+00:00
[2023-10-01T09:06:02.490-0700] {processor.py:179} INFO - Processing /Users/sheshmani/Desktop/SESCO/env/lib/python3.9/site-packages/airflow/example_dags/example_branch_python_dop_operator_3.py took 0.109 seconds
[2023-10-01T09:07:18.166-0700] {processor.py:157} INFO - Started process (PID=19866) to work on /Users/sheshmani/Desktop/SESCO/env/lib/python3.9/site-packages/airflow/example_dags/example_branch_python_dop_operator_3.py
[2023-10-01T09:07:18.169-0700] {processor.py:829} INFO - Processing file /Users/sheshmani/Desktop/SESCO/env/lib/python3.9/site-packages/airflow/example_dags/example_branch_python_dop_operator_3.py for tasks to queue
[2023-10-01T09:07:18.169-0700] {logging_mixin.py:151} INFO - [2023-10-01T09:07:18.169-0700] {dagbag.py:539} INFO - Filling up the DagBag from /Users/sheshmani/Desktop/SESCO/env/lib/python3.9/site-packages/airflow/example_dags/example_branch_python_dop_operator_3.py
[2023-10-01T09:07:18.190-0700] {processor.py:839} INFO - DAG(s) dict_keys(['example_branch_dop_operator_v3']) retrieved from /Users/sheshmani/Desktop/SESCO/env/lib/python3.9/site-packages/airflow/example_dags/example_branch_python_dop_operator_3.py
[2023-10-01T09:07:18.253-0700] {logging_mixin.py:151} INFO - [2023-10-01T09:07:18.253-0700] {dag.py:2915} INFO - Sync 1 DAGs
[2023-10-01T09:07:18.260-0700] {logging_mixin.py:151} INFO - [2023-10-01T09:07:18.260-0700] {dag.py:3696} INFO - Setting next_dagrun for example_branch_dop_operator_v3 to 2023-10-01T16:06:00+00:00, run_after=2023-10-01T16:07:00+00:00
[2023-10-01T09:07:18.267-0700] {processor.py:179} INFO - Processing /Users/sheshmani/Desktop/SESCO/env/lib/python3.9/site-packages/airflow/example_dags/example_branch_python_dop_operator_3.py took 0.102 seconds
[2023-10-01T09:08:42.828-0700] {processor.py:157} INFO - Started process (PID=19963) to work on /Users/sheshmani/Desktop/SESCO/env/lib/python3.9/site-packages/airflow/example_dags/example_branch_python_dop_operator_3.py
[2023-10-01T09:08:42.830-0700] {processor.py:829} INFO - Processing file /Users/sheshmani/Desktop/SESCO/env/lib/python3.9/site-packages/airflow/example_dags/example_branch_python_dop_operator_3.py for tasks to queue
[2023-10-01T09:08:42.830-0700] {logging_mixin.py:151} INFO - [2023-10-01T09:08:42.830-0700] {dagbag.py:539} INFO - Filling up the DagBag from /Users/sheshmani/Desktop/SESCO/env/lib/python3.9/site-packages/airflow/example_dags/example_branch_python_dop_operator_3.py
[2023-10-01T09:08:42.851-0700] {processor.py:839} INFO - DAG(s) dict_keys(['example_branch_dop_operator_v3']) retrieved from /Users/sheshmani/Desktop/SESCO/env/lib/python3.9/site-packages/airflow/example_dags/example_branch_python_dop_operator_3.py
[2023-10-01T09:08:42.915-0700] {logging_mixin.py:151} INFO - [2023-10-01T09:08:42.915-0700] {dag.py:2915} INFO - Sync 1 DAGs
[2023-10-01T09:08:42.925-0700] {logging_mixin.py:151} INFO - [2023-10-01T09:08:42.924-0700] {dag.py:3696} INFO - Setting next_dagrun for example_branch_dop_operator_v3 to 2023-10-01T16:07:00+00:00, run_after=2023-10-01T16:08:00+00:00
[2023-10-01T09:08:42.932-0700] {processor.py:179} INFO - Processing /Users/sheshmani/Desktop/SESCO/env/lib/python3.9/site-packages/airflow/example_dags/example_branch_python_dop_operator_3.py took 0.105 seconds
[2023-10-01T09:10:02.504-0700] {processor.py:157} INFO - Started process (PID=20078) to work on /Users/sheshmani/Desktop/SESCO/env/lib/python3.9/site-packages/airflow/example_dags/example_branch_python_dop_operator_3.py
[2023-10-01T09:10:02.507-0700] {processor.py:829} INFO - Processing file /Users/sheshmani/Desktop/SESCO/env/lib/python3.9/site-packages/airflow/example_dags/example_branch_python_dop_operator_3.py for tasks to queue
[2023-10-01T09:10:02.508-0700] {logging_mixin.py:151} INFO - [2023-10-01T09:10:02.507-0700] {dagbag.py:539} INFO - Filling up the DagBag from /Users/sheshmani/Desktop/SESCO/env/lib/python3.9/site-packages/airflow/example_dags/example_branch_python_dop_operator_3.py
[2023-10-01T09:10:02.529-0700] {processor.py:839} INFO - DAG(s) dict_keys(['example_branch_dop_operator_v3']) retrieved from /Users/sheshmani/Desktop/SESCO/env/lib/python3.9/site-packages/airflow/example_dags/example_branch_python_dop_operator_3.py
[2023-10-01T09:10:02.593-0700] {logging_mixin.py:151} INFO - [2023-10-01T09:10:02.593-0700] {dag.py:2915} INFO - Sync 1 DAGs
[2023-10-01T09:10:02.601-0700] {logging_mixin.py:151} INFO - [2023-10-01T09:10:02.601-0700] {dag.py:3696} INFO - Setting next_dagrun for example_branch_dop_operator_v3 to 2023-10-01T16:09:00+00:00, run_after=2023-10-01T16:10:00+00:00
[2023-10-01T09:10:02.608-0700] {processor.py:179} INFO - Processing /Users/sheshmani/Desktop/SESCO/env/lib/python3.9/site-packages/airflow/example_dags/example_branch_python_dop_operator_3.py took 0.104 seconds
