[2023-10-01T09:04:39.795-0700] {processor.py:157} INFO - Started process (PID=19553) to work on /Users/sheshmani/Desktop/SESCO/env/lib/python3.9/site-packages/airflow/example_dags/example_kubernetes_executor.py
[2023-10-01T09:04:39.797-0700] {processor.py:829} INFO - Processing file /Users/sheshmani/Desktop/SESCO/env/lib/python3.9/site-packages/airflow/example_dags/example_kubernetes_executor.py for tasks to queue
[2023-10-01T09:04:39.798-0700] {logging_mixin.py:151} INFO - [2023-10-01T09:04:39.798-0700] {dagbag.py:539} INFO - Filling up the DagBag from /Users/sheshmani/Desktop/SESCO/env/lib/python3.9/site-packages/airflow/example_dags/example_kubernetes_executor.py
[2023-10-01T09:04:39.817-0700] {logging_mixin.py:151} INFO - [2023-10-01T09:04:39.817-0700] {example_kubernetes_executor.py:38} WARNING - The example_kubernetes_executor example DAG requires the kubernetes provider. Please install it with: pip install apache-airflow[cncf.kubernetes]
[2023-10-01T09:04:39.817-0700] {processor.py:841} WARNING - No viable dags retrieved from /Users/sheshmani/Desktop/SESCO/env/lib/python3.9/site-packages/airflow/example_dags/example_kubernetes_executor.py
[2023-10-01T09:04:39.858-0700] {processor.py:179} INFO - Processing /Users/sheshmani/Desktop/SESCO/env/lib/python3.9/site-packages/airflow/example_dags/example_kubernetes_executor.py took 0.063 seconds
[2023-10-01T09:05:52.081-0700] {processor.py:157} INFO - Started process (PID=19719) to work on /Users/sheshmani/Desktop/SESCO/env/lib/python3.9/site-packages/airflow/example_dags/example_kubernetes_executor.py
[2023-10-01T09:05:52.084-0700] {processor.py:829} INFO - Processing file /Users/sheshmani/Desktop/SESCO/env/lib/python3.9/site-packages/airflow/example_dags/example_kubernetes_executor.py for tasks to queue
[2023-10-01T09:05:52.084-0700] {logging_mixin.py:151} INFO - [2023-10-01T09:05:52.084-0700] {dagbag.py:539} INFO - Filling up the DagBag from /Users/sheshmani/Desktop/SESCO/env/lib/python3.9/site-packages/airflow/example_dags/example_kubernetes_executor.py
[2023-10-01T09:05:52.103-0700] {logging_mixin.py:151} INFO - [2023-10-01T09:05:52.103-0700] {example_kubernetes_executor.py:38} WARNING - The example_kubernetes_executor example DAG requires the kubernetes provider. Please install it with: pip install apache-airflow[cncf.kubernetes]
[2023-10-01T09:05:52.103-0700] {processor.py:841} WARNING - No viable dags retrieved from /Users/sheshmani/Desktop/SESCO/env/lib/python3.9/site-packages/airflow/example_dags/example_kubernetes_executor.py
[2023-10-01T09:05:52.146-0700] {processor.py:179} INFO - Processing /Users/sheshmani/Desktop/SESCO/env/lib/python3.9/site-packages/airflow/example_dags/example_kubernetes_executor.py took 0.065 seconds
[2023-10-01T09:07:07.028-0700] {processor.py:157} INFO - Started process (PID=19840) to work on /Users/sheshmani/Desktop/SESCO/env/lib/python3.9/site-packages/airflow/example_dags/example_kubernetes_executor.py
[2023-10-01T09:07:07.030-0700] {processor.py:829} INFO - Processing file /Users/sheshmani/Desktop/SESCO/env/lib/python3.9/site-packages/airflow/example_dags/example_kubernetes_executor.py for tasks to queue
[2023-10-01T09:07:07.031-0700] {logging_mixin.py:151} INFO - [2023-10-01T09:07:07.031-0700] {dagbag.py:539} INFO - Filling up the DagBag from /Users/sheshmani/Desktop/SESCO/env/lib/python3.9/site-packages/airflow/example_dags/example_kubernetes_executor.py
[2023-10-01T09:07:07.048-0700] {logging_mixin.py:151} INFO - [2023-10-01T09:07:07.048-0700] {example_kubernetes_executor.py:38} WARNING - The example_kubernetes_executor example DAG requires the kubernetes provider. Please install it with: pip install apache-airflow[cncf.kubernetes]
[2023-10-01T09:07:07.048-0700] {processor.py:841} WARNING - No viable dags retrieved from /Users/sheshmani/Desktop/SESCO/env/lib/python3.9/site-packages/airflow/example_dags/example_kubernetes_executor.py
[2023-10-01T09:07:07.091-0700] {processor.py:179} INFO - Processing /Users/sheshmani/Desktop/SESCO/env/lib/python3.9/site-packages/airflow/example_dags/example_kubernetes_executor.py took 0.064 seconds
[2023-10-01T09:08:32.247-0700] {processor.py:157} INFO - Started process (PID=19954) to work on /Users/sheshmani/Desktop/SESCO/env/lib/python3.9/site-packages/airflow/example_dags/example_kubernetes_executor.py
[2023-10-01T09:08:32.250-0700] {processor.py:829} INFO - Processing file /Users/sheshmani/Desktop/SESCO/env/lib/python3.9/site-packages/airflow/example_dags/example_kubernetes_executor.py for tasks to queue
[2023-10-01T09:08:32.250-0700] {logging_mixin.py:151} INFO - [2023-10-01T09:08:32.250-0700] {dagbag.py:539} INFO - Filling up the DagBag from /Users/sheshmani/Desktop/SESCO/env/lib/python3.9/site-packages/airflow/example_dags/example_kubernetes_executor.py
[2023-10-01T09:08:32.267-0700] {logging_mixin.py:151} INFO - [2023-10-01T09:08:32.267-0700] {example_kubernetes_executor.py:38} WARNING - The example_kubernetes_executor example DAG requires the kubernetes provider. Please install it with: pip install apache-airflow[cncf.kubernetes]
[2023-10-01T09:08:32.267-0700] {processor.py:841} WARNING - No viable dags retrieved from /Users/sheshmani/Desktop/SESCO/env/lib/python3.9/site-packages/airflow/example_dags/example_kubernetes_executor.py
[2023-10-01T09:08:32.308-0700] {processor.py:179} INFO - Processing /Users/sheshmani/Desktop/SESCO/env/lib/python3.9/site-packages/airflow/example_dags/example_kubernetes_executor.py took 0.061 seconds
[2023-10-01T09:09:52.283-0700] {processor.py:157} INFO - Started process (PID=20064) to work on /Users/sheshmani/Desktop/SESCO/env/lib/python3.9/site-packages/airflow/example_dags/example_kubernetes_executor.py
[2023-10-01T09:09:52.286-0700] {processor.py:829} INFO - Processing file /Users/sheshmani/Desktop/SESCO/env/lib/python3.9/site-packages/airflow/example_dags/example_kubernetes_executor.py for tasks to queue
[2023-10-01T09:09:52.286-0700] {logging_mixin.py:151} INFO - [2023-10-01T09:09:52.286-0700] {dagbag.py:539} INFO - Filling up the DagBag from /Users/sheshmani/Desktop/SESCO/env/lib/python3.9/site-packages/airflow/example_dags/example_kubernetes_executor.py
[2023-10-01T09:09:52.304-0700] {logging_mixin.py:151} INFO - [2023-10-01T09:09:52.304-0700] {example_kubernetes_executor.py:38} WARNING - The example_kubernetes_executor example DAG requires the kubernetes provider. Please install it with: pip install apache-airflow[cncf.kubernetes]
[2023-10-01T09:09:52.304-0700] {processor.py:841} WARNING - No viable dags retrieved from /Users/sheshmani/Desktop/SESCO/env/lib/python3.9/site-packages/airflow/example_dags/example_kubernetes_executor.py
[2023-10-01T09:09:52.345-0700] {processor.py:179} INFO - Processing /Users/sheshmani/Desktop/SESCO/env/lib/python3.9/site-packages/airflow/example_dags/example_kubernetes_executor.py took 0.062 seconds
