[2023-10-01T09:04:20.483-0700] {processor.py:157} INFO - Started process (PID=19524) to work on /Users/sheshmani/Desktop/SESCO/env/lib/python3.9/site-packages/airflow/example_dags/example_setup_teardown_taskflow.py
[2023-10-01T09:04:20.485-0700] {processor.py:829} INFO - Processing file /Users/sheshmani/Desktop/SESCO/env/lib/python3.9/site-packages/airflow/example_dags/example_setup_teardown_taskflow.py for tasks to queue
[2023-10-01T09:04:20.485-0700] {logging_mixin.py:151} INFO - [2023-10-01T09:04:20.485-0700] {dagbag.py:539} INFO - Filling up the DagBag from /Users/sheshmani/Desktop/SESCO/env/lib/python3.9/site-packages/airflow/example_dags/example_setup_teardown_taskflow.py
[2023-10-01T09:04:20.506-0700] {processor.py:839} INFO - DAG(s) dict_keys(['example_setup_teardown_taskflow']) retrieved from /Users/sheshmani/Desktop/SESCO/env/lib/python3.9/site-packages/airflow/example_dags/example_setup_teardown_taskflow.py
[2023-10-01T09:04:20.570-0700] {logging_mixin.py:151} INFO - [2023-10-01T09:04:20.570-0700] {dag.py:2915} INFO - Sync 1 DAGs
[2023-10-01T09:04:20.576-0700] {logging_mixin.py:151} INFO - [2023-10-01T09:04:20.576-0700] {dag.py:3696} INFO - Setting next_dagrun for example_setup_teardown_taskflow to 2023-09-30T16:04:20.576148+00:00, run_after=2023-10-01T16:04:20.576148+00:00
[2023-10-01T09:04:20.586-0700] {processor.py:179} INFO - Processing /Users/sheshmani/Desktop/SESCO/env/lib/python3.9/site-packages/airflow/example_dags/example_setup_teardown_taskflow.py took 0.104 seconds
[2023-10-01T09:05:29.762-0700] {processor.py:157} INFO - Started process (PID=19677) to work on /Users/sheshmani/Desktop/SESCO/env/lib/python3.9/site-packages/airflow/example_dags/example_setup_teardown_taskflow.py
[2023-10-01T09:05:29.764-0700] {processor.py:829} INFO - Processing file /Users/sheshmani/Desktop/SESCO/env/lib/python3.9/site-packages/airflow/example_dags/example_setup_teardown_taskflow.py for tasks to queue
[2023-10-01T09:05:29.765-0700] {logging_mixin.py:151} INFO - [2023-10-01T09:05:29.764-0700] {dagbag.py:539} INFO - Filling up the DagBag from /Users/sheshmani/Desktop/SESCO/env/lib/python3.9/site-packages/airflow/example_dags/example_setup_teardown_taskflow.py
[2023-10-01T09:05:29.785-0700] {processor.py:839} INFO - DAG(s) dict_keys(['example_setup_teardown_taskflow']) retrieved from /Users/sheshmani/Desktop/SESCO/env/lib/python3.9/site-packages/airflow/example_dags/example_setup_teardown_taskflow.py
[2023-10-01T09:05:29.849-0700] {logging_mixin.py:151} INFO - [2023-10-01T09:05:29.848-0700] {dag.py:2915} INFO - Sync 1 DAGs
[2023-10-01T09:05:29.855-0700] {logging_mixin.py:151} INFO - [2023-10-01T09:05:29.855-0700] {dag.py:3696} INFO - Setting next_dagrun for example_setup_teardown_taskflow to 2023-09-30T16:05:29.855026+00:00, run_after=2023-10-01T16:05:29.855026+00:00
[2023-10-01T09:05:29.862-0700] {processor.py:179} INFO - Processing /Users/sheshmani/Desktop/SESCO/env/lib/python3.9/site-packages/airflow/example_dags/example_setup_teardown_taskflow.py took 0.100 seconds
[2023-10-01T09:06:40.206-0700] {processor.py:157} INFO - Started process (PID=19814) to work on /Users/sheshmani/Desktop/SESCO/env/lib/python3.9/site-packages/airflow/example_dags/example_setup_teardown_taskflow.py
[2023-10-01T09:06:40.209-0700] {processor.py:829} INFO - Processing file /Users/sheshmani/Desktop/SESCO/env/lib/python3.9/site-packages/airflow/example_dags/example_setup_teardown_taskflow.py for tasks to queue
[2023-10-01T09:06:40.209-0700] {logging_mixin.py:151} INFO - [2023-10-01T09:06:40.209-0700] {dagbag.py:539} INFO - Filling up the DagBag from /Users/sheshmani/Desktop/SESCO/env/lib/python3.9/site-packages/airflow/example_dags/example_setup_teardown_taskflow.py
[2023-10-01T09:06:40.229-0700] {processor.py:839} INFO - DAG(s) dict_keys(['example_setup_teardown_taskflow']) retrieved from /Users/sheshmani/Desktop/SESCO/env/lib/python3.9/site-packages/airflow/example_dags/example_setup_teardown_taskflow.py
[2023-10-01T09:06:40.294-0700] {logging_mixin.py:151} INFO - [2023-10-01T09:06:40.294-0700] {dag.py:2915} INFO - Sync 1 DAGs
[2023-10-01T09:06:40.300-0700] {logging_mixin.py:151} INFO - [2023-10-01T09:06:40.300-0700] {dag.py:3696} INFO - Setting next_dagrun for example_setup_teardown_taskflow to 2023-09-30T16:06:40.300235+00:00, run_after=2023-10-01T16:06:40.300235+00:00
[2023-10-01T09:06:40.307-0700] {processor.py:179} INFO - Processing /Users/sheshmani/Desktop/SESCO/env/lib/python3.9/site-packages/airflow/example_dags/example_setup_teardown_taskflow.py took 0.101 seconds
[2023-10-01T09:08:02.262-0700] {processor.py:157} INFO - Started process (PID=19925) to work on /Users/sheshmani/Desktop/SESCO/env/lib/python3.9/site-packages/airflow/example_dags/example_setup_teardown_taskflow.py
[2023-10-01T09:08:02.265-0700] {processor.py:829} INFO - Processing file /Users/sheshmani/Desktop/SESCO/env/lib/python3.9/site-packages/airflow/example_dags/example_setup_teardown_taskflow.py for tasks to queue
[2023-10-01T09:08:02.265-0700] {logging_mixin.py:151} INFO - [2023-10-01T09:08:02.265-0700] {dagbag.py:539} INFO - Filling up the DagBag from /Users/sheshmani/Desktop/SESCO/env/lib/python3.9/site-packages/airflow/example_dags/example_setup_teardown_taskflow.py
[2023-10-01T09:08:02.285-0700] {processor.py:839} INFO - DAG(s) dict_keys(['example_setup_teardown_taskflow']) retrieved from /Users/sheshmani/Desktop/SESCO/env/lib/python3.9/site-packages/airflow/example_dags/example_setup_teardown_taskflow.py
[2023-10-01T09:08:02.348-0700] {logging_mixin.py:151} INFO - [2023-10-01T09:08:02.348-0700] {dag.py:2915} INFO - Sync 1 DAGs
[2023-10-01T09:08:02.354-0700] {logging_mixin.py:151} INFO - [2023-10-01T09:08:02.354-0700] {dag.py:3696} INFO - Setting next_dagrun for example_setup_teardown_taskflow to 2023-09-30T16:08:02.354508+00:00, run_after=2023-10-01T16:08:02.354508+00:00
[2023-10-01T09:08:02.361-0700] {processor.py:179} INFO - Processing /Users/sheshmani/Desktop/SESCO/env/lib/python3.9/site-packages/airflow/example_dags/example_setup_teardown_taskflow.py took 0.099 seconds
[2023-10-01T09:09:19.418-0700] {processor.py:157} INFO - Started process (PID=20013) to work on /Users/sheshmani/Desktop/SESCO/env/lib/python3.9/site-packages/airflow/example_dags/example_setup_teardown_taskflow.py
[2023-10-01T09:09:19.421-0700] {processor.py:829} INFO - Processing file /Users/sheshmani/Desktop/SESCO/env/lib/python3.9/site-packages/airflow/example_dags/example_setup_teardown_taskflow.py for tasks to queue
[2023-10-01T09:09:19.421-0700] {logging_mixin.py:151} INFO - [2023-10-01T09:09:19.421-0700] {dagbag.py:539} INFO - Filling up the DagBag from /Users/sheshmani/Desktop/SESCO/env/lib/python3.9/site-packages/airflow/example_dags/example_setup_teardown_taskflow.py
[2023-10-01T09:09:19.442-0700] {processor.py:839} INFO - DAG(s) dict_keys(['example_setup_teardown_taskflow']) retrieved from /Users/sheshmani/Desktop/SESCO/env/lib/python3.9/site-packages/airflow/example_dags/example_setup_teardown_taskflow.py
[2023-10-01T09:09:19.507-0700] {logging_mixin.py:151} INFO - [2023-10-01T09:09:19.507-0700] {dag.py:2915} INFO - Sync 1 DAGs
[2023-10-01T09:09:19.513-0700] {logging_mixin.py:151} INFO - [2023-10-01T09:09:19.513-0700] {dag.py:3696} INFO - Setting next_dagrun for example_setup_teardown_taskflow to 2023-09-30T16:09:19.513260+00:00, run_after=2023-10-01T16:09:19.513260+00:00
[2023-10-01T09:09:19.520-0700] {processor.py:179} INFO - Processing /Users/sheshmani/Desktop/SESCO/env/lib/python3.9/site-packages/airflow/example_dags/example_setup_teardown_taskflow.py took 0.102 seconds
[2023-10-01T09:10:38.882-0700] {processor.py:157} INFO - Started process (PID=20115) to work on /Users/sheshmani/Desktop/SESCO/env/lib/python3.9/site-packages/airflow/example_dags/example_setup_teardown_taskflow.py
[2023-10-01T09:10:38.885-0700] {processor.py:829} INFO - Processing file /Users/sheshmani/Desktop/SESCO/env/lib/python3.9/site-packages/airflow/example_dags/example_setup_teardown_taskflow.py for tasks to queue
[2023-10-01T09:10:38.885-0700] {logging_mixin.py:151} INFO - [2023-10-01T09:10:38.885-0700] {dagbag.py:539} INFO - Filling up the DagBag from /Users/sheshmani/Desktop/SESCO/env/lib/python3.9/site-packages/airflow/example_dags/example_setup_teardown_taskflow.py
[2023-10-01T09:10:38.908-0700] {processor.py:839} INFO - DAG(s) dict_keys(['example_setup_teardown_taskflow']) retrieved from /Users/sheshmani/Desktop/SESCO/env/lib/python3.9/site-packages/airflow/example_dags/example_setup_teardown_taskflow.py
[2023-10-01T09:10:38.981-0700] {logging_mixin.py:151} INFO - [2023-10-01T09:10:38.980-0700] {dag.py:2915} INFO - Sync 1 DAGs
[2023-10-01T09:10:38.986-0700] {logging_mixin.py:151} INFO - [2023-10-01T09:10:38.986-0700] {dag.py:3696} INFO - Setting next_dagrun for example_setup_teardown_taskflow to 2023-09-30T16:10:38.986769+00:00, run_after=2023-10-01T16:10:38.986769+00:00
[2023-10-01T09:10:38.993-0700] {processor.py:179} INFO - Processing /Users/sheshmani/Desktop/SESCO/env/lib/python3.9/site-packages/airflow/example_dags/example_setup_teardown_taskflow.py took 0.111 seconds
