[2023-10-01T09:04:36.523-0700] {processor.py:157} INFO - Started process (PID=19549) to work on /Users/sheshmani/Desktop/SESCO/env/lib/python3.9/site-packages/airflow/example_dags/example_latest_only_with_trigger.py
[2023-10-01T09:04:36.525-0700] {processor.py:829} INFO - Processing file /Users/sheshmani/Desktop/SESCO/env/lib/python3.9/site-packages/airflow/example_dags/example_latest_only_with_trigger.py for tasks to queue
[2023-10-01T09:04:36.525-0700] {logging_mixin.py:151} INFO - [2023-10-01T09:04:36.525-0700] {dagbag.py:539} INFO - Filling up the DagBag from /Users/sheshmani/Desktop/SESCO/env/lib/python3.9/site-packages/airflow/example_dags/example_latest_only_with_trigger.py
[2023-10-01T09:04:36.536-0700] {processor.py:839} INFO - DAG(s) dict_keys(['latest_only_with_trigger']) retrieved from /Users/sheshmani/Desktop/SESCO/env/lib/python3.9/site-packages/airflow/example_dags/example_latest_only_with_trigger.py
[2023-10-01T09:04:36.603-0700] {logging_mixin.py:151} INFO - [2023-10-01T09:04:36.603-0700] {dag.py:2915} INFO - Sync 1 DAGs
[2023-10-01T09:04:36.609-0700] {logging_mixin.py:151} INFO - [2023-10-01T09:04:36.609-0700] {dag.py:3696} INFO - Setting next_dagrun for latest_only_with_trigger to 2023-10-01T12:04:36.609765+00:00, run_after=2023-10-01T16:04:36.609765+00:00
[2023-10-01T09:04:36.617-0700] {processor.py:179} INFO - Processing /Users/sheshmani/Desktop/SESCO/env/lib/python3.9/site-packages/airflow/example_dags/example_latest_only_with_trigger.py took 0.094 seconds
[2023-10-01T09:05:49.870-0700] {processor.py:157} INFO - Started process (PID=19715) to work on /Users/sheshmani/Desktop/SESCO/env/lib/python3.9/site-packages/airflow/example_dags/example_latest_only_with_trigger.py
[2023-10-01T09:05:49.873-0700] {processor.py:829} INFO - Processing file /Users/sheshmani/Desktop/SESCO/env/lib/python3.9/site-packages/airflow/example_dags/example_latest_only_with_trigger.py for tasks to queue
[2023-10-01T09:05:49.873-0700] {logging_mixin.py:151} INFO - [2023-10-01T09:05:49.873-0700] {dagbag.py:539} INFO - Filling up the DagBag from /Users/sheshmani/Desktop/SESCO/env/lib/python3.9/site-packages/airflow/example_dags/example_latest_only_with_trigger.py
[2023-10-01T09:05:49.884-0700] {processor.py:839} INFO - DAG(s) dict_keys(['latest_only_with_trigger']) retrieved from /Users/sheshmani/Desktop/SESCO/env/lib/python3.9/site-packages/airflow/example_dags/example_latest_only_with_trigger.py
[2023-10-01T09:05:49.949-0700] {logging_mixin.py:151} INFO - [2023-10-01T09:05:49.949-0700] {dag.py:2915} INFO - Sync 1 DAGs
[2023-10-01T09:05:49.955-0700] {logging_mixin.py:151} INFO - [2023-10-01T09:05:49.955-0700] {dag.py:3696} INFO - Setting next_dagrun for latest_only_with_trigger to 2023-10-01T12:05:49.955659+00:00, run_after=2023-10-01T16:05:49.955659+00:00
[2023-10-01T09:05:49.963-0700] {processor.py:179} INFO - Processing /Users/sheshmani/Desktop/SESCO/env/lib/python3.9/site-packages/airflow/example_dags/example_latest_only_with_trigger.py took 0.093 seconds
[2023-10-01T09:07:04.619-0700] {processor.py:157} INFO - Started process (PID=19838) to work on /Users/sheshmani/Desktop/SESCO/env/lib/python3.9/site-packages/airflow/example_dags/example_latest_only_with_trigger.py
[2023-10-01T09:07:04.622-0700] {processor.py:829} INFO - Processing file /Users/sheshmani/Desktop/SESCO/env/lib/python3.9/site-packages/airflow/example_dags/example_latest_only_with_trigger.py for tasks to queue
[2023-10-01T09:07:04.622-0700] {logging_mixin.py:151} INFO - [2023-10-01T09:07:04.622-0700] {dagbag.py:539} INFO - Filling up the DagBag from /Users/sheshmani/Desktop/SESCO/env/lib/python3.9/site-packages/airflow/example_dags/example_latest_only_with_trigger.py
[2023-10-01T09:07:04.635-0700] {processor.py:839} INFO - DAG(s) dict_keys(['latest_only_with_trigger']) retrieved from /Users/sheshmani/Desktop/SESCO/env/lib/python3.9/site-packages/airflow/example_dags/example_latest_only_with_trigger.py
[2023-10-01T09:07:04.702-0700] {logging_mixin.py:151} INFO - [2023-10-01T09:07:04.702-0700] {dag.py:2915} INFO - Sync 1 DAGs
[2023-10-01T09:07:04.707-0700] {logging_mixin.py:151} INFO - [2023-10-01T09:07:04.707-0700] {dag.py:3696} INFO - Setting next_dagrun for latest_only_with_trigger to 2023-10-01T12:07:04.707811+00:00, run_after=2023-10-01T16:07:04.707811+00:00
[2023-10-01T09:07:04.715-0700] {processor.py:179} INFO - Processing /Users/sheshmani/Desktop/SESCO/env/lib/python3.9/site-packages/airflow/example_dags/example_latest_only_with_trigger.py took 0.096 seconds
[2023-10-01T09:08:29.851-0700] {processor.py:157} INFO - Started process (PID=19952) to work on /Users/sheshmani/Desktop/SESCO/env/lib/python3.9/site-packages/airflow/example_dags/example_latest_only_with_trigger.py
[2023-10-01T09:08:29.854-0700] {processor.py:829} INFO - Processing file /Users/sheshmani/Desktop/SESCO/env/lib/python3.9/site-packages/airflow/example_dags/example_latest_only_with_trigger.py for tasks to queue
[2023-10-01T09:08:29.854-0700] {logging_mixin.py:151} INFO - [2023-10-01T09:08:29.854-0700] {dagbag.py:539} INFO - Filling up the DagBag from /Users/sheshmani/Desktop/SESCO/env/lib/python3.9/site-packages/airflow/example_dags/example_latest_only_with_trigger.py
[2023-10-01T09:08:29.865-0700] {processor.py:839} INFO - DAG(s) dict_keys(['latest_only_with_trigger']) retrieved from /Users/sheshmani/Desktop/SESCO/env/lib/python3.9/site-packages/airflow/example_dags/example_latest_only_with_trigger.py
[2023-10-01T09:08:29.930-0700] {logging_mixin.py:151} INFO - [2023-10-01T09:08:29.930-0700] {dag.py:2915} INFO - Sync 1 DAGs
[2023-10-01T09:08:29.936-0700] {logging_mixin.py:151} INFO - [2023-10-01T09:08:29.936-0700] {dag.py:3696} INFO - Setting next_dagrun for latest_only_with_trigger to 2023-10-01T12:08:29.936528+00:00, run_after=2023-10-01T16:08:29.936528+00:00
[2023-10-01T09:08:29.944-0700] {processor.py:179} INFO - Processing /Users/sheshmani/Desktop/SESCO/env/lib/python3.9/site-packages/airflow/example_dags/example_latest_only_with_trigger.py took 0.093 seconds
[2023-10-01T09:09:49.247-0700] {processor.py:157} INFO - Started process (PID=20062) to work on /Users/sheshmani/Desktop/SESCO/env/lib/python3.9/site-packages/airflow/example_dags/example_latest_only_with_trigger.py
[2023-10-01T09:09:49.250-0700] {processor.py:829} INFO - Processing file /Users/sheshmani/Desktop/SESCO/env/lib/python3.9/site-packages/airflow/example_dags/example_latest_only_with_trigger.py for tasks to queue
[2023-10-01T09:09:49.250-0700] {logging_mixin.py:151} INFO - [2023-10-01T09:09:49.250-0700] {dagbag.py:539} INFO - Filling up the DagBag from /Users/sheshmani/Desktop/SESCO/env/lib/python3.9/site-packages/airflow/example_dags/example_latest_only_with_trigger.py
[2023-10-01T09:09:49.261-0700] {processor.py:839} INFO - DAG(s) dict_keys(['latest_only_with_trigger']) retrieved from /Users/sheshmani/Desktop/SESCO/env/lib/python3.9/site-packages/airflow/example_dags/example_latest_only_with_trigger.py
[2023-10-01T09:09:49.326-0700] {logging_mixin.py:151} INFO - [2023-10-01T09:09:49.326-0700] {dag.py:2915} INFO - Sync 1 DAGs
[2023-10-01T09:09:49.332-0700] {logging_mixin.py:151} INFO - [2023-10-01T09:09:49.332-0700] {dag.py:3696} INFO - Setting next_dagrun for latest_only_with_trigger to 2023-10-01T12:09:49.332221+00:00, run_after=2023-10-01T16:09:49.332221+00:00
[2023-10-01T09:09:49.339-0700] {processor.py:179} INFO - Processing /Users/sheshmani/Desktop/SESCO/env/lib/python3.9/site-packages/airflow/example_dags/example_latest_only_with_trigger.py took 0.093 seconds
