[2023-10-01T09:04:09.679-0700] {processor.py:157} INFO - Started process (PID=19509) to work on /Users/sheshmani/Desktop/SESCO/env/lib/python3.9/site-packages/airflow/example_dags/example_time_delta_sensor_async.py
[2023-10-01T09:04:09.681-0700] {processor.py:829} INFO - Processing file /Users/sheshmani/Desktop/SESCO/env/lib/python3.9/site-packages/airflow/example_dags/example_time_delta_sensor_async.py for tasks to queue
[2023-10-01T09:04:09.681-0700] {logging_mixin.py:151} INFO - [2023-10-01T09:04:09.681-0700] {dagbag.py:539} INFO - Filling up the DagBag from /Users/sheshmani/Desktop/SESCO/env/lib/python3.9/site-packages/airflow/example_dags/example_time_delta_sensor_async.py
[2023-10-01T09:04:09.697-0700] {processor.py:839} INFO - DAG(s) dict_keys(['example_time_delta_sensor_async']) retrieved from /Users/sheshmani/Desktop/SESCO/env/lib/python3.9/site-packages/airflow/example_dags/example_time_delta_sensor_async.py
[2023-10-01T09:04:09.770-0700] {logging_mixin.py:151} INFO - [2023-10-01T09:04:09.769-0700] {dag.py:2915} INFO - Sync 1 DAGs
[2023-10-01T09:04:09.773-0700] {logging_mixin.py:151} INFO - [2023-10-01T09:04:09.773-0700] {dag.py:3696} INFO - Setting next_dagrun for example_time_delta_sensor_async to None, run_after=None
[2023-10-01T09:04:09.780-0700] {processor.py:179} INFO - Processing /Users/sheshmani/Desktop/SESCO/env/lib/python3.9/site-packages/airflow/example_dags/example_time_delta_sensor_async.py took 0.102 seconds
[2023-10-01T09:05:18.556-0700] {processor.py:157} INFO - Started process (PID=19662) to work on /Users/sheshmani/Desktop/SESCO/env/lib/python3.9/site-packages/airflow/example_dags/example_time_delta_sensor_async.py
[2023-10-01T09:05:18.559-0700] {processor.py:829} INFO - Processing file /Users/sheshmani/Desktop/SESCO/env/lib/python3.9/site-packages/airflow/example_dags/example_time_delta_sensor_async.py for tasks to queue
[2023-10-01T09:05:18.559-0700] {logging_mixin.py:151} INFO - [2023-10-01T09:05:18.559-0700] {dagbag.py:539} INFO - Filling up the DagBag from /Users/sheshmani/Desktop/SESCO/env/lib/python3.9/site-packages/airflow/example_dags/example_time_delta_sensor_async.py
[2023-10-01T09:05:18.570-0700] {processor.py:839} INFO - DAG(s) dict_keys(['example_time_delta_sensor_async']) retrieved from /Users/sheshmani/Desktop/SESCO/env/lib/python3.9/site-packages/airflow/example_dags/example_time_delta_sensor_async.py
[2023-10-01T09:05:18.647-0700] {logging_mixin.py:151} INFO - [2023-10-01T09:05:18.646-0700] {dag.py:2915} INFO - Sync 1 DAGs
[2023-10-01T09:05:18.650-0700] {logging_mixin.py:151} INFO - [2023-10-01T09:05:18.650-0700] {dag.py:3696} INFO - Setting next_dagrun for example_time_delta_sensor_async to None, run_after=None
[2023-10-01T09:05:18.658-0700] {processor.py:179} INFO - Processing /Users/sheshmani/Desktop/SESCO/env/lib/python3.9/site-packages/airflow/example_dags/example_time_delta_sensor_async.py took 0.102 seconds
[2023-10-01T09:06:28.434-0700] {processor.py:157} INFO - Started process (PID=19798) to work on /Users/sheshmani/Desktop/SESCO/env/lib/python3.9/site-packages/airflow/example_dags/example_time_delta_sensor_async.py
[2023-10-01T09:06:28.437-0700] {processor.py:829} INFO - Processing file /Users/sheshmani/Desktop/SESCO/env/lib/python3.9/site-packages/airflow/example_dags/example_time_delta_sensor_async.py for tasks to queue
[2023-10-01T09:06:28.437-0700] {logging_mixin.py:151} INFO - [2023-10-01T09:06:28.437-0700] {dagbag.py:539} INFO - Filling up the DagBag from /Users/sheshmani/Desktop/SESCO/env/lib/python3.9/site-packages/airflow/example_dags/example_time_delta_sensor_async.py
[2023-10-01T09:06:28.447-0700] {processor.py:839} INFO - DAG(s) dict_keys(['example_time_delta_sensor_async']) retrieved from /Users/sheshmani/Desktop/SESCO/env/lib/python3.9/site-packages/airflow/example_dags/example_time_delta_sensor_async.py
[2023-10-01T09:06:28.518-0700] {logging_mixin.py:151} INFO - [2023-10-01T09:06:28.518-0700] {dag.py:2915} INFO - Sync 1 DAGs
[2023-10-01T09:06:28.521-0700] {logging_mixin.py:151} INFO - [2023-10-01T09:06:28.521-0700] {dag.py:3696} INFO - Setting next_dagrun for example_time_delta_sensor_async to None, run_after=None
[2023-10-01T09:06:28.528-0700] {processor.py:179} INFO - Processing /Users/sheshmani/Desktop/SESCO/env/lib/python3.9/site-packages/airflow/example_dags/example_time_delta_sensor_async.py took 0.095 seconds
[2023-10-01T09:07:51.652-0700] {processor.py:157} INFO - Started process (PID=19912) to work on /Users/sheshmani/Desktop/SESCO/env/lib/python3.9/site-packages/airflow/example_dags/example_time_delta_sensor_async.py
[2023-10-01T09:07:51.655-0700] {processor.py:829} INFO - Processing file /Users/sheshmani/Desktop/SESCO/env/lib/python3.9/site-packages/airflow/example_dags/example_time_delta_sensor_async.py for tasks to queue
[2023-10-01T09:07:51.655-0700] {logging_mixin.py:151} INFO - [2023-10-01T09:07:51.655-0700] {dagbag.py:539} INFO - Filling up the DagBag from /Users/sheshmani/Desktop/SESCO/env/lib/python3.9/site-packages/airflow/example_dags/example_time_delta_sensor_async.py
[2023-10-01T09:07:51.665-0700] {processor.py:839} INFO - DAG(s) dict_keys(['example_time_delta_sensor_async']) retrieved from /Users/sheshmani/Desktop/SESCO/env/lib/python3.9/site-packages/airflow/example_dags/example_time_delta_sensor_async.py
[2023-10-01T09:07:51.740-0700] {logging_mixin.py:151} INFO - [2023-10-01T09:07:51.740-0700] {dag.py:2915} INFO - Sync 1 DAGs
[2023-10-01T09:07:51.744-0700] {logging_mixin.py:151} INFO - [2023-10-01T09:07:51.744-0700] {dag.py:3696} INFO - Setting next_dagrun for example_time_delta_sensor_async to None, run_after=None
[2023-10-01T09:07:51.751-0700] {processor.py:179} INFO - Processing /Users/sheshmani/Desktop/SESCO/env/lib/python3.9/site-packages/airflow/example_dags/example_time_delta_sensor_async.py took 0.100 seconds
[2023-10-01T09:09:06.904-0700] {processor.py:157} INFO - Started process (PID=20000) to work on /Users/sheshmani/Desktop/SESCO/env/lib/python3.9/site-packages/airflow/example_dags/example_time_delta_sensor_async.py
[2023-10-01T09:09:06.907-0700] {processor.py:829} INFO - Processing file /Users/sheshmani/Desktop/SESCO/env/lib/python3.9/site-packages/airflow/example_dags/example_time_delta_sensor_async.py for tasks to queue
[2023-10-01T09:09:06.907-0700] {logging_mixin.py:151} INFO - [2023-10-01T09:09:06.907-0700] {dagbag.py:539} INFO - Filling up the DagBag from /Users/sheshmani/Desktop/SESCO/env/lib/python3.9/site-packages/airflow/example_dags/example_time_delta_sensor_async.py
[2023-10-01T09:09:06.917-0700] {processor.py:839} INFO - DAG(s) dict_keys(['example_time_delta_sensor_async']) retrieved from /Users/sheshmani/Desktop/SESCO/env/lib/python3.9/site-packages/airflow/example_dags/example_time_delta_sensor_async.py
[2023-10-01T09:09:06.988-0700] {logging_mixin.py:151} INFO - [2023-10-01T09:09:06.988-0700] {dag.py:2915} INFO - Sync 1 DAGs
[2023-10-01T09:09:06.991-0700] {logging_mixin.py:151} INFO - [2023-10-01T09:09:06.991-0700] {dag.py:3696} INFO - Setting next_dagrun for example_time_delta_sensor_async to None, run_after=None
[2023-10-01T09:09:06.998-0700] {processor.py:179} INFO - Processing /Users/sheshmani/Desktop/SESCO/env/lib/python3.9/site-packages/airflow/example_dags/example_time_delta_sensor_async.py took 0.094 seconds
[2023-10-01T09:10:27.567-0700] {processor.py:157} INFO - Started process (PID=20106) to work on /Users/sheshmani/Desktop/SESCO/env/lib/python3.9/site-packages/airflow/example_dags/example_time_delta_sensor_async.py
[2023-10-01T09:10:27.570-0700] {processor.py:829} INFO - Processing file /Users/sheshmani/Desktop/SESCO/env/lib/python3.9/site-packages/airflow/example_dags/example_time_delta_sensor_async.py for tasks to queue
[2023-10-01T09:10:27.570-0700] {logging_mixin.py:151} INFO - [2023-10-01T09:10:27.570-0700] {dagbag.py:539} INFO - Filling up the DagBag from /Users/sheshmani/Desktop/SESCO/env/lib/python3.9/site-packages/airflow/example_dags/example_time_delta_sensor_async.py
[2023-10-01T09:10:27.580-0700] {processor.py:839} INFO - DAG(s) dict_keys(['example_time_delta_sensor_async']) retrieved from /Users/sheshmani/Desktop/SESCO/env/lib/python3.9/site-packages/airflow/example_dags/example_time_delta_sensor_async.py
[2023-10-01T09:10:27.650-0700] {logging_mixin.py:151} INFO - [2023-10-01T09:10:27.650-0700] {dag.py:2915} INFO - Sync 1 DAGs
[2023-10-01T09:10:27.653-0700] {logging_mixin.py:151} INFO - [2023-10-01T09:10:27.653-0700] {dag.py:3696} INFO - Setting next_dagrun for example_time_delta_sensor_async to None, run_after=None
[2023-10-01T09:10:27.660-0700] {processor.py:179} INFO - Processing /Users/sheshmani/Desktop/SESCO/env/lib/python3.9/site-packages/airflow/example_dags/example_time_delta_sensor_async.py took 0.094 seconds
