[2023-10-01T09:03:58.115-0700] {processor.py:157} INFO - Started process (PID=19482) to work on /Users/sheshmani/Desktop/SESCO/env/lib/python3.9/site-packages/airflow/example_dags/tutorial_taskflow_api_virtualenv.py
[2023-10-01T09:03:58.117-0700] {processor.py:829} INFO - Processing file /Users/sheshmani/Desktop/SESCO/env/lib/python3.9/site-packages/airflow/example_dags/tutorial_taskflow_api_virtualenv.py for tasks to queue
[2023-10-01T09:03:58.117-0700] {logging_mixin.py:151} INFO - [2023-10-01T09:03:58.117-0700] {dagbag.py:539} INFO - Filling up the DagBag from /Users/sheshmani/Desktop/SESCO/env/lib/python3.9/site-packages/airflow/example_dags/tutorial_taskflow_api_virtualenv.py
[2023-10-01T09:03:58.142-0700] {processor.py:839} INFO - DAG(s) dict_keys(['tutorial_taskflow_api_virtualenv']) retrieved from /Users/sheshmani/Desktop/SESCO/env/lib/python3.9/site-packages/airflow/example_dags/tutorial_taskflow_api_virtualenv.py
[2023-10-01T09:03:58.209-0700] {logging_mixin.py:151} INFO - [2023-10-01T09:03:58.208-0700] {dag.py:2915} INFO - Sync 1 DAGs
[2023-10-01T09:03:58.212-0700] {logging_mixin.py:151} INFO - [2023-10-01T09:03:58.212-0700] {dag.py:3696} INFO - Setting next_dagrun for tutorial_taskflow_api_virtualenv to None, run_after=None
[2023-10-01T09:03:58.218-0700] {processor.py:179} INFO - Processing /Users/sheshmani/Desktop/SESCO/env/lib/python3.9/site-packages/airflow/example_dags/tutorial_taskflow_api_virtualenv.py took 0.104 seconds
[2023-10-01T09:05:07.006-0700] {processor.py:157} INFO - Started process (PID=19650) to work on /Users/sheshmani/Desktop/SESCO/env/lib/python3.9/site-packages/airflow/example_dags/tutorial_taskflow_api_virtualenv.py
[2023-10-01T09:05:07.009-0700] {processor.py:829} INFO - Processing file /Users/sheshmani/Desktop/SESCO/env/lib/python3.9/site-packages/airflow/example_dags/tutorial_taskflow_api_virtualenv.py for tasks to queue
[2023-10-01T09:05:07.009-0700] {logging_mixin.py:151} INFO - [2023-10-01T09:05:07.009-0700] {dagbag.py:539} INFO - Filling up the DagBag from /Users/sheshmani/Desktop/SESCO/env/lib/python3.9/site-packages/airflow/example_dags/tutorial_taskflow_api_virtualenv.py
[2023-10-01T09:05:07.031-0700] {processor.py:839} INFO - DAG(s) dict_keys(['tutorial_taskflow_api_virtualenv']) retrieved from /Users/sheshmani/Desktop/SESCO/env/lib/python3.9/site-packages/airflow/example_dags/tutorial_taskflow_api_virtualenv.py
[2023-10-01T09:05:07.095-0700] {logging_mixin.py:151} INFO - [2023-10-01T09:05:07.095-0700] {dag.py:2915} INFO - Sync 1 DAGs
[2023-10-01T09:05:07.098-0700] {logging_mixin.py:151} INFO - [2023-10-01T09:05:07.098-0700] {dag.py:3696} INFO - Setting next_dagrun for tutorial_taskflow_api_virtualenv to None, run_after=None
[2023-10-01T09:05:07.105-0700] {processor.py:179} INFO - Processing /Users/sheshmani/Desktop/SESCO/env/lib/python3.9/site-packages/airflow/example_dags/tutorial_taskflow_api_virtualenv.py took 0.099 seconds
[2023-10-01T09:06:17.529-0700] {processor.py:157} INFO - Started process (PID=19778) to work on /Users/sheshmani/Desktop/SESCO/env/lib/python3.9/site-packages/airflow/example_dags/tutorial_taskflow_api_virtualenv.py
[2023-10-01T09:06:17.532-0700] {processor.py:829} INFO - Processing file /Users/sheshmani/Desktop/SESCO/env/lib/python3.9/site-packages/airflow/example_dags/tutorial_taskflow_api_virtualenv.py for tasks to queue
[2023-10-01T09:06:17.532-0700] {logging_mixin.py:151} INFO - [2023-10-01T09:06:17.532-0700] {dagbag.py:539} INFO - Filling up the DagBag from /Users/sheshmani/Desktop/SESCO/env/lib/python3.9/site-packages/airflow/example_dags/tutorial_taskflow_api_virtualenv.py
[2023-10-01T09:06:17.555-0700] {processor.py:839} INFO - DAG(s) dict_keys(['tutorial_taskflow_api_virtualenv']) retrieved from /Users/sheshmani/Desktop/SESCO/env/lib/python3.9/site-packages/airflow/example_dags/tutorial_taskflow_api_virtualenv.py
[2023-10-01T09:06:17.624-0700] {logging_mixin.py:151} INFO - [2023-10-01T09:06:17.624-0700] {dag.py:2915} INFO - Sync 1 DAGs
[2023-10-01T09:06:17.628-0700] {logging_mixin.py:151} INFO - [2023-10-01T09:06:17.628-0700] {dag.py:3696} INFO - Setting next_dagrun for tutorial_taskflow_api_virtualenv to None, run_after=None
[2023-10-01T09:06:17.635-0700] {processor.py:179} INFO - Processing /Users/sheshmani/Desktop/SESCO/env/lib/python3.9/site-packages/airflow/example_dags/tutorial_taskflow_api_virtualenv.py took 0.106 seconds
[2023-10-01T09:06:55.811-0700] {processor.py:157} INFO - Started process (PID=19831) to work on /Users/sheshmani/Desktop/SESCO/env/lib/python3.9/site-packages/airflow/example_dags/tutorial_taskflow_api_virtualenv.py
[2023-10-01T09:06:55.814-0700] {processor.py:829} INFO - Processing file /Users/sheshmani/Desktop/SESCO/env/lib/python3.9/site-packages/airflow/example_dags/tutorial_taskflow_api_virtualenv.py for tasks to queue
[2023-10-01T09:06:55.814-0700] {logging_mixin.py:151} INFO - [2023-10-01T09:06:55.814-0700] {dagbag.py:539} INFO - Filling up the DagBag from /Users/sheshmani/Desktop/SESCO/env/lib/python3.9/site-packages/airflow/example_dags/tutorial_taskflow_api_virtualenv.py
[2023-10-01T09:06:55.834-0700] {processor.py:839} INFO - DAG(s) dict_keys(['tutorial_taskflow_api_virtualenv']) retrieved from /Users/sheshmani/Desktop/SESCO/env/lib/python3.9/site-packages/airflow/example_dags/tutorial_taskflow_api_virtualenv.py
[2023-10-01T09:06:55.904-0700] {logging_mixin.py:151} INFO - [2023-10-01T09:06:55.904-0700] {dag.py:2915} INFO - Sync 1 DAGs
[2023-10-01T09:06:55.907-0700] {logging_mixin.py:151} INFO - [2023-10-01T09:06:55.907-0700] {dag.py:3696} INFO - Setting next_dagrun for tutorial_taskflow_api_virtualenv to None, run_after=None
[2023-10-01T09:06:55.914-0700] {processor.py:179} INFO - Processing /Users/sheshmani/Desktop/SESCO/env/lib/python3.9/site-packages/airflow/example_dags/tutorial_taskflow_api_virtualenv.py took 0.103 seconds
[2023-10-01T09:07:37.645-0700] {processor.py:157} INFO - Started process (PID=19896) to work on /Users/sheshmani/Desktop/SESCO/env/lib/python3.9/site-packages/airflow/example_dags/tutorial_taskflow_api_virtualenv.py
[2023-10-01T09:07:37.649-0700] {processor.py:829} INFO - Processing file /Users/sheshmani/Desktop/SESCO/env/lib/python3.9/site-packages/airflow/example_dags/tutorial_taskflow_api_virtualenv.py for tasks to queue
[2023-10-01T09:07:37.649-0700] {logging_mixin.py:151} INFO - [2023-10-01T09:07:37.649-0700] {dagbag.py:539} INFO - Filling up the DagBag from /Users/sheshmani/Desktop/SESCO/env/lib/python3.9/site-packages/airflow/example_dags/tutorial_taskflow_api_virtualenv.py
[2023-10-01T09:07:37.676-0700] {processor.py:839} INFO - DAG(s) dict_keys(['tutorial_taskflow_api_virtualenv']) retrieved from /Users/sheshmani/Desktop/SESCO/env/lib/python3.9/site-packages/airflow/example_dags/tutorial_taskflow_api_virtualenv.py
[2023-10-01T09:07:37.763-0700] {logging_mixin.py:151} INFO - [2023-10-01T09:07:37.762-0700] {dag.py:2915} INFO - Sync 1 DAGs
[2023-10-01T09:07:37.766-0700] {logging_mixin.py:151} INFO - [2023-10-01T09:07:37.766-0700] {dag.py:3696} INFO - Setting next_dagrun for tutorial_taskflow_api_virtualenv to None, run_after=None
[2023-10-01T09:07:37.773-0700] {processor.py:179} INFO - Processing /Users/sheshmani/Desktop/SESCO/env/lib/python3.9/site-packages/airflow/example_dags/tutorial_taskflow_api_virtualenv.py took 0.128 seconds
[2023-10-01T09:08:21.000-0700] {processor.py:157} INFO - Started process (PID=19940) to work on /Users/sheshmani/Desktop/SESCO/env/lib/python3.9/site-packages/airflow/example_dags/tutorial_taskflow_api_virtualenv.py
[2023-10-01T09:08:21.004-0700] {processor.py:829} INFO - Processing file /Users/sheshmani/Desktop/SESCO/env/lib/python3.9/site-packages/airflow/example_dags/tutorial_taskflow_api_virtualenv.py for tasks to queue
[2023-10-01T09:08:21.005-0700] {logging_mixin.py:151} INFO - [2023-10-01T09:08:21.005-0700] {dagbag.py:539} INFO - Filling up the DagBag from /Users/sheshmani/Desktop/SESCO/env/lib/python3.9/site-packages/airflow/example_dags/tutorial_taskflow_api_virtualenv.py
[2023-10-01T09:08:21.026-0700] {processor.py:839} INFO - DAG(s) dict_keys(['tutorial_taskflow_api_virtualenv']) retrieved from /Users/sheshmani/Desktop/SESCO/env/lib/python3.9/site-packages/airflow/example_dags/tutorial_taskflow_api_virtualenv.py
[2023-10-01T09:08:21.089-0700] {logging_mixin.py:151} INFO - [2023-10-01T09:08:21.089-0700] {dag.py:2915} INFO - Sync 1 DAGs
[2023-10-01T09:08:21.093-0700] {logging_mixin.py:151} INFO - [2023-10-01T09:08:21.093-0700] {dag.py:3696} INFO - Setting next_dagrun for tutorial_taskflow_api_virtualenv to None, run_after=None
[2023-10-01T09:08:21.100-0700] {processor.py:179} INFO - Processing /Users/sheshmani/Desktop/SESCO/env/lib/python3.9/site-packages/airflow/example_dags/tutorial_taskflow_api_virtualenv.py took 0.099 seconds
[2023-10-01T09:08:58.891-0700] {processor.py:157} INFO - Started process (PID=19984) to work on /Users/sheshmani/Desktop/SESCO/env/lib/python3.9/site-packages/airflow/example_dags/tutorial_taskflow_api_virtualenv.py
[2023-10-01T09:08:58.893-0700] {processor.py:829} INFO - Processing file /Users/sheshmani/Desktop/SESCO/env/lib/python3.9/site-packages/airflow/example_dags/tutorial_taskflow_api_virtualenv.py for tasks to queue
[2023-10-01T09:08:58.894-0700] {logging_mixin.py:151} INFO - [2023-10-01T09:08:58.894-0700] {dagbag.py:539} INFO - Filling up the DagBag from /Users/sheshmani/Desktop/SESCO/env/lib/python3.9/site-packages/airflow/example_dags/tutorial_taskflow_api_virtualenv.py
[2023-10-01T09:08:58.916-0700] {processor.py:839} INFO - DAG(s) dict_keys(['tutorial_taskflow_api_virtualenv']) retrieved from /Users/sheshmani/Desktop/SESCO/env/lib/python3.9/site-packages/airflow/example_dags/tutorial_taskflow_api_virtualenv.py
[2023-10-01T09:08:58.987-0700] {logging_mixin.py:151} INFO - [2023-10-01T09:08:58.987-0700] {dag.py:2915} INFO - Sync 1 DAGs
[2023-10-01T09:08:58.990-0700] {logging_mixin.py:151} INFO - [2023-10-01T09:08:58.990-0700] {dag.py:3696} INFO - Setting next_dagrun for tutorial_taskflow_api_virtualenv to None, run_after=None
[2023-10-01T09:08:58.997-0700] {processor.py:179} INFO - Processing /Users/sheshmani/Desktop/SESCO/env/lib/python3.9/site-packages/airflow/example_dags/tutorial_taskflow_api_virtualenv.py took 0.106 seconds
[2023-10-01T09:09:39.713-0700] {processor.py:157} INFO - Started process (PID=20046) to work on /Users/sheshmani/Desktop/SESCO/env/lib/python3.9/site-packages/airflow/example_dags/tutorial_taskflow_api_virtualenv.py
[2023-10-01T09:09:39.715-0700] {processor.py:829} INFO - Processing file /Users/sheshmani/Desktop/SESCO/env/lib/python3.9/site-packages/airflow/example_dags/tutorial_taskflow_api_virtualenv.py for tasks to queue
[2023-10-01T09:09:39.716-0700] {logging_mixin.py:151} INFO - [2023-10-01T09:09:39.715-0700] {dagbag.py:539} INFO - Filling up the DagBag from /Users/sheshmani/Desktop/SESCO/env/lib/python3.9/site-packages/airflow/example_dags/tutorial_taskflow_api_virtualenv.py
[2023-10-01T09:09:39.738-0700] {processor.py:839} INFO - DAG(s) dict_keys(['tutorial_taskflow_api_virtualenv']) retrieved from /Users/sheshmani/Desktop/SESCO/env/lib/python3.9/site-packages/airflow/example_dags/tutorial_taskflow_api_virtualenv.py
[2023-10-01T09:09:39.804-0700] {logging_mixin.py:151} INFO - [2023-10-01T09:09:39.804-0700] {dag.py:2915} INFO - Sync 1 DAGs
[2023-10-01T09:09:39.808-0700] {logging_mixin.py:151} INFO - [2023-10-01T09:09:39.807-0700] {dag.py:3696} INFO - Setting next_dagrun for tutorial_taskflow_api_virtualenv to None, run_after=None
[2023-10-01T09:09:39.814-0700] {processor.py:179} INFO - Processing /Users/sheshmani/Desktop/SESCO/env/lib/python3.9/site-packages/airflow/example_dags/tutorial_taskflow_api_virtualenv.py took 0.102 seconds
[2023-10-01T09:10:19.521-0700] {processor.py:157} INFO - Started process (PID=20099) to work on /Users/sheshmani/Desktop/SESCO/env/lib/python3.9/site-packages/airflow/example_dags/tutorial_taskflow_api_virtualenv.py
[2023-10-01T09:10:19.524-0700] {processor.py:829} INFO - Processing file /Users/sheshmani/Desktop/SESCO/env/lib/python3.9/site-packages/airflow/example_dags/tutorial_taskflow_api_virtualenv.py for tasks to queue
[2023-10-01T09:10:19.524-0700] {logging_mixin.py:151} INFO - [2023-10-01T09:10:19.524-0700] {dagbag.py:539} INFO - Filling up the DagBag from /Users/sheshmani/Desktop/SESCO/env/lib/python3.9/site-packages/airflow/example_dags/tutorial_taskflow_api_virtualenv.py
[2023-10-01T09:10:19.546-0700] {processor.py:839} INFO - DAG(s) dict_keys(['tutorial_taskflow_api_virtualenv']) retrieved from /Users/sheshmani/Desktop/SESCO/env/lib/python3.9/site-packages/airflow/example_dags/tutorial_taskflow_api_virtualenv.py
[2023-10-01T09:10:19.612-0700] {logging_mixin.py:151} INFO - [2023-10-01T09:10:19.612-0700] {dag.py:2915} INFO - Sync 1 DAGs
[2023-10-01T09:10:19.615-0700] {logging_mixin.py:151} INFO - [2023-10-01T09:10:19.615-0700] {dag.py:3696} INFO - Setting next_dagrun for tutorial_taskflow_api_virtualenv to None, run_after=None
[2023-10-01T09:10:19.622-0700] {processor.py:179} INFO - Processing /Users/sheshmani/Desktop/SESCO/env/lib/python3.9/site-packages/airflow/example_dags/tutorial_taskflow_api_virtualenv.py took 0.101 seconds
